#
# There is insufficient memory for the Java Runtime Environment to continue.
# Native memory allocation (malloc) failed to allocate 1786080 bytes for Chunk::new
# Possible reasons:
#   The system is out of physical RAM or swap space
#   The process is running with CompressedOops enabled, and the Java Heap may be blocking the growth of the native heap
# Possible solutions:
#   Reduce memory load on the system
#   Increase physical memory or swap space
#   Check if swap backing store is full
#   Decrease Java heap size (-Xmx/-Xms)
#   Decrease number of Java threads
#   Decrease Java thread stack sizes (-Xss)
#   Set larger code cache with -XX:ReservedCodeCacheSize=
#   JVM is running with Unscaled Compressed Oops mode in which the Java heap is
#     placed in the first 4GB address space. The Java Heap base address is the
#     maximum limit for the native heap growth. Please use -XX:HeapBaseMinAddress
#     to set the Java Heap base and to place the Java Heap above 4GB virtual address.
# This output file may be truncated or incomplete.
#
#  Out of Memory Error (allocation.cpp:389), pid=8868, tid=0x00000000000086ec
#
# JRE version: OpenJDK Runtime Environment (8.0_242-b01) (build 1.8.0_242-release-1644-b01)
# Java VM: OpenJDK 64-Bit Server VM (25.242-b01 mixed mode windows-amd64 compressed oops)
# Failed to write core dump. Minidumps are not enabled by default on client versions of Windows
#

---------------  T H R E A D  ---------------

Current thread (0x0000000019777000):  JavaThread "C2 CompilerThread0" daemon [_thread_in_native, id=34540, stack(0x000000001a060000,0x000000001a160000)]

Stack: [0x000000001a060000,0x000000001a160000]
[error occurred during error reporting (printing stack bounds), id 0xc0000005]

Native frames: (J=compiled Java code, j=interpreted, Vv=VM code, C=native code)


Current CompileTask:
C2:   3657 1518   !   4       java.net.URLClassLoader$1::run (63 bytes)


---------------  P R O C E S S  ---------------

Java Threads: ( => current thread )
  0x000000001c712000 JavaThread "Cache worker for file hash cache (C:\Users\Asus\Documents\GitHub\mov-silva-andrea\CRUApp\.gradle\6.1.1\fileHashes)" [_thread_blocked, id=32104, stack(0x0000000020ce0000,0x0000000020de0000)]
  0x000000001c70d000 JavaThread "Cache worker for checksums cache (C:\Users\Asus\Documents\GitHub\mov-silva-andrea\CRUApp\.gradle\checksums)" [_thread_blocked, id=20812, stack(0x0000000020be0000,0x0000000020ce0000)]
  0x000000001c70e800 JavaThread "Cache worker for file hash cache (C:\Users\Asus\.gradle\caches\6.1.1\fileHashes)" [_thread_blocked, id=11672, stack(0x000000001e5b0000,0x000000001e6b0000)]
  0x000000001c70c000 JavaThread "File lock request listener" [_thread_in_native, id=29808, stack(0x000000001e4b0000,0x000000001e5b0000)]
  0x000000001c4cf000 JavaThread "Cache worker for journal cache (C:\Users\Asus\.gradle\caches\journal-1)" [_thread_blocked, id=25496, stack(0x000000001e3b0000,0x000000001e4b0000)]
  0x000000001a71c800 JavaThread "Thread-9" [_thread_blocked, id=15488, stack(0x000000001e0b0000,0x000000001e1b0000)]
  0x000000001c2d5800 JavaThread "Stdin handler" [_thread_blocked, id=6192, stack(0x000000001dfb0000,0x000000001e0b0000)]
  0x000000001c2dc000 JavaThread "Asynchronous log dispatcher for DefaultDaemonConnection: socket connection from /127.0.0.1:1086 to /127.0.0.1:1087" [_thread_blocked, id=27216, stack(0x000000001ddb0000,0x000000001deb0000)]
  0x000000001c2d6800 JavaThread "Daemon worker" [_thread_in_native, id=22896, stack(0x000000001dcb0000,0x000000001ddb0000)]
  0x000000001c36b000 JavaThread "Cancel handler" [_thread_blocked, id=27604, stack(0x000000001dbb0000,0x000000001dcb0000)]
  0x000000001a9e4800 JavaThread "Handler for socket connection from /127.0.0.1:1086 to /127.0.0.1:1087" [_thread_in_native, id=8020, stack(0x000000001d8b0000,0x000000001d9b0000)]
  0x000000001a9e6000 JavaThread "Daemon" [_thread_blocked, id=33284, stack(0x000000001d7b0000,0x000000001d8b0000)]
  0x000000001a725000 JavaThread "Daemon periodic checks" [_thread_blocked, id=24792, stack(0x000000001d6b0000,0x000000001d7b0000)]
  0x000000001a868800 JavaThread "Incoming local TCP Connector on port 1086" [_thread_in_native, id=7908, stack(0x000000001d440000,0x000000001d540000)]
  0x000000001c33d000 JavaThread "Daemon health stats" [_thread_blocked, id=18728, stack(0x000000001ce00000,0x000000001cf00000)]
  0x0000000019814800 JavaThread "Service Thread" daemon [_thread_blocked, id=32944, stack(0x000000001a460000,0x000000001a560000)]
  0x000000001978b800 JavaThread "C1 CompilerThread3" daemon [_thread_blocked, id=9092, stack(0x000000001a360000,0x000000001a460000)]
  0x0000000019785800 JavaThread "C2 CompilerThread2" daemon [_thread_in_native, id=11420, stack(0x000000001a260000,0x000000001a360000)]
  0x000000001977a800 JavaThread "C2 CompilerThread1" daemon [_thread_in_native, id=14964, stack(0x000000001a160000,0x000000001a260000)]
=>0x0000000019777000 JavaThread "C2 CompilerThread0" daemon [_thread_in_native, id=34540, stack(0x000000001a060000,0x000000001a160000)]
  0x0000000019771000 JavaThread "Attach Listener" daemon [_thread_blocked, id=10252, stack(0x0000000019f60000,0x000000001a060000)]
  0x0000000019770000 JavaThread "Signal Dispatcher" daemon [_thread_blocked, id=4628, stack(0x0000000019e60000,0x0000000019f60000)]
  0x0000000019761000 JavaThread "Finalizer" daemon [_thread_blocked, id=19188, stack(0x0000000019c40000,0x0000000019d40000)]
  0x00000000028f7800 JavaThread "Reference Handler" daemon [_thread_blocked, id=12428, stack(0x0000000019b40000,0x0000000019c40000)]
  0x0000000002802800 JavaThread "main" [_thread_blocked, id=32188, stack(0x0000000002630000,0x0000000002730000)]

Other Threads:
  0x0000000017967800 VMThread [stack: 0x0000000019640000,0x0000000019740000] [id=19204]
  0x0000000019815800 WatcherThread [stack: 0x000000001a560000,0x000000001a660000] [id=31972]

VM state:not at safepoint (normal execution)

VM Mutex/Monitor currently owned by a thread: None

heap address: 0x0000000080000000, size: 2048 MB, Compressed Oops mode: 32-bit
Narrow klass base: 0x0000000000000000, Narrow klass shift: 3
Compressed class space size: 1073741824 Address: 0x0000000100000000

Heap:
 PSYoungGen      total 50176K, used 15389K [0x00000000d5580000, 0x00000000d8d80000, 0x0000000100000000)
  eden space 43008K, 19% used [0x00000000d5580000,0x00000000d5d8a770,0x00000000d7f80000)
  from space 7168K, 99% used [0x00000000d8680000,0x00000000d8d7cf70,0x00000000d8d80000)
  to   space 7168K, 0% used [0x00000000d7f80000,0x00000000d7f80000,0x00000000d8680000)
 ParOldGen       total 114688K, used 3682K [0x0000000080000000, 0x0000000087000000, 0x00000000d5580000)
  object space 114688K, 3% used [0x0000000080000000,0x0000000080398bb0,0x0000000087000000)
 Metaspace       used 19243K, capacity 19854K, committed 20096K, reserved 1067008K
  class space    used 2670K, capacity 2873K, committed 2944K, reserved 1048576K

Card table byte_map: [0x0000000011cc0000,0x00000000120d0000] byte_map_base: 0x00000000118c0000

Marking Bits: (ParMarkBitMap*) 0x000000007250f030
 Begin Bits: [0x0000000012b80000, 0x0000000014b80000)
 End Bits:   [0x0000000014b80000, 0x0000000016b80000)

Polling page: 0x00000000008d0000

CodeCache: size=245760Kb used=5965Kb max_used=5965Kb free=239794Kb
 bounds [0x0000000002900000, 0x0000000002ee0000, 0x0000000011900000]
 total_blobs=2137 nmethods=1722 adapters=328
 compilation: enabled

Compilation events (10 events):
Event: 3.640 Thread 0x000000001978b800 1723       3       java.io.ByteArrayOutputStream::<init> (43 bytes)
Event: 3.641 Thread 0x000000001978b800 nmethod 1723 0x0000000002ed5850 code [0x0000000002ed5a40, 0x0000000002ed63b8]
Event: 3.641 Thread 0x000000001978b800 1724       3       java.io.ByteArrayOutputStream::<init> (7 bytes)
Event: 3.641 Thread 0x000000001978b800 nmethod 1724 0x0000000002ed0110 code [0x0000000002ed0280, 0x0000000002ed0408]
Event: 3.643 Thread 0x000000001978b800 1725       3       sun.reflect.ConstructorAccessorImpl::<init> (5 bytes)
Event: 3.643 Thread 0x000000001978b800 nmethod 1725 0x0000000002ecfc50 code [0x0000000002ecfdc0, 0x0000000002ecffd0]
Event: 3.644 Thread 0x000000001978b800 1726       3       java.util.HashMap$HashIterator::<init> (79 bytes)
Event: 3.645 Thread 0x000000001978b800 nmethod 1726 0x0000000002ed2250 code [0x0000000002ed23c0, 0x0000000002ed2750]
Event: 3.645 Thread 0x000000001978b800 1727       1       java.lang.invoke.InnerClassLambdaMetafactory::access$300 (5 bytes)
Event: 3.646 Thread 0x000000001978b800 nmethod 1727 0x0000000002ed67d0 code [0x0000000002ed6920, 0x0000000002ed6a10]

GC Heap History (8 events):
Event: 1.065 GC heap before
{Heap before GC invocations=1 (full 0):
 PSYoungGen      total 50176K, used 43008K [0x00000000d5580000, 0x00000000d8d80000, 0x0000000100000000)
  eden space 43008K, 100% used [0x00000000d5580000,0x00000000d7f80000,0x00000000d7f80000)
  from space 7168K, 0% used [0x00000000d8680000,0x00000000d8680000,0x00000000d8d80000)
  to   space 7168K, 0% used [0x00000000d7f80000,0x00000000d7f80000,0x00000000d8680000)
 ParOldGen       total 114688K, used 0K [0x0000000080000000, 0x0000000087000000, 0x00000000d5580000)
  object space 114688K, 0% used [0x0000000080000000,0x0000000080000000,0x0000000087000000)
 Metaspace       used 7546K, capacity 7836K, committed 8064K, reserved 1056768K
  class space    used 924K, capacity 1036K, committed 1152K, reserved 1048576K
Event: 1.071 GC heap after
Heap after GC invocations=1 (full 0):
 PSYoungGen      total 50176K, used 4698K [0x00000000d5580000, 0x00000000d8d80000, 0x0000000100000000)
  eden space 43008K, 0% used [0x00000000d5580000,0x00000000d5580000,0x00000000d7f80000)
  from space 7168K, 65% used [0x00000000d7f80000,0x00000000d84169c8,0x00000000d8680000)
  to   space 7168K, 0% used [0x00000000d8680000,0x00000000d8680000,0x00000000d8d80000)
 ParOldGen       total 114688K, used 16K [0x0000000080000000, 0x0000000087000000, 0x00000000d5580000)
  object space 114688K, 0% used [0x0000000080000000,0x0000000080004000,0x0000000087000000)
 Metaspace       used 7546K, capacity 7836K, committed 8064K, reserved 1056768K
  class space    used 924K, capacity 1036K, committed 1152K, reserved 1048576K
}
Event: 1.635 GC heap before
{Heap before GC invocations=2 (full 0):
 PSYoungGen      total 50176K, used 47706K [0x00000000d5580000, 0x00000000d8d80000, 0x0000000100000000)
  eden space 43008K, 100% used [0x00000000d5580000,0x00000000d7f80000,0x00000000d7f80000)
  from space 7168K, 65% used [0x00000000d7f80000,0x00000000d84169c8,0x00000000d8680000)
  to   space 7168K, 0% used [0x00000000d8680000,0x00000000d8680000,0x00000000d8d80000)
 ParOldGen       total 114688K, used 16K [0x0000000080000000, 0x0000000087000000, 0x00000000d5580000)
  object space 114688K, 0% used [0x0000000080000000,0x0000000080004000,0x0000000087000000)
 Metaspace       used 9389K, capacity 9684K, committed 9856K, reserved 1058816K
  class space    used 1223K, capacity 1314K, committed 1408K, reserved 1048576K
Event: 1.640 GC heap after
Heap after GC invocations=2 (full 0):
 PSYoungGen      total 50176K, used 5073K [0x00000000d5580000, 0x00000000d8d80000, 0x0000000100000000)
  eden space 43008K, 0% used [0x00000000d5580000,0x00000000d5580000,0x00000000d7f80000)
  from space 7168K, 70% used [0x00000000d8680000,0x00000000d8b74588,0x00000000d8d80000)
  to   space 7168K, 0% used [0x00000000d7f80000,0x00000000d7f80000,0x00000000d8680000)
 ParOldGen       total 114688K, used 24K [0x0000000080000000, 0x0000000087000000, 0x00000000d5580000)
  object space 114688K, 0% used [0x0000000080000000,0x0000000080006000,0x0000000087000000)
 Metaspace       used 9389K, capacity 9684K, committed 9856K, reserved 1058816K
  class space    used 1223K, capacity 1314K, committed 1408K, reserved 1048576K
}
Event: 2.904 GC heap before
{Heap before GC invocations=3 (full 0):
 PSYoungGen      total 50176K, used 48081K [0x00000000d5580000, 0x00000000d8d80000, 0x0000000100000000)
  eden space 43008K, 100% used [0x00000000d5580000,0x00000000d7f80000,0x00000000d7f80000)
  from space 7168K, 70% used [0x00000000d8680000,0x00000000d8b74588,0x00000000d8d80000)
  to   space 7168K, 0% used [0x00000000d7f80000,0x00000000d7f80000,0x00000000d8680000)
 ParOldGen       total 114688K, used 24K [0x0000000080000000, 0x0000000087000000, 0x00000000d5580000)
  object space 114688K, 0% used [0x0000000080000000,0x0000000080006000,0x0000000087000000)
 Metaspace       used 14874K, capacity 15416K, committed 15744K, reserved 1062912K
  class space    used 1966K, capacity 2126K, committed 2176K, reserved 1048576K
Event: 2.914 GC heap after
Heap after GC invocations=3 (full 0):
 PSYoungGen      total 50176K, used 7154K [0x00000000d5580000, 0x00000000d8d80000, 0x0000000100000000)
  eden space 43008K, 0% used [0x00000000d5580000,0x00000000d5580000,0x00000000d7f80000)
  from space 7168K, 99% used [0x00000000d7f80000,0x00000000d867c848,0x00000000d8680000)
  to   space 7168K, 0% used [0x00000000d8680000,0x00000000d8680000,0x00000000d8d80000)
 ParOldGen       total 114688K, used 1139K [0x0000000080000000, 0x0000000087000000, 0x00000000d5580000)
  object space 114688K, 0% used [0x0000000080000000,0x000000008011cf38,0x0000000087000000)
 Metaspace       used 14874K, capacity 15416K, committed 15744K, reserved 1062912K
  class space    used 1966K, capacity 2126K, committed 2176K, reserved 1048576K
}
Event: 3.538 GC heap before
{Heap before GC invocations=4 (full 0):
 PSYoungGen      total 50176K, used 50162K [0x00000000d5580000, 0x00000000d8d80000, 0x0000000100000000)
  eden space 43008K, 100% used [0x00000000d5580000,0x00000000d7f80000,0x00000000d7f80000)
  from space 7168K, 99% used [0x00000000d7f80000,0x00000000d867c848,0x00000000d8680000)
  to   space 7168K, 0% used [0x00000000d8680000,0x00000000d8680000,0x00000000d8d80000)
 ParOldGen       total 114688K, used 1139K [0x0000000080000000, 0x0000000087000000, 0x00000000d5580000)
  object space 114688K, 0% used [0x0000000080000000,0x000000008011cf38,0x0000000087000000)
 Metaspace       used 18636K, capacity 19282K, committed 19456K, reserved 1067008K
  class space    used 2561K, capacity 2771K, committed 2816K, reserved 1048576K
Event: 3.550 GC heap after
Heap after GC invocations=4 (full 0):
 PSYoungGen      total 50176K, used 7155K [0x00000000d5580000, 0x00000000d8d80000, 0x0000000100000000)
  eden space 43008K, 0% used [0x00000000d5580000,0x00000000d5580000,0x00000000d7f80000)
  from space 7168K, 99% used [0x00000000d8680000,0x00000000d8d7cf70,0x00000000d8d80000)
  to   space 7168K, 0% used [0x00000000d7f80000,0x00000000d7f80000,0x00000000d8680000)
 ParOldGen       total 114688K, used 3682K [0x0000000080000000, 0x0000000087000000, 0x00000000d5580000)
  object space 114688K, 3% used [0x0000000080000000,0x0000000080398bb0,0x0000000087000000)
 Metaspace       used 18636K, capacity 19282K, committed 19456K, reserved 1067008K
  class space    used 2561K, capacity 2771K, committed 2816K, reserved 1048576K
}

Deoptimization events (10 events):
Event: 2.564 Thread 0x000000001c2d6800 Uncommon trap: reason=bimorphic action=maybe_recompile pc=0x0000000002bb8524 method=java.util.HashMap.putVal(ILjava/lang/Object;Ljava/lang/Object;ZZ)Ljava/lang/Object; @ 253
Event: 2.564 Thread 0x000000001c2d6800 Uncommon trap: reason=bimorphic action=maybe_recompile pc=0x0000000002bb8524 method=java.util.HashMap.putVal(ILjava/lang/Object;Ljava/lang/Object;ZZ)Ljava/lang/Object; @ 253
Event: 2.564 Thread 0x000000001c2d6800 Uncommon trap: reason=bimorphic action=maybe_recompile pc=0x0000000002bb8524 method=java.util.HashMap.putVal(ILjava/lang/Object;Ljava/lang/Object;ZZ)Ljava/lang/Object; @ 253
Event: 2.806 Thread 0x000000001c2d6800 Uncommon trap: reason=class_check action=maybe_recompile pc=0x0000000002c3ba58 method=java.util.regex.Matcher.match(II)Z @ 86
Event: 2.806 Thread 0x000000001c2d6800 Uncommon trap: reason=class_check action=maybe_recompile pc=0x0000000002c3ba58 method=java.util.regex.Matcher.match(II)Z @ 86
Event: 2.807 Thread 0x000000001c2d6800 Uncommon trap: reason=class_check action=maybe_recompile pc=0x0000000002c3ba58 method=java.util.regex.Matcher.match(II)Z @ 86
Event: 2.807 Thread 0x000000001c2d6800 Uncommon trap: reason=class_check action=maybe_recompile pc=0x0000000002abb01c method=java.util.regex.Matcher.match(II)Z @ 86
Event: 3.106 Thread 0x000000001c2d6800 Uncommon trap: reason=unstable_if action=reinterpret pc=0x0000000002c2c79c method=java.io.File.getName()Ljava/lang/String; @ 16
Event: 3.588 Thread 0x000000001c2d6800 Uncommon trap: reason=unstable_if action=reinterpret pc=0x0000000002accd88 method=java.net.URI.match(CJJ)Z @ 19
Event: 3.589 Thread 0x000000001c2d6800 Uncommon trap: reason=unstable_if action=reinterpret pc=0x0000000002b9b780 method=java.net.URI.match(CJJ)Z @ 19

Classes redefined (0 events):
No events

Internal exceptions (10 events):
Event: 2.512 Thread 0x000000001a9e4800 Exception <a 'java/lang/NoSuchMethodError': <clinit>> (0x00000000d602b758) thrown at [C:\src\AOSP-openjdk-git\hotspot\src\share\vm\prims\jni.cpp, line 1615]
Event: 2.514 Thread 0x000000001a9e4800 Exception <a 'java/lang/NoSuchMethodError': <clinit>> (0x00000000d6043358) thrown at [C:\src\AOSP-openjdk-git\hotspot\src\share\vm\prims\jni.cpp, line 1615]
Event: 2.514 Thread 0x000000001a9e4800 Exception <a 'java/lang/NoSuchMethodError': <clinit>> (0x00000000d604bef8) thrown at [C:\src\AOSP-openjdk-git\hotspot\src\share\vm\prims\jni.cpp, line 1615]
Event: 2.516 Thread 0x000000001a9e4800 Exception <a 'java/lang/NoSuchMethodError': <clinit>> (0x00000000d6062270) thrown at [C:\src\AOSP-openjdk-git\hotspot\src\share\vm\prims\jni.cpp, line 1615]
Event: 2.524 Thread 0x000000001a9e4800 Exception <a 'java/lang/NoSuchMethodError': <clinit>> (0x00000000d60c8c20) thrown at [C:\src\AOSP-openjdk-git\hotspot\src\share\vm\prims\jni.cpp, line 1615]
Event: 2.526 Thread 0x000000001a9e4800 Exception <a 'java/lang/NoSuchMethodError': <clinit>> (0x00000000d60f5370) thrown at [C:\src\AOSP-openjdk-git\hotspot\src\share\vm\prims\jni.cpp, line 1615]
Event: 2.529 Thread 0x000000001a9e4800 Exception <a 'java/lang/NoSuchMethodError': <clinit>> (0x00000000d6111e50) thrown at [C:\src\AOSP-openjdk-git\hotspot\src\share\vm\prims\jni.cpp, line 1615]
Event: 3.155 Thread 0x000000001c2d6800 Exception <a 'java/lang/NoSuchMethodError': java.lang.Object.lambda$and$0(Ljava/util/function/Predicate;Ljava/lang/Object;)Z> (0x00000000d6a2acb0) thrown at [C:\src\AOSP-openjdk-git\hotspot\src\share\vm\interpreter\linkResolver.cpp, line 620]
Event: 3.160 Thread 0x000000001c2d6800 Exception <a 'java/lang/IncompatibleClassChangeError': Found class java.lang.Object, but interface was expected> (0x00000000d6a3b4a0) thrown at [C:\src\AOSP-openjdk-git\hotspot\src\share\vm\interpreter\linkResolver.cpp, line 653]
Event: 3.162 Thread 0x000000001c2d6800 Exception <a 'java/lang/NoSuchMethodError': java.lang.Object.lambda$or$2(Ljava/util/function/Predicate;Ljava/lang/Object;)Z> (0x00000000d6a403c0) thrown at [C:\src\AOSP-openjdk-git\hotspot\src\share\vm\interpreter\linkResolver.cpp, line 620]

Events (10 events):
Event: 3.654 loading class kotlin/reflect/KProperty2
Event: 3.654 loading class kotlin/reflect/KProperty2 done
Event: 3.654 loading class kotlin/reflect/KMutableProperty0
Event: 3.654 loading class kotlin/reflect/KMutableProperty0 done
Event: 3.655 loading class kotlin/reflect/KProperty0
Event: 3.655 loading class kotlin/reflect/KProperty0 done
Event: 3.655 loading class kotlin/jvm/functions/Function0
Event: 3.655 loading class kotlin/jvm/functions/Function0 done
Event: 3.655 loading class kotlin/reflect/KMutableProperty2
Event: 3.655 loading class kotlin/reflect/KMutableProperty2 done


Dynamic libraries:
0x00007ff714350000 - 0x00007ff714381000 	C:\Program Files\Android\Android Studio\jre\bin\java.exe
0x00007ff943e80000 - 0x00007ff944070000 	C:\WINDOWS\SYSTEM32\ntdll.dll
0x00007ff942a30000 - 0x00007ff942ae2000 	C:\WINDOWS\System32\KERNEL32.DLL
0x00007ff940fb0000 - 0x00007ff941255000 	C:\WINDOWS\System32\KERNELBASE.dll
0x00007ff9420b0000 - 0x00007ff942153000 	C:\WINDOWS\System32\ADVAPI32.dll
0x00007ff942db0000 - 0x00007ff942e4e000 	C:\WINDOWS\System32\msvcrt.dll
0x00007ff9432f0000 - 0x00007ff943387000 	C:\WINDOWS\System32\sechost.dll
0x00007ff941f30000 - 0x00007ff942050000 	C:\WINDOWS\System32\RPCRT4.dll
0x00007ff943880000 - 0x00007ff943a15000 	C:\WINDOWS\System32\USER32.dll
0x00007ff941a80000 - 0x00007ff941aa1000 	C:\WINDOWS\System32\win32u.dll
0x00007ff9432c0000 - 0x00007ff9432e6000 	C:\WINDOWS\System32\GDI32.dll
0x00007ff940e10000 - 0x00007ff940fa6000 	C:\WINDOWS\System32\gdi32full.dll
0x00007ff941260000 - 0x00007ff9412fe000 	C:\WINDOWS\System32\msvcp_win.dll
0x00007ff941b00000 - 0x00007ff941bfa000 	C:\WINDOWS\System32\ucrtbase.dll
0x00007ff934500000 - 0x00007ff934784000 	C:\WINDOWS\WinSxS\amd64_microsoft.windows.common-controls_6595b64144ccf1df_6.0.18362.1082_none_9e8193e1e45b25c1\COMCTL32.dll
0x00007ff943540000 - 0x00007ff943875000 	C:\WINDOWS\System32\combase.dll
0x00007ff941e00000 - 0x00007ff941e80000 	C:\WINDOWS\System32\bcryptPrimitives.dll
0x00007ff943aa0000 - 0x00007ff943ace000 	C:\WINDOWS\System32\IMM32.DLL
0x00000000728f0000 - 0x00000000729c2000 	C:\Program Files\Android\Android Studio\jre\jre\bin\msvcr100.dll
0x0000000071d40000 - 0x000000007258b000 	C:\Program Files\Android\Android Studio\jre\jre\bin\server\jvm.dll
0x00007ff943e30000 - 0x00007ff943e38000 	C:\WINDOWS\System32\PSAPI.DLL
0x00007ff93a650000 - 0x00007ff93a659000 	C:\WINDOWS\SYSTEM32\WSOCK32.dll
0x00007ff937820000 - 0x00007ff937844000 	C:\WINDOWS\SYSTEM32\WINMM.dll
0x00007ff93c310000 - 0x00007ff93c31a000 	C:\WINDOWS\SYSTEM32\VERSION.dll
0x00007ff942be0000 - 0x00007ff942c4f000 	C:\WINDOWS\System32\WS2_32.dll
0x00007ff9377f0000 - 0x00007ff93781d000 	C:\WINDOWS\SYSTEM32\winmmbase.dll
0x00007ff941ab0000 - 0x00007ff941afa000 	C:\WINDOWS\System32\cfgmgr32.dll
0x00007ff9384a0000 - 0x00007ff9384af000 	C:\Program Files\Android\Android Studio\jre\jre\bin\verify.dll
0x00007ff91d6c0000 - 0x00007ff91d6e9000 	C:\Program Files\Android\Android Studio\jre\jre\bin\java.dll
0x00007ff92ca80000 - 0x00007ff92ca96000 	C:\Program Files\Android\Android Studio\jre\jre\bin\zip.dll
0x00007ff9421c0000 - 0x00007ff9428a7000 	C:\WINDOWS\System32\SHELL32.dll
0x00007ff942980000 - 0x00007ff942a29000 	C:\WINDOWS\System32\shcore.dll
0x00007ff941300000 - 0x00007ff941a80000 	C:\WINDOWS\System32\windows.storage.dll
0x00007ff940d50000 - 0x00007ff940d73000 	C:\WINDOWS\System32\profapi.dll
0x00007ff940dc0000 - 0x00007ff940e0a000 	C:\WINDOWS\System32\powrprof.dll
0x00007ff940d40000 - 0x00007ff940d50000 	C:\WINDOWS\System32\UMPDC.dll
0x00007ff943dd0000 - 0x00007ff943e22000 	C:\WINDOWS\System32\shlwapi.dll
0x00007ff940d80000 - 0x00007ff940d91000 	C:\WINDOWS\System32\kernel.appcore.dll
0x00007ff941d50000 - 0x00007ff941d67000 	C:\WINDOWS\System32\cryptsp.dll
0x00007ff922b40000 - 0x00007ff922b5a000 	C:\Program Files\Android\Android Studio\jre\jre\bin\net.dll
0x00007ff940530000 - 0x00007ff940597000 	C:\WINDOWS\system32\mswsock.dll
0x00007ff921820000 - 0x00007ff921833000 	C:\Program Files\Android\Android Studio\jre\jre\bin\nio.dll
0x00007ff91e210000 - 0x00007ff91e236000 	C:\Users\Asus\.gradle\native\31\windows-amd64\native-platform.dll
0x00007ff9375b0000 - 0x00007ff9375bd000 	C:\Program Files\Android\Android Studio\jre\jre\bin\management.dll
0x00007ff9400a0000 - 0x00007ff9400d3000 	C:\WINDOWS\system32\rsaenh.dll
0x00007ff941dd0000 - 0x00007ff941df6000 	C:\WINDOWS\System32\bcrypt.dll
0x00007ff940c60000 - 0x00007ff940c85000 	C:\WINDOWS\SYSTEM32\USERENV.dll
0x00007ff940700000 - 0x00007ff94070c000 	C:\WINDOWS\SYSTEM32\CRYPTBASE.dll
0x00007ff940240000 - 0x00007ff94027a000 	C:\WINDOWS\SYSTEM32\IPHLPAPI.DLL
0x00007ff942bb0000 - 0x00007ff942bb8000 	C:\WINDOWS\System32\NSI.dll
0x00007ff939960000 - 0x00007ff939976000 	C:\WINDOWS\SYSTEM32\dhcpcsvc6.DLL
0x00007ff9397f0000 - 0x00007ff93980c000 	C:\WINDOWS\SYSTEM32\dhcpcsvc.DLL
0x00007ff940280000 - 0x00007ff94034b000 	C:\WINDOWS\SYSTEM32\DNSAPI.dll

VM Arguments:
jvm_args: -Xmx2048m -Dfile.encoding=windows-1252 -Duser.country=EC -Duser.language=es -Duser.variant 
java_command: org.gradle.launcher.daemon.bootstrap.GradleDaemon 6.1.1
java_class_path (initial): C:\Users\Asus\.gradle\wrapper\dists\gradle-6.1.1-all\cfmwm155h49vnt3hynmlrsdst\gradle-6.1.1\lib\gradle-launcher-6.1.1.jar
Launcher Type: SUN_STANDARD

Environment Variables:
JAVA_HOME=C:\Program Files\Java\jdk1.8.0_111
USERNAME=Asus
OS=Windows_NT
PROCESSOR_IDENTIFIER=Intel64 Family 6 Model 142 Stepping 10, GenuineIntel



---------------  S Y S T E M  ---------------

OS: Windows 10.0 , 64 bit Build 18362 (10.0.18362.1082)

CPU:total 8 (initial active 8) (4 cores per cpu, 2 threads per core) family 6 model 142 stepping 10, cmov, cx8, fxsr, mmx, sse, sse2, sse3, ssse3, sse4.1, sse4.2, popcnt, avx, avx2, aes, clmul, erms, 3dnowpref, lzcnt, ht, tsc, tscinvbit, bmi1, bmi2, adx

Memory: 4k page, physical 10906788k(517316k free), swap 44461220k(5396k free)

vm_info: OpenJDK 64-Bit Server VM (25.242-b01) for windows-amd64 JRE (1.8.0_242-release-1644-b01), built by "builder" with MS VC++ 10.0 (VS2010)

time: Sat Sep 19 00:25:01 2020
timezone: Hora est. Pacífico, Sudamérica
elapsed time: 3 seconds (0d 0h 0m 3s)

