#
# There is insufficient memory for the Java Runtime Environment to continue.
# Native memory allocation (malloc) failed to allocate 137296 bytes for Chunk::new
# Possible reasons:
#   The system is out of physical RAM or swap space
#   The process is running with CompressedOops enabled, and the Java Heap may be blocking the growth of the native heap
# Possible solutions:
#   Reduce memory load on the system
#   Increase physical memory or swap space
#   Check if swap backing store is full
#   Decrease Java heap size (-Xmx/-Xms)
#   Decrease number of Java threads
#   Decrease Java thread stack sizes (-Xss)
#   Set larger code cache with -XX:ReservedCodeCacheSize=
#   JVM is running with Unscaled Compressed Oops mode in which the Java heap is
#     placed in the first 4GB address space. The Java Heap base address is the
#     maximum limit for the native heap growth. Please use -XX:HeapBaseMinAddress
#     to set the Java Heap base and to place the Java Heap above 4GB virtual address.
# This output file may be truncated or incomplete.
#
#  Out of Memory Error (allocation.cpp:389), pid=18512, tid=0x0000000000003c10
#
# JRE version: OpenJDK Runtime Environment (8.0_242-b01) (build 1.8.0_242-release-1644-b01)
# Java VM: OpenJDK 64-Bit Server VM (25.242-b01 mixed mode windows-amd64 compressed oops)
# Failed to write core dump. Minidumps are not enabled by default on client versions of Windows
#

---------------  T H R E A D  ---------------

Current thread (0x000000001a1a6000):  JavaThread "C2 CompilerThread1" daemon [_thread_in_native, id=15376, stack(0x000000001ab90000,0x000000001ac90000)]

Stack: [0x000000001ab90000,0x000000001ac90000]
[error occurred during error reporting (printing stack bounds), id 0xc0000005]

Native frames: (J=compiled Java code, j=interpreted, Vv=VM code, C=native code)


Current CompileTask:
C2:  27271 10523       4       java.lang.invoke.MemberName::getMethodOrFieldType (72 bytes)


---------------  P R O C E S S  ---------------

Java Threads: ( => current thread )
  0x0000000023a37000 JavaThread "WorkerExecutor Queue Thread 10" [_thread_blocked, id=21780, stack(0x000000002a4b0000,0x000000002a5b0000)]
  0x0000000023a38800 JavaThread "WorkerExecutor Queue Thread 9" [_thread_in_vm, id=23416, stack(0x000000002a3b0000,0x000000002a4b0000)]
  0x00000000227ef800 JavaThread "WorkerExecutor Queue Thread 8" [_thread_blocked, id=32212, stack(0x000000002a2b0000,0x000000002a3b0000)]
  0x00000000227ee000 JavaThread "WorkerExecutor Queue Thread 7" [_thread_in_vm, id=25392, stack(0x0000000029f60000,0x000000002a060000)]
  0x00000000227ed000 JavaThread "WorkerExecutor Queue Thread 6" [_thread_blocked, id=4016, stack(0x0000000029e60000,0x0000000029f60000)]
  0x00000000227ee800 JavaThread "WorkerExecutor Queue Thread 5" [_thread_blocked, id=12228, stack(0x0000000029d60000,0x0000000029e60000)]
  0x00000000227ec800 JavaThread "WorkerExecutor Queue Thread 4" [_thread_blocked, id=27652, stack(0x0000000029a30000,0x0000000029b30000)]
  0x00000000227e2800 JavaThread "WorkerExecutor Queue Thread 3" [_thread_in_vm, id=27148, stack(0x0000000029330000,0x0000000029430000)]
  0x00000000227f0000 JavaThread "Cache worker for Java compile cache (C:\Users\Asus\Documents\GitHub\mov-silva-andrea\CRUApp\.gradle\6.1.1\javaCompile)" [_thread_blocked, id=19796, stack(0x0000000029c60000,0x0000000029d60000)]
  0x00000000227e5000 JavaThread "Cache worker for Java compile cache (C:\Users\Asus\.gradle\caches\6.1.1\javaCompile)" [_thread_blocked, id=18136, stack(0x0000000029b60000,0x0000000029c60000)]
  0x00000000227eb800 JavaThread "RMI TCP Connection(1)-127.0.0.1" daemon [_thread_in_native, id=25140, stack(0x0000000029730000,0x0000000029830000)]
  0x00000000227eb000 JavaThread "RMI Reaper" [_thread_blocked, id=19168, stack(0x0000000029630000,0x0000000029730000)]
  0x00000000227e3800 JavaThread "RMI TCP Accept-0" daemon [_thread_in_native, id=26456, stack(0x0000000029530000,0x0000000029630000)]
  0x00000000227e5800 JavaThread "GC Daemon" daemon [_thread_blocked, id=25828, stack(0x0000000029430000,0x0000000029530000)]
  0x00000000227e9800 JavaThread "RMI Scheduler(0)" daemon [_thread_blocked, id=30944, stack(0x0000000028b30000,0x0000000028c30000)]
  0x00000000227e2000 JavaThread "stdout" [_thread_in_native, id=32648, stack(0x0000000028e30000,0x0000000028f30000)]
  0x00000000227e8800 JavaThread "stderr" [_thread_in_native, id=20624, stack(0x0000000028d30000,0x0000000028e30000)]
  0x00000000227e1000 JavaThread "pool-2-thread-1" [_thread_blocked, id=12716, stack(0x0000000028c30000,0x0000000028d30000)]
  0x00000000227e6800 JavaThread "WorkerExecutor Queue" [_thread_in_vm, id=14132, stack(0x0000000028a30000,0x0000000028b30000)]
  0x00000000227e4000 JavaThread "Cache worker for execution history cache (C:\Users\Asus\Documents\GitHub\mov-silva-andrea\CRUApp\.gradle\6.1.1\executionHistory)" [_thread_blocked, id=26672, stack(0x0000000028530000,0x0000000028630000)]
  0x00000000227e8000 JavaThread "Execution worker for ':' Thread 7" [_thread_blocked, id=14004, stack(0x0000000028230000,0x0000000028330000)]
  0x000000001f9d6000 JavaThread "Execution worker for ':' Thread 6" [_thread_blocked, id=29804, stack(0x0000000028130000,0x0000000028230000)]
  0x000000001f9d5800 JavaThread "Execution worker for ':' Thread 5" [_thread_blocked, id=24328, stack(0x0000000028030000,0x0000000028130000)]
  0x000000001f9d4800 JavaThread "Execution worker for ':' Thread 4" [_thread_blocked, id=21344, stack(0x0000000027f30000,0x0000000028030000)]
  0x000000001f9d3800 JavaThread "Execution worker for ':' Thread 3" [_thread_blocked, id=26276, stack(0x0000000027e30000,0x0000000027f30000)]
  0x000000001f9cc000 JavaThread "Execution worker for ':' Thread 2" [_thread_blocked, id=32040, stack(0x0000000026b40000,0x0000000026c40000)]
  0x000000001f9d3000 JavaThread "Execution worker for ':'" [_thread_blocked, id=31944, stack(0x0000000026a40000,0x0000000026b40000)]
  0x000000001f9cb800 JavaThread "Cache worker for file content cache (C:\Users\Asus\Documents\GitHub\mov-silva-andrea\CRUApp\.gradle\6.1.1\fileContent)" [_thread_blocked, id=23296, stack(0x0000000026540000,0x0000000026640000)]
  0x000000001f9d2000 JavaThread "Cache worker for file content cache (C:\Users\Asus\.gradle\caches\6.1.1\fileContent)" [_thread_blocked, id=22700, stack(0x0000000026440000,0x0000000026540000)]
  0x000000001f9cf000 JavaThread "Memory manager" [_thread_blocked, id=19520, stack(0x0000000025b20000,0x0000000025c20000)]
  0x000000001f9ca800 JavaThread "Cache worker for Build Output Cleanup Cache (C:\Users\Asus\Documents\GitHub\mov-silva-andrea\CRUApp\.gradle\buildOutputCleanup)" [_thread_blocked, id=12872, stack(0x0000000025390000,0x0000000025490000)]
  0x000000001f9d0800 JavaThread "Build operations Thread 8" [_thread_blocked, id=28020, stack(0x0000000025090000,0x0000000025190000)]
  0x000000001f9d1800 JavaThread "Build operations Thread 7" [_thread_blocked, id=21684, stack(0x0000000024f90000,0x0000000025090000)]
  0x000000001f9ce800 JavaThread "Build operations Thread 6" [_thread_blocked, id=1980, stack(0x0000000024e90000,0x0000000024f90000)]
  0x000000001f9d0000 JavaThread "Build operations Thread 5" [_thread_blocked, id=26676, stack(0x0000000024d90000,0x0000000024e90000)]
  0x000000001f9c9000 JavaThread "Build operations Thread 4" [_thread_blocked, id=20100, stack(0x0000000024c90000,0x0000000024d90000)]
  0x000000001f9c8800 JavaThread "Build operations Thread 3" [_thread_blocked, id=21820, stack(0x0000000024b90000,0x0000000024c90000)]
  0x000000001f9cd800 JavaThread "Build operations Thread 2" [_thread_blocked, id=18872, stack(0x00000000247a0000,0x00000000248a0000)]
  0x000000001f9c7000 JavaThread "Build operations" [_thread_blocked, id=17432, stack(0x00000000246a0000,0x00000000247a0000)]
  0x000000001cd4a000 JavaThread "Cache worker for execution history cache (C:\Users\Asus\.gradle\caches\6.1.1\executionHistory)" [_thread_blocked, id=23696, stack(0x0000000022bd0000,0x0000000022cd0000)]
  0x000000001cd48800 JavaThread "Cache worker for cache directory md-rule (C:\Users\Asus\.gradle\caches\6.1.1\md-rule)" [_thread_blocked, id=22704, stack(0x0000000021820000,0x0000000021920000)]
  0x000000001cd45800 JavaThread "Cache worker for cache directory md-supplier (C:\Users\Asus\.gradle\caches\6.1.1\md-supplier)" [_thread_blocked, id=21284, stack(0x0000000021480000,0x0000000021580000)]
  0x000000001cd48000 JavaThread "Cache worker for file hash cache (C:\Users\Asus\Documents\GitHub\mov-silva-andrea\CRUApp\.gradle\6.1.1\fileHashes)" [_thread_blocked, id=29344, stack(0x0000000021720000,0x0000000021820000)]
  0x000000001cd46800 JavaThread "Cache worker for checksums cache (C:\Users\Asus\Documents\GitHub\mov-silva-andrea\CRUApp\.gradle\checksums)" [_thread_blocked, id=32428, stack(0x0000000021620000,0x0000000021720000)]
  0x000000001cd4c800 JavaThread "Cache worker for file hash cache (C:\Users\Asus\.gradle\caches\6.1.1\fileHashes)" [_thread_blocked, id=29976, stack(0x000000001efe0000,0x000000001f0e0000)]
  0x000000001cd47000 JavaThread "File lock request listener" [_thread_in_native, id=22124, stack(0x000000001eee0000,0x000000001efe0000)]
  0x000000001d069800 JavaThread "Cache worker for journal cache (C:\Users\Asus\.gradle\caches\journal-1)" [_thread_blocked, id=32896, stack(0x000000001ede0000,0x000000001eee0000)]
  0x000000001b3eb800 JavaThread "Thread-9" [_thread_blocked, id=23648, stack(0x000000001eae0000,0x000000001ebe0000)]
  0x000000001b3ea800 JavaThread "Stdin handler" [_thread_blocked, id=7436, stack(0x000000001e9e0000,0x000000001eae0000)]
  0x000000001b19b800 JavaThread "Asynchronous log dispatcher for DefaultDaemonConnection: socket connection from /127.0.0.1:1106 to /127.0.0.1:1107" [_thread_blocked, id=9228, stack(0x000000001e7e0000,0x000000001e8e0000)]
  0x000000001b19b000 JavaThread "Daemon worker" [_thread_blocked, id=31728, stack(0x000000001e6e0000,0x000000001e7e0000)]
  0x000000001b199800 JavaThread "Cancel handler" [_thread_blocked, id=27596, stack(0x000000001e5e0000,0x000000001e6e0000)]
  0x000000001cc0b800 JavaThread "Handler for socket connection from /127.0.0.1:1106 to /127.0.0.1:1107" [_thread_in_native, id=27980, stack(0x000000001e2e0000,0x000000001e3e0000)]
  0x000000001a2bc800 JavaThread "Daemon" [_thread_blocked, id=5972, stack(0x000000001e1e0000,0x000000001e2e0000)]
  0x000000001b4d1000 JavaThread "Daemon periodic checks" [_thread_blocked, id=30108, stack(0x000000001e0e0000,0x000000001e1e0000)]
  0x000000001b2a1800 JavaThread "Incoming local TCP Connector on port 1106" [_thread_in_native, id=16308, stack(0x000000001de70000,0x000000001df70000)]
  0x000000001cbe5800 JavaThread "Daemon health stats" [_thread_blocked, id=22852, stack(0x000000001d830000,0x000000001d930000)]
  0x000000001a23d000 JavaThread "Service Thread" daemon [_thread_blocked, id=23336, stack(0x000000001ae90000,0x000000001af90000)]
  0x000000001a1ad800 JavaThread "C1 CompilerThread3" daemon [_thread_in_vm, id=17496, stack(0x000000001ad90000,0x000000001ae90000)]
  0x000000001a1a9800 JavaThread "C2 CompilerThread2" daemon [_thread_in_native, id=29088, stack(0x000000001ac90000,0x000000001ad90000)]
=>0x000000001a1a6000 JavaThread "C2 CompilerThread1" daemon [_thread_in_native, id=15376, stack(0x000000001ab90000,0x000000001ac90000)]
  0x000000001a1a3000 JavaThread "C2 CompilerThread0" daemon [_thread_blocked, id=27916, stack(0x000000001aa90000,0x000000001ab90000)]
  0x000000001a1a1000 JavaThread "Attach Listener" daemon [_thread_blocked, id=31116, stack(0x000000001a990000,0x000000001aa90000)]
  0x000000001a1a0000 JavaThread "Signal Dispatcher" daemon [_thread_blocked, id=11280, stack(0x000000001a890000,0x000000001a990000)]
  0x000000001a191800 JavaThread "Finalizer" daemon [_thread_blocked, id=22400, stack(0x000000001a670000,0x000000001a770000)]
  0x000000001a190800 JavaThread "Reference Handler" daemon [_thread_blocked, id=18772, stack(0x000000001a570000,0x000000001a670000)]
  0x0000000003232800 JavaThread "main" [_thread_blocked, id=32420, stack(0x0000000003050000,0x0000000003150000)]

Other Threads:
  0x0000000018398000 VMThread [stack: 0x000000001a070000,0x000000001a170000] [id=22464]
  0x000000001a23e000 WatcherThread [stack: 0x000000001af90000,0x000000001b090000] [id=29520]

VM state:not at safepoint (normal execution)

VM Mutex/Monitor currently owned by a thread: None

heap address: 0x0000000080000000, size: 2048 MB, Compressed Oops mode: 32-bit
Narrow klass base: 0x0000000000000000, Narrow klass shift: 3
Compressed class space size: 1073741824 Address: 0x0000000100000000

Heap:
 PSYoungGen      total 278528K, used 162811K [0x00000000d5580000, 0x00000000e9c00000, 0x0000000100000000)
  eden space 254464K, 54% used [0x00000000d5580000,0x00000000ddd05508,0x00000000e4e00000)
  from space 24064K, 99% used [0x00000000e4e00000,0x00000000e6579958,0x00000000e6580000)
  to   space 28672K, 0% used [0x00000000e8000000,0x00000000e8000000,0x00000000e9c00000)
 ParOldGen       total 181760K, used 38000K [0x0000000080000000, 0x000000008b180000, 0x00000000d5580000)
  object space 181760K, 20% used [0x0000000080000000,0x000000008251c2f8,0x000000008b180000)
 Metaspace       used 80367K, capacity 84560K, committed 84760K, reserved 1122304K
  class space    used 10993K, capacity 11763K, committed 11816K, reserved 1048576K

Card table byte_map: [0x00000000126f0000,0x0000000012b00000] byte_map_base: 0x00000000122f0000

Marking Bits: (ParMarkBitMap*) 0x0000000068f6f030
 Begin Bits: [0x00000000135b0000, 0x00000000155b0000)
 End Bits:   [0x00000000155b0000, 0x00000000175b0000)

Polling page: 0x0000000001310000

CodeCache: size=245760Kb used=29181Kb max_used=29181Kb free=216578Kb
 bounds [0x0000000003330000, 0x0000000004fd0000, 0x0000000012330000]
 total_blobs=10019 nmethods=9145 adapters=787
 compilation: enabled

Compilation events (10 events):
Event: 27.267 Thread 0x000000001a1ad800 nmethod 10524 0x0000000004fcb7d0 code [0x0000000004fcb940, 0x0000000004fcbb38]
Event: 27.267 Thread 0x000000001a1ad800 10525       3       java.util.function.Function$$Lambda$461/860756006::apply (5 bytes)
Event: 27.268 Thread 0x000000001a1ad800 nmethod 10525 0x0000000004fcb410 code [0x0000000004fcb560, 0x0000000004fcb710]
Event: 27.268 Thread 0x000000001a1ad800 10526       3       java.util.function.Function::lambda$identity$2 (2 bytes)
Event: 27.268 Thread 0x000000001a1ad800 nmethod 10526 0x0000000004fcb110 code [0x0000000004fcb260, 0x0000000004fcb390]
Event: 27.268 Thread 0x000000001a1ad800 10527       3       com.android.tools.r8.graph.f0::computeEquals (24 bytes)
Event: 27.268 Thread 0x000000001a1ad800 nmethod 10527 0x0000000004fca8d0 code [0x0000000004fcaa60, 0x0000000004fcafa8]
Event: 27.268 Thread 0x000000001a1a3000 10528       4       java.util.Arrays::equals (54 bytes)
Event: 27.269 Thread 0x000000001a1ad800 10530       3       com.android.tools.r8.v.a.a.a.h.H::c (45 bytes)
Event: 27.269 Thread 0x000000001a1ad800 nmethod 10530 0x0000000004fca110 code [0x0000000004fca2a0, 0x0000000004fca6e8]

GC Heap History (10 events):
Event: 6.387 GC heap before
{Heap before GC invocations=10 (full 2):
 PSYoungGen      total 181760K, used 169472K [0x00000000d5580000, 0x00000000e5000000, 0x0000000100000000)
  eden space 169472K, 100% used [0x00000000d5580000,0x00000000dfb00000,0x00000000dfb00000)
  from space 12288K, 0% used [0x00000000dfb00000,0x00000000dfb00000,0x00000000e0700000)
  to   space 13824K, 0% used [0x00000000e4280000,0x00000000e4280000,0x00000000e5000000)
 ParOldGen       total 118272K, used 17729K [0x0000000080000000, 0x0000000087380000, 0x00000000d5580000)
  object space 118272K, 14% used [0x0000000080000000,0x0000000081150440,0x0000000087380000)
 Metaspace       used 49791K, capacity 51526K, committed 51624K, reserved 1093632K
  class space    used 6627K, capacity 7031K, committed 7080K, reserved 1048576K
Event: 6.403 GC heap after
Heap after GC invocations=10 (full 2):
 PSYoungGen      total 235520K, used 13800K [0x00000000d5580000, 0x00000000e5200000, 0x0000000100000000)
  eden space 221696K, 0% used [0x00000000d5580000,0x00000000d5580000,0x00000000e2e00000)
  from space 13824K, 99% used [0x00000000e4280000,0x00000000e4ffa070,0x00000000e5000000)
  to   space 18432K, 0% used [0x00000000e2e00000,0x00000000e2e00000,0x00000000e4000000)
 ParOldGen       total 118272K, used 24270K [0x0000000080000000, 0x0000000087380000, 0x00000000d5580000)
  object space 118272K, 20% used [0x0000000080000000,0x00000000817b3a10,0x0000000087380000)
 Metaspace       used 49791K, capacity 51526K, committed 51624K, reserved 1093632K
  class space    used 6627K, capacity 7031K, committed 7080K, reserved 1048576K
}
Event: 7.455 GC heap before
{Heap before GC invocations=11 (full 2):
 PSYoungGen      total 235520K, used 117228K [0x00000000d5580000, 0x00000000e5200000, 0x0000000100000000)
  eden space 221696K, 46% used [0x00000000d5580000,0x00000000dba81240,0x00000000e2e00000)
  from space 13824K, 99% used [0x00000000e4280000,0x00000000e4ffa070,0x00000000e5000000)
  to   space 18432K, 0% used [0x00000000e2e00000,0x00000000e2e00000,0x00000000e4000000)
 ParOldGen       total 118272K, used 24270K [0x0000000080000000, 0x0000000087380000, 0x00000000d5580000)
  object space 118272K, 20% used [0x0000000080000000,0x00000000817b3a10,0x0000000087380000)
 Metaspace       used 57010K, capacity 59090K, committed 59160K, reserved 1099776K
  class space    used 7715K, capacity 8180K, committed 8232K, reserved 1048576K
Event: 7.468 GC heap after
Heap after GC invocations=11 (full 2):
 PSYoungGen      total 240128K, used 18416K [0x00000000d5580000, 0x00000000e8080000, 0x0000000100000000)
  eden space 221696K, 0% used [0x00000000d5580000,0x00000000d5580000,0x00000000e2e00000)
  from space 18432K, 99% used [0x00000000e2e00000,0x00000000e3ffc0c0,0x00000000e4000000)
  to   space 22016K, 0% used [0x00000000e6b00000,0x00000000e6b00000,0x00000000e8080000)
 ParOldGen       total 118272K, used 27673K [0x0000000080000000, 0x0000000087380000, 0x00000000d5580000)
  object space 118272K, 23% used [0x0000000080000000,0x0000000081b06540,0x0000000087380000)
 Metaspace       used 57010K, capacity 59090K, committed 59160K, reserved 1099776K
  class space    used 7715K, capacity 8180K, committed 8232K, reserved 1048576K
}
Event: 7.468 GC heap before
{Heap before GC invocations=12 (full 3):
 PSYoungGen      total 240128K, used 18416K [0x00000000d5580000, 0x00000000e8080000, 0x0000000100000000)
  eden space 221696K, 0% used [0x00000000d5580000,0x00000000d5580000,0x00000000e2e00000)
  from space 18432K, 99% used [0x00000000e2e00000,0x00000000e3ffc0c0,0x00000000e4000000)
  to   space 22016K, 0% used [0x00000000e6b00000,0x00000000e6b00000,0x00000000e8080000)
 ParOldGen       total 118272K, used 27673K [0x0000000080000000, 0x0000000087380000, 0x00000000d5580000)
  object space 118272K, 23% used [0x0000000080000000,0x0000000081b06540,0x0000000087380000)
 Metaspace       used 57010K, capacity 59090K, committed 59160K, reserved 1099776K
  class space    used 7715K, capacity 8180K, committed 8232K, reserved 1048576K
Event: 7.676 GC heap after
Heap after GC invocations=12 (full 3):
 PSYoungGen      total 240128K, used 0K [0x00000000d5580000, 0x00000000e8080000, 0x0000000100000000)
  eden space 221696K, 0% used [0x00000000d5580000,0x00000000d5580000,0x00000000e2e00000)
  from space 18432K, 0% used [0x00000000e2e00000,0x00000000e2e00000,0x00000000e4000000)
  to   space 22016K, 0% used [0x00000000e6b00000,0x00000000e6b00000,0x00000000e8080000)
 ParOldGen       total 181760K, used 34254K [0x0000000080000000, 0x000000008b180000, 0x00000000d5580000)
  object space 181760K, 18% used [0x0000000080000000,0x0000000082173800,0x000000008b180000)
 Metaspace       used 56979K, capacity 58982K, committed 59160K, reserved 1099776K
  class space    used 7705K, capacity 8162K, committed 8232K, reserved 1048576K
}
Event: 9.619 GC heap before
{Heap before GC invocations=13 (full 3):
 PSYoungGen      total 240128K, used 221696K [0x00000000d5580000, 0x00000000e8080000, 0x0000000100000000)
  eden space 221696K, 100% used [0x00000000d5580000,0x00000000e2e00000,0x00000000e2e00000)
  from space 18432K, 0% used [0x00000000e2e00000,0x00000000e2e00000,0x00000000e4000000)
  to   space 22016K, 0% used [0x00000000e6b00000,0x00000000e6b00000,0x00000000e8080000)
 ParOldGen       total 181760K, used 34254K [0x0000000080000000, 0x000000008b180000, 0x00000000d5580000)
  object space 181760K, 18% used [0x0000000080000000,0x0000000082173800,0x000000008b180000)
 Metaspace       used 65481K, capacity 68882K, committed 69144K, reserved 1107968K
  class space    used 9031K, capacity 9710K, committed 9768K, reserved 1048576K
Event: 9.633 GC heap after
Heap after GC invocations=13 (full 3):
 PSYoungGen      total 268800K, used 18256K [0x00000000d5580000, 0x00000000e7d00000, 0x0000000100000000)
  eden space 250368K, 0% used [0x00000000d5580000,0x00000000d5580000,0x00000000e4a00000)
  from space 18432K, 99% used [0x00000000e6b00000,0x00000000e7cd4138,0x00000000e7d00000)
  to   space 24064K, 0% used [0x00000000e4e00000,0x00000000e4e00000,0x00000000e6580000)
 ParOldGen       total 181760K, used 34262K [0x0000000080000000, 0x000000008b180000, 0x00000000d5580000)
  object space 181760K, 18% used [0x0000000080000000,0x0000000082175800,0x000000008b180000)
 Metaspace       used 65481K, capacity 68882K, committed 69144K, reserved 1107968K
  class space    used 9031K, capacity 9710K, committed 9768K, reserved 1048576K
}
Event: 26.022 GC heap before
{Heap before GC invocations=14 (full 3):
 PSYoungGen      total 268800K, used 268624K [0x00000000d5580000, 0x00000000e7d00000, 0x0000000100000000)
  eden space 250368K, 100% used [0x00000000d5580000,0x00000000e4a00000,0x00000000e4a00000)
  from space 18432K, 99% used [0x00000000e6b00000,0x00000000e7cd4138,0x00000000e7d00000)
  to   space 24064K, 0% used [0x00000000e4e00000,0x00000000e4e00000,0x00000000e6580000)
 ParOldGen       total 181760K, used 34262K [0x0000000080000000, 0x000000008b180000, 0x00000000d5580000)
  object space 181760K, 18% used [0x0000000080000000,0x0000000082175800,0x000000008b180000)
 Metaspace       used 73393K, capacity 77272K, committed 77592K, reserved 1116160K
  class space    used 10032K, capacity 10727K, committed 10792K, reserved 1048576K
Event: 26.046 GC heap after
Heap after GC invocations=14 (full 3):
 PSYoungGen      total 278528K, used 24038K [0x00000000d5580000, 0x00000000e9c00000, 0x0000000100000000)
  eden space 254464K, 0% used [0x00000000d5580000,0x00000000d5580000,0x00000000e4e00000)
  from space 24064K, 99% used [0x00000000e4e00000,0x00000000e6579958,0x00000000e6580000)
  to   space 28672K, 0% used [0x00000000e8000000,0x00000000e8000000,0x00000000e9c00000)
 ParOldGen       total 181760K, used 38000K [0x0000000080000000, 0x000000008b180000, 0x00000000d5580000)
  object space 181760K, 20% used [0x0000000080000000,0x000000008251c2f8,0x000000008b180000)
 Metaspace       used 73393K, capacity 77272K, committed 77592K, reserved 1116160K
  class space    used 10032K, capacity 10727K, committed 10792K, reserved 1048576K
}

Deoptimization events (10 events):
Event: 27.128 Thread 0x00000000227e6800 Uncommon trap: reason=bimorphic action=maybe_recompile pc=0x000000000384d12c method=java.util.regex.Pattern$Slice.match(Ljava/util/regex/Matcher;ILjava/lang/CharSequence;)Z @ 75
Event: 27.128 Thread 0x00000000227e6800 Uncommon trap: reason=unstable_if action=reinterpret pc=0x000000000384d10c method=java.util.regex.Matcher.match(II)Z @ 30
Event: 27.128 Thread 0x00000000227e6800 Uncommon trap: reason=unstable_if action=reinterpret pc=0x0000000003e88220 method=java.util.regex.Pattern$LastNode.match(Ljava/util/regex/Matcher;ILjava/lang/CharSequence;)Z @ 13
Event: 27.129 Thread 0x00000000227e6800 Uncommon trap: reason=unstable_if action=reinterpret pc=0x0000000003448114 method=java.util.regex.Pattern.newSlice([IIZ)Ljava/util/regex/Pattern$Node; @ 10
Event: 27.225 Thread 0x00000000227e2800 Uncommon trap: reason=bimorphic action=maybe_recompile pc=0x0000000003a37ee0 method=java.util.concurrent.ConcurrentHashMap.putVal(Ljava/lang/Object;Ljava/lang/Object;Z)Ljava/lang/Object; @ 192
Event: 27.225 Thread 0x00000000227ee000 Uncommon trap: reason=bimorphic action=maybe_recompile pc=0x0000000003a37ee0 method=java.util.concurrent.ConcurrentHashMap.putVal(Ljava/lang/Object;Ljava/lang/Object;Z)Ljava/lang/Object; @ 192
Event: 27.225 Thread 0x0000000023a38800 Uncommon trap: reason=bimorphic action=maybe_recompile pc=0x0000000003a37ee0 method=java.util.concurrent.ConcurrentHashMap.putVal(Ljava/lang/Object;Ljava/lang/Object;Z)Ljava/lang/Object; @ 192
Event: 27.225 Thread 0x00000000227ed000 Uncommon trap: reason=bimorphic action=maybe_recompile pc=0x0000000003a37ee0 method=java.util.concurrent.ConcurrentHashMap.putVal(Ljava/lang/Object;Ljava/lang/Object;Z)Ljava/lang/Object; @ 192
Event: 27.226 Thread 0x000000001f9d4800 Uncommon trap: reason=bimorphic action=maybe_recompile pc=0x0000000003a37ee0 method=java.util.concurrent.ConcurrentHashMap.putVal(Ljava/lang/Object;Ljava/lang/Object;Z)Ljava/lang/Object; @ 192
Event: 27.227 Thread 0x00000000227e6800 Uncommon trap: reason=unstable_if action=reinterpret pc=0x00000000046de4c0 method=sun.nio.fs.WindowsPathParser.nextNonSlash(Ljava/lang/String;II)I @ 2

Classes redefined (0 events):
No events

Internal exceptions (10 events):
Event: 26.904 Thread 0x000000001f9d6000 Exception <a 'java/lang/NoSuchMethodError': <clinit>> (0x00000000da030980) thrown at [C:\src\AOSP-openjdk-git\hotspot\src\share\vm\prims\jni.cpp, line 1615]
Event: 26.935 Thread 0x00000000227e8000 Implicit null exception at 0x0000000004eaae78 to 0x0000000004eab6e5
Event: 26.963 Thread 0x000000001f9d3800 Implicit null exception at 0x0000000004ed1fbf to 0x0000000004ed2941
Event: 27.064 Thread 0x00000000227e6800 Exception <a 'java/lang/NoSuchMethodError': java.lang.Object.lambda$asRunnable$0(Lcom/android/tools/build/apkzlib/utils/IOExceptionRunnable;)V> (0x00000000da3b8fe0) thrown at [C:\src\AOSP-openjdk-git\hotspot\src\share\vm\interpreter\linkResolver.cpp, line
Event: 27.129 Thread 0x000000001f9d4800 Exception <a 'java/lang/NoSuchMethodError': java.lang.Object.lambda$static$0(Ljava/lang/String;)Z> (0x00000000db085670) thrown at [C:\src\AOSP-openjdk-git\hotspot\src\share\vm\interpreter\linkResolver.cpp, line 620]
Event: 27.158 Thread 0x00000000227e8000 Exception <a 'java/lang/NoSuchMethodError': <clinit>> (0x00000000db6badb0) thrown at [C:\src\AOSP-openjdk-git\hotspot\src\share\vm\prims\jni.cpp, line 1615]
Event: 27.187 Thread 0x00000000227e2800 Exception <a 'sun/nio/fs/WindowsException'> (0x00000000dbce6cb8) thrown at [C:\src\AOSP-openjdk-git\hotspot\src\share\vm\prims\jni.cpp, line 710]
Event: 27.210 Thread 0x00000000227e6800 Exception <a 'java/lang/NoSuchMethodError': java.lang.Object.newSystemTemporaryDirectory()Lcom/android/tools/build/apkzlib/bytestorage/TemporaryDirectory;> (0x00000000dbc36f38) thrown at [C:\src\AOSP-openjdk-git\hotspot\src\share\vm\interpreter\linkResolv
Event: 27.217 Thread 0x000000001f9d4800 Exception <a 'sun/nio/fs/WindowsException'> (0x00000000dcef5240) thrown at [C:\src\AOSP-openjdk-git\hotspot\src\share\vm\prims\jni.cpp, line 710]
Event: 27.262 Thread 0x000000001f9d5800 Exception <a 'sun/nio/fs/WindowsException'> (0x00000000ddba4a70) thrown at [C:\src\AOSP-openjdk-git\hotspot\src\share\vm\prims\jni.cpp, line 710]

Events (10 events):
Event: 27.268 loading class com/android/tools/r8/y/a$c
Event: 27.268 loading class com/android/tools/r8/y/a$c done
Event: 27.269 loading class com/android/tools/r8/y/a$d
Event: 27.269 loading class com/android/tools/r8/y/a$d done
Event: 27.269 loading class com/google/common/io/ByteSource$ByteArrayByteSource
Event: 27.269 loading class com/google/common/io/ByteSource$ByteArrayByteSource done
Event: 27.269 loading class com/android/tools/r8/u/c/m
Event: 27.269 loading class com/android/tools/r8/u/c/m done
Event: 27.270 loading class com/google/common/io/ByteSource$EmptyByteSource
Event: 27.270 loading class com/google/common/io/ByteSource$EmptyByteSource done


Dynamic libraries:
0x00007ff63cc50000 - 0x00007ff63cc81000 	C:\Program Files\Android\Android Studio\jre\bin\java.exe
0x00007ffe51c20000 - 0x00007ffe51e10000 	C:\WINDOWS\SYSTEM32\ntdll.dll
0x00007ffe4fde0000 - 0x00007ffe4fe92000 	C:\WINDOWS\System32\KERNEL32.DLL
0x00007ffe4eba0000 - 0x00007ffe4ee44000 	C:\WINDOWS\System32\KERNELBASE.dll
0x00007ffe4fcd0000 - 0x00007ffe4fd73000 	C:\WINDOWS\System32\ADVAPI32.dll
0x00007ffe50df0000 - 0x00007ffe50e8e000 	C:\WINDOWS\System32\msvcrt.dll
0x00007ffe4ff80000 - 0x00007ffe50017000 	C:\WINDOWS\System32\sechost.dll
0x00007ffe50ae0000 - 0x00007ffe50c00000 	C:\WINDOWS\System32\RPCRT4.dll
0x00007ffe50940000 - 0x00007ffe50ad4000 	C:\WINDOWS\System32\USER32.dll
0x00007ffe4f9b0000 - 0x00007ffe4f9d1000 	C:\WINDOWS\System32\win32u.dll
0x00007ffe50c60000 - 0x00007ffe50c86000 	C:\WINDOWS\System32\GDI32.dll
0x00007ffe4f810000 - 0x00007ffe4f9a6000 	C:\WINDOWS\System32\gdi32full.dll
0x00007ffe4f6f0000 - 0x00007ffe4f78e000 	C:\WINDOWS\System32\msvcp_win.dll
0x00007ffe4fbb0000 - 0x00007ffe4fcaa000 	C:\WINDOWS\System32\ucrtbase.dll
0x00007ffe39f90000 - 0x00007ffe3a214000 	C:\WINDOWS\WinSxS\amd64_microsoft.windows.common-controls_6595b64144ccf1df_6.0.18362.959_none_e6c7bbbf130c62bb\COMCTL32.dll
0x00007ffe50600000 - 0x00007ffe50935000 	C:\WINDOWS\System32\combase.dll
0x00007ffe4f790000 - 0x00007ffe4f810000 	C:\WINDOWS\System32\bcryptPrimitives.dll
0x00007ffe50160000 - 0x00007ffe5018e000 	C:\WINDOWS\System32\IMM32.DLL
0x00000000686c0000 - 0x0000000068792000 	C:\Program Files\Android\Android Studio\jre\jre\bin\msvcr100.dll
0x00000000687a0000 - 0x0000000068feb000 	C:\Program Files\Android\Android Studio\jre\jre\bin\server\jvm.dll
0x00007ffe51650000 - 0x00007ffe51658000 	C:\WINDOWS\System32\PSAPI.DLL
0x00007ffe46940000 - 0x00007ffe4694a000 	C:\WINDOWS\SYSTEM32\VERSION.dll
0x00007ffe46df0000 - 0x00007ffe46df9000 	C:\WINDOWS\SYSTEM32\WSOCK32.dll
0x00007ffe443c0000 - 0x00007ffe443e4000 	C:\WINDOWS\SYSTEM32\WINMM.dll
0x00007ffe50ef0000 - 0x00007ffe50f5f000 	C:\WINDOWS\System32\WS2_32.dll
0x00007ffe44100000 - 0x00007ffe4412d000 	C:\WINDOWS\SYSTEM32\winmmbase.dll
0x00007ffe4f9e0000 - 0x00007ffe4fa2a000 	C:\WINDOWS\System32\cfgmgr32.dll
0x00007ffe499b0000 - 0x00007ffe499bf000 	C:\Program Files\Android\Android Studio\jre\jre\bin\verify.dll
0x00007ffe417f0000 - 0x00007ffe41819000 	C:\Program Files\Android\Android Studio\jre\jre\bin\java.dll
0x00007ffe42e80000 - 0x00007ffe42e96000 	C:\Program Files\Android\Android Studio\jre\jre\bin\zip.dll
0x00007ffe50f60000 - 0x00007ffe51646000 	C:\WINDOWS\System32\SHELL32.dll
0x00007ffe51b30000 - 0x00007ffe51bd9000 	C:\WINDOWS\System32\shcore.dll
0x00007ffe4ef60000 - 0x00007ffe4f6e2000 	C:\WINDOWS\System32\windows.storage.dll
0x00007ffe4eb00000 - 0x00007ffe4eb23000 	C:\WINDOWS\System32\profapi.dll
0x00007ffe4eb50000 - 0x00007ffe4eb9a000 	C:\WINDOWS\System32\powrprof.dll
0x00007ffe4ead0000 - 0x00007ffe4eae0000 	C:\WINDOWS\System32\UMPDC.dll
0x00007ffe50c00000 - 0x00007ffe50c52000 	C:\WINDOWS\System32\shlwapi.dll
0x00007ffe4eae0000 - 0x00007ffe4eaf1000 	C:\WINDOWS\System32\kernel.appcore.dll
0x00007ffe4fcb0000 - 0x00007ffe4fcc7000 	C:\WINDOWS\System32\cryptsp.dll
0x00007ffe417d0000 - 0x00007ffe417ea000 	C:\Program Files\Android\Android Studio\jre\jre\bin\net.dll
0x00007ffe4e2e0000 - 0x00007ffe4e347000 	C:\WINDOWS\system32\mswsock.dll
0x00007ffe42880000 - 0x00007ffe42893000 	C:\Program Files\Android\Android Studio\jre\jre\bin\nio.dll
0x00007ffe428b0000 - 0x00007ffe428d6000 	C:\Users\Asus\.gradle\native\31\windows-amd64\native-platform.dll
0x00007ffe48790000 - 0x00007ffe4879d000 	C:\Program Files\Android\Android Studio\jre\jre\bin\management.dll
0x00007ffe4de50000 - 0x00007ffe4de83000 	C:\WINDOWS\system32\rsaenh.dll
0x00007ffe4fa30000 - 0x00007ffe4fa56000 	C:\WINDOWS\System32\bcrypt.dll
0x00007ffe4e9c0000 - 0x00007ffe4e9e5000 	C:\WINDOWS\SYSTEM32\USERENV.dll
0x00007ffe4e4b0000 - 0x00007ffe4e4bc000 	C:\WINDOWS\SYSTEM32\CRYPTBASE.dll
0x00007ffe4dff0000 - 0x00007ffe4e02a000 	C:\WINDOWS\SYSTEM32\IPHLPAPI.DLL
0x00007ffe4fea0000 - 0x00007ffe4fea8000 	C:\WINDOWS\System32\NSI.dll
0x00007ffe479a0000 - 0x00007ffe479b6000 	C:\WINDOWS\SYSTEM32\dhcpcsvc6.DLL
0x00007ffe47980000 - 0x00007ffe4799c000 	C:\WINDOWS\SYSTEM32\dhcpcsvc.DLL
0x00007ffe4e080000 - 0x00007ffe4e14b000 	C:\WINDOWS\SYSTEM32\DNSAPI.dll

VM Arguments:
jvm_args: -Xmx2048m -Dfile.encoding=windows-1252 -Duser.country=EC -Duser.language=es -Duser.variant 
java_command: org.gradle.launcher.daemon.bootstrap.GradleDaemon 6.1.1
java_class_path (initial): C:\Users\Asus\.gradle\wrapper\dists\gradle-6.1.1-all\cfmwm155h49vnt3hynmlrsdst\gradle-6.1.1\lib\gradle-launcher-6.1.1.jar
Launcher Type: SUN_STANDARD

Environment Variables:
JAVA_HOME=C:\Program Files\Java\jdk1.8.0_111
USERNAME=Asus
OS=Windows_NT
PROCESSOR_IDENTIFIER=Intel64 Family 6 Model 142 Stepping 10, GenuineIntel



---------------  S Y S T E M  ---------------

OS: Windows 10.0 , 64 bit Build 18362 (10.0.18362.959)

CPU:total 8 (initial active 8) (4 cores per cpu, 2 threads per core) family 6 model 142 stepping 10, cmov, cx8, fxsr, mmx, sse, sse2, sse3, ssse3, sse4.1, sse4.2, popcnt, avx, avx2, aes, clmul, erms, 3dnowpref, lzcnt, ht, tsc, tscinvbit, bmi1, bmi2, adx

Memory: 4k page, physical 10906788k(2626060k free), swap 44461220k(5144k free)

vm_info: OpenJDK 64-Bit Server VM (25.242-b01) for windows-amd64 JRE (1.8.0_242-release-1644-b01), built by "builder" with MS VC++ 10.0 (VS2010)

time: Wed Jul 29 21:18:25 2020
timezone: Hora est. Pacífico, Sudamérica
elapsed time: 27 seconds (0d 0h 0m 27s)

