#
# There is insufficient memory for the Java Runtime Environment to continue.
# Native memory allocation (malloc) failed to allocate 32744 bytes for ChunkPool::allocate
# Possible reasons:
#   The system is out of physical RAM or swap space
#   The process is running with CompressedOops enabled, and the Java Heap may be blocking the growth of the native heap
# Possible solutions:
#   Reduce memory load on the system
#   Increase physical memory or swap space
#   Check if swap backing store is full
#   Decrease Java heap size (-Xmx/-Xms)
#   Decrease number of Java threads
#   Decrease Java thread stack sizes (-Xss)
#   Set larger code cache with -XX:ReservedCodeCacheSize=
#   JVM is running with Unscaled Compressed Oops mode in which the Java heap is
#     placed in the first 4GB address space. The Java Heap base address is the
#     maximum limit for the native heap growth. Please use -XX:HeapBaseMinAddress
#     to set the Java Heap base and to place the Java Heap above 4GB virtual address.
# This output file may be truncated or incomplete.
#
#  Out of Memory Error (allocation.cpp:272), pid=25084, tid=0x0000000000006abc
#
# JRE version: OpenJDK Runtime Environment (8.0_242-b01) (build 1.8.0_242-release-1644-b01)
# Java VM: OpenJDK 64-Bit Server VM (25.242-b01 mixed mode windows-amd64 compressed oops)
# Failed to write core dump. Minidumps are not enabled by default on client versions of Windows
#

---------------  T H R E A D  ---------------

Current thread (0x0000000017968000):  VMThread [stack: 0x0000000019640000,0x0000000019740000] [id=27324]

Stack: [0x0000000019640000,0x0000000019740000]
[error occurred during error reporting (printing stack bounds), id 0xc0000005]

Native frames: (J=compiled Java code, j=interpreted, Vv=VM code, C=native code)

VM_Operation (0x0000000019d3ef20): BulkRevokeBias, mode: safepoint, requested by thread 0x0000000019760800


---------------  P R O C E S S  ---------------

Java Threads: ( => current thread )
  0x000000001afe0000 JavaThread "RMI TCP Connection(1)-127.0.0.1" daemon [_thread_in_native, id=18224, stack(0x0000000029440000,0x0000000029540000)]
  0x000000001afdb800 JavaThread "RMI Reaper" [_thread_blocked, id=33504, stack(0x0000000029340000,0x0000000029440000)]
  0x000000001afdf800 JavaThread "RMI TCP Accept-0" daemon [_thread_in_native, id=9424, stack(0x0000000029240000,0x0000000029340000)]
  0x000000001afdc800 JavaThread "GC Daemon" daemon [_thread_blocked, id=7860, stack(0x0000000029140000,0x0000000029240000)]
  0x000000001c357000 JavaThread "RMI RenewClean-[127.0.0.1:17214,org.jetbrains.kotlin.daemon.common.LoopbackNetworkInterface$ClientLoopbackSocketFactory@79828869]" daemon [_thread_blocked, id=28492, stack(0x0000000029040000,0x0000000029140000)]
  0x000000001c354000 JavaThread "RMI Scheduler(0)" daemon [_thread_blocked, id=24496, stack(0x0000000028f40000,0x0000000029040000)]
  0x000000001c353000 JavaThread "Cache worker for execution history cache (C:\Users\Asus\Documents\GitHub\mov-silva-andrea\CRUApp\.gradle\6.1.1\executionHistory)" [_thread_blocked, id=32592, stack(0x0000000028c40000,0x0000000028d40000)]
  0x000000001c352800 JavaThread "Execution worker for ':' Thread 7" [_thread_blocked, id=12928, stack(0x0000000028540000,0x0000000028640000)]
  0x000000001c6b1800 JavaThread "Execution worker for ':' Thread 6" [_thread_blocked, id=29700, stack(0x0000000028440000,0x0000000028540000)]
  0x000000001c6b6800 JavaThread "Execution worker for ':' Thread 5" [_thread_blocked, id=26992, stack(0x0000000028340000,0x0000000028440000)]
  0x000000001c6b0800 JavaThread "Execution worker for ':' Thread 4" [_thread_blocked, id=24552, stack(0x0000000028240000,0x0000000028340000)]
  0x000000001c6b0000 JavaThread "Execution worker for ':' Thread 3" [_thread_blocked, id=23944, stack(0x0000000027610000,0x0000000027710000)]
  0x000000001c6b6000 JavaThread "Execution worker for ':' Thread 2" [_thread_blocked, id=25956, stack(0x0000000027510000,0x0000000027610000)]
  0x000000001c6b3000 JavaThread "Execution worker for ':'" [_thread_blocked, id=13108, stack(0x0000000027410000,0x0000000027510000)]
  0x000000001c6a8800 JavaThread "Cache worker for file content cache (C:\Users\Asus\Documents\GitHub\mov-silva-andrea\CRUApp\.gradle\6.1.1\fileContent)" [_thread_blocked, id=16900, stack(0x0000000027b40000,0x0000000027c40000)]
  0x000000001c6ad000 JavaThread "Cache worker for Build Output Cleanup Cache (C:\Users\Asus\Documents\GitHub\mov-silva-andrea\CRUApp\.gradle\buildOutputCleanup)" [_thread_blocked, id=28212, stack(0x0000000027310000,0x0000000027410000)]
  0x000000001c6ac000 JavaThread "Build operations Thread 8" [_thread_blocked, id=28344, stack(0x00000000261f0000,0x00000000262f0000)]
  0x000000001c6ad800 JavaThread "Build operations Thread 7" [_thread_blocked, id=22948, stack(0x0000000025cf0000,0x0000000025df0000)]
  0x000000001c6af000 JavaThread "Build operations Thread 6" [_thread_blocked, id=10276, stack(0x0000000024d40000,0x0000000024e40000)]
  0x000000001c6a9000 JavaThread "Build operations Thread 5" [_thread_blocked, id=25300, stack(0x0000000024640000,0x0000000024740000)]
  0x000000002171a000 JavaThread "Build operations Thread 4" [_thread_blocked, id=33080, stack(0x0000000024540000,0x0000000024640000)]
  0x0000000021719000 JavaThread "Build operations Thread 3" [_thread_blocked, id=11148, stack(0x0000000024440000,0x0000000024540000)]
  0x000000002171a800 JavaThread "Build operations Thread 2" [_thread_blocked, id=8584, stack(0x0000000024340000,0x0000000024440000)]
  0x0000000021718800 JavaThread "Build operations" [_thread_blocked, id=6800, stack(0x0000000024240000,0x0000000024340000)]
  0x0000000021717800 JavaThread "Cache worker for cache directory md-rule (C:\Users\Asus\.gradle\caches\6.1.1\md-rule)" [_thread_blocked, id=11356, stack(0x0000000024140000,0x0000000024240000)]
  0x000000002171b800 JavaThread "Cache worker for cache directory md-supplier (C:\Users\Asus\.gradle\caches\6.1.1\md-supplier)" [_thread_blocked, id=29592, stack(0x0000000021070000,0x0000000021170000)]
  0x000000002171d000 JavaThread "Cache worker for file hash cache (C:\Users\Asus\Documents\GitHub\mov-silva-andrea\CRUApp\.gradle\6.1.1\fileHashes)" [_thread_blocked, id=21740, stack(0x0000000020cc0000,0x0000000020dc0000)]
  0x0000000021710000 JavaThread "Cache worker for checksums cache (C:\Users\Asus\Documents\GitHub\mov-silva-andrea\CRUApp\.gradle\checksums)" [_thread_blocked, id=30400, stack(0x0000000020bc0000,0x0000000020cc0000)]
  0x0000000021717000 JavaThread "Thread-49" [_thread_blocked, id=11980, stack(0x000000001f680000,0x000000001f780000)]
  0x0000000021715800 JavaThread "Stdin handler" [_thread_blocked, id=7632, stack(0x000000001ddb0000,0x000000001deb0000)]
  0x0000000021711800 JavaThread "Asynchronous log dispatcher for DefaultDaemonConnection: socket connection from /127.0.0.1:1499 to /127.0.0.1:1091" [_thread_blocked, id=27252, stack(0x000000001dcb0000,0x000000001ddb0000)]
  0x0000000021714800 JavaThread "Daemon worker Thread 2" [_thread_blocked, id=26244, stack(0x000000001dbb0000,0x000000001dcb0000)]
  0x0000000021714000 JavaThread "Cancel handler" [_thread_blocked, id=1356, stack(0x000000001d7b0000,0x000000001d8b0000)]
  0x0000000021711000 JavaThread "Handler for socket connection from /127.0.0.1:1499 to /127.0.0.1:1091" [_thread_in_native, id=27800, stack(0x0000000000c40000,0x0000000000d40000)]
  0x0000000021713000 JavaThread "Daemon Thread 2" [_thread_blocked, id=32320, stack(0x0000000000b40000,0x0000000000c40000)]
  0x000000001c6b3800 JavaThread "Cache worker for file content cache (C:\Users\Asus\.gradle\caches\6.1.1\fileContent)" [_thread_blocked, id=6256, stack(0x0000000025770000,0x0000000025870000)]
  0x000000001c6b2000 JavaThread "Memory manager" [_thread_blocked, id=21204, stack(0x0000000025040000,0x0000000025140000)]
  0x000000001c350000 JavaThread "Cache worker for execution history cache (C:\Users\Asus\.gradle\caches\6.1.1\executionHistory)" [_thread_blocked, id=24840, stack(0x0000000022210000,0x0000000022310000)]
  0x000000001c351800 JavaThread "Cache worker for file hash cache (C:\Users\Asus\.gradle\caches\6.1.1\fileHashes)" [_thread_blocked, id=24252, stack(0x000000001e5b0000,0x000000001e6b0000)]
  0x000000001c351000 JavaThread "File lock request listener" [_thread_in_native, id=3812, stack(0x000000001e4b0000,0x000000001e5b0000)]
  0x000000001c3b9800 JavaThread "Cache worker for journal cache (C:\Users\Asus\.gradle\caches\journal-1)" [_thread_blocked, id=19472, stack(0x000000001e3b0000,0x000000001e4b0000)]
  0x000000001c2e4800 JavaThread "Daemon periodic checks" [_thread_blocked, id=2840, stack(0x000000001d6b0000,0x000000001d7b0000)]
  0x000000001a7ea000 JavaThread "Incoming local TCP Connector on port 1499" [_thread_in_native, id=21100, stack(0x000000001d440000,0x000000001d540000)]
  0x000000001c21f800 JavaThread "Daemon health stats" [_thread_blocked, id=5288, stack(0x000000001ce00000,0x000000001cf00000)]
  0x000000001980c000 JavaThread "Service Thread" daemon [_thread_blocked, id=31760, stack(0x000000001a460000,0x000000001a560000)]
  0x0000000019783000 JavaThread "C1 CompilerThread3" daemon [_thread_blocked, id=33636, stack(0x000000001a360000,0x000000001a460000)]
  0x000000001977f000 JavaThread "C2 CompilerThread2" daemon [_thread_blocked, id=16748, stack(0x000000001a260000,0x000000001a360000)]
  0x0000000019779800 JavaThread "C2 CompilerThread1" daemon [_thread_blocked, id=33456, stack(0x000000001a160000,0x000000001a260000)]
  0x0000000019776800 JavaThread "C2 CompilerThread0" daemon [_thread_blocked, id=22960, stack(0x000000001a060000,0x000000001a160000)]
  0x0000000019772800 JavaThread "Attach Listener" daemon [_thread_blocked, id=8548, stack(0x0000000019f60000,0x000000001a060000)]
  0x0000000019771800 JavaThread "Signal Dispatcher" daemon [_thread_blocked, id=30260, stack(0x0000000019e60000,0x0000000019f60000)]
  0x0000000019760800 JavaThread "Finalizer" daemon [_thread_blocked, id=28908, stack(0x0000000019c40000,0x0000000019d40000)]
  0x00000000028f7800 JavaThread "Reference Handler" daemon [_thread_blocked, id=28452, stack(0x0000000019b40000,0x0000000019c40000)]
  0x0000000002802800 JavaThread "main" [_thread_blocked, id=33004, stack(0x0000000002630000,0x0000000002730000)]

Other Threads:
=>0x0000000017968000 VMThread [stack: 0x0000000019640000,0x0000000019740000] [id=27324]
  0x000000001980d000 WatcherThread [stack: 0x000000001a560000,0x000000001a660000] [id=20276]

VM state:at safepoint (normal execution)

VM Mutex/Monitor currently owned by a thread:  ([mutex/lock_event])
[0x00000000027dec50] Threads_lock - owner thread: 0x0000000017968000

heap address: 0x0000000080000000, size: 2048 MB, Compressed Oops mode: 32-bit
Narrow klass base: 0x0000000000000000, Narrow klass shift: 3
Compressed class space size: 1073741824 Address: 0x0000000100000000

Heap:
 PSYoungGen      total 272896K, used 6043K [0x00000000d5580000, 0x00000000e8380000, 0x0000000100000000)
  eden space 254464K, 2% used [0x00000000d5580000,0x00000000d5b66e68,0x00000000e4e00000)
  from space 18432K, 0% used [0x00000000e7180000,0x00000000e7180000,0x00000000e8380000)
  to   space 24064K, 0% used [0x00000000e5480000,0x00000000e5480000,0x00000000e6c00000)
 ParOldGen       total 177664K, used 52201K [0x0000000080000000, 0x000000008ad80000, 0x00000000d5580000)
  object space 177664K, 29% used [0x0000000080000000,0x00000000832fa5e8,0x000000008ad80000)
 Metaspace       used 85834K, capacity 89722K, committed 91672K, reserved 1134592K
  class space    used 11678K, capacity 12434K, committed 12840K, reserved 1048576K

Card table byte_map: [0x0000000011cc0000,0x00000000120d0000] byte_map_base: 0x00000000118c0000

Marking Bits: (ParMarkBitMap*) 0x0000000068f6f030
 Begin Bits: [0x0000000012b80000, 0x0000000014b80000)
 End Bits:   [0x0000000014b80000, 0x0000000016b80000)

Polling page: 0x0000000000930000

CodeCache: size=245760Kb used=31023Kb max_used=31109Kb free=214736Kb
 bounds [0x0000000002900000, 0x0000000004780000, 0x0000000011900000]
 total_blobs=10664 nmethods=9774 adapters=802
 compilation: enabled

Compilation events (10 events):
Event: 784.462 Thread 0x0000000019783000 nmethod 11418 0x0000000003ba0210 code [0x0000000003ba0380, 0x0000000003ba05e8]
Event: 784.462 Thread 0x0000000019783000 11416   !   3       java.io.ObjectStreamClass::newInstance (140 bytes)
Event: 784.463 Thread 0x0000000019783000 nmethod 11416 0x0000000002ed94d0 code [0x0000000002ed9800, 0x0000000002edb168]
Event: 784.514 Thread 0x0000000019783000 11420       3       kotlin.io.FileTreeWalk$FileTreeWalkIterator::gotoNext (93 bytes)
Event: 784.515 Thread 0x0000000019783000 nmethod 11420 0x0000000002d57ed0 code [0x0000000002d58180, 0x0000000002d59248]
Event: 784.515 Thread 0x0000000019783000 11419       3       kotlin.io.FileTreeWalk$FileTreeWalkIterator::computeNext (22 bytes)
Event: 784.515 Thread 0x0000000019783000 nmethod 11419 0x0000000002d89490 code [0x0000000002d89600, 0x0000000002d899e8]
Event: 784.668 Thread 0x0000000019783000 11421       3       java.io.FileInputStream::finalize (22 bytes)
Event: 784.668 Thread 0x0000000019776800 11422   !   4       java.lang.ref.Reference::tryHandlePending (115 bytes)
Event: 784.670 Thread 0x0000000019783000 nmethod 11421 0x0000000002d2a690 code [0x0000000002d2a800, 0x0000000002d2aa88]

GC Heap History (10 events):
Event: 6.797 GC heap before
{Heap before GC invocations=12 (full 3):
 PSYoungGen      total 239104K, used 18419K [0x00000000d5580000, 0x00000000e8700000, 0x0000000100000000)
  eden space 220672K, 0% used [0x00000000d5580000,0x00000000d5580000,0x00000000e2d00000)
  from space 18432K, 99% used [0x00000000e2d00000,0x00000000e3efcda8,0x00000000e3f00000)
  to   space 22016K, 0% used [0x00000000e7180000,0x00000000e7180000,0x00000000e8700000)
 ParOldGen       total 116736K, used 27634K [0x0000000080000000, 0x0000000087200000, 0x00000000d5580000)
  object space 116736K, 23% used [0x0000000080000000,0x0000000081afcb00,0x0000000087200000)
 Metaspace       used 56952K, capacity 59050K, committed 59160K, reserved 1099776K
  class space    used 7706K, capacity 8184K, committed 8232K, reserved 1048576K
Event: 7.016 GC heap after
Heap after GC invocations=12 (full 3):
 PSYoungGen      total 239104K, used 0K [0x00000000d5580000, 0x00000000e8700000, 0x0000000100000000)
  eden space 220672K, 0% used [0x00000000d5580000,0x00000000d5580000,0x00000000e2d00000)
  from space 18432K, 0% used [0x00000000e2d00000,0x00000000e2d00000,0x00000000e3f00000)
  to   space 22016K, 0% used [0x00000000e7180000,0x00000000e7180000,0x00000000e8700000)
 ParOldGen       total 177664K, used 34173K [0x0000000080000000, 0x000000008ad80000, 0x00000000d5580000)
  object space 177664K, 19% used [0x0000000080000000,0x000000008215f428,0x000000008ad80000)
 Metaspace       used 56914K, capacity 58918K, committed 59160K, reserved 1099776K
  class space    used 7694K, capacity 8162K, committed 8232K, reserved 1048576K
}
Event: 8.891 GC heap before
{Heap before GC invocations=13 (full 3):
 PSYoungGen      total 239104K, used 220672K [0x00000000d5580000, 0x00000000e8700000, 0x0000000100000000)
  eden space 220672K, 100% used [0x00000000d5580000,0x00000000e2d00000,0x00000000e2d00000)
  from space 18432K, 0% used [0x00000000e2d00000,0x00000000e2d00000,0x00000000e3f00000)
  to   space 22016K, 0% used [0x00000000e7180000,0x00000000e7180000,0x00000000e8700000)
 ParOldGen       total 177664K, used 34173K [0x0000000080000000, 0x000000008ad80000, 0x00000000d5580000)
  object space 177664K, 19% used [0x0000000080000000,0x000000008215f428,0x000000008ad80000)
 Metaspace       used 65419K, capacity 68990K, committed 69144K, reserved 1107968K
  class space    used 9047K, capacity 9742K, committed 9768K, reserved 1048576K
Event: 8.907 GC heap after
Heap after GC invocations=13 (full 3):
 PSYoungGen      total 272896K, used 18319K [0x00000000d5580000, 0x00000000e8380000, 0x0000000100000000)
  eden space 254464K, 0% used [0x00000000d5580000,0x00000000d5580000,0x00000000e4e00000)
  from space 18432K, 99% used [0x00000000e7180000,0x00000000e8363d70,0x00000000e8380000)
  to   space 24064K, 0% used [0x00000000e5480000,0x00000000e5480000,0x00000000e6c00000)
 ParOldGen       total 177664K, used 34181K [0x0000000080000000, 0x000000008ad80000, 0x00000000d5580000)
  object space 177664K, 19% used [0x0000000080000000,0x0000000082161428,0x000000008ad80000)
 Metaspace       used 65419K, capacity 68990K, committed 69144K, reserved 1107968K
  class space    used 9047K, capacity 9742K, committed 9768K, reserved 1048576K
}
Event: 11.477 GC heap before
{Heap before GC invocations=14 (full 3):
 PSYoungGen      total 272896K, used 272783K [0x00000000d5580000, 0x00000000e8380000, 0x0000000100000000)
  eden space 254464K, 100% used [0x00000000d5580000,0x00000000e4e00000,0x00000000e4e00000)
  from space 18432K, 99% used [0x00000000e7180000,0x00000000e8363d70,0x00000000e8380000)
  to   space 24064K, 0% used [0x00000000e5480000,0x00000000e5480000,0x00000000e6c00000)
 ParOldGen       total 177664K, used 34181K [0x0000000080000000, 0x000000008ad80000, 0x00000000d5580000)
  object space 177664K, 19% used [0x0000000080000000,0x0000000082161428,0x000000008ad80000)
 Metaspace       used 83378K, capacity 88298K, committed 88472K, reserved 1126400K
  class space    used 11569K, capacity 12454K, committed 12456K, reserved 1048576K
Event: 11.521 GC heap after
Heap after GC invocations=14 (full 3):
 PSYoungGen      total 278528K, used 24033K [0x00000000d5580000, 0x00000000e8380000, 0x0000000100000000)
  eden space 254464K, 0% used [0x00000000d5580000,0x00000000d5580000,0x00000000e4e00000)
  from space 24064K, 99% used [0x00000000e5480000,0x00000000e6bf8678,0x00000000e6c00000)
  to   space 18432K, 0% used [0x00000000e7180000,0x00000000e7180000,0x00000000e8380000)
 ParOldGen       total 177664K, used 45620K [0x0000000080000000, 0x000000008ad80000, 0x00000000d5580000)
  object space 177664K, 25% used [0x0000000080000000,0x0000000082c8d0b0,0x000000008ad80000)
 Metaspace       used 83378K, capacity 88298K, committed 88472K, reserved 1126400K
  class space    used 11569K, capacity 12454K, committed 12456K, reserved 1048576K
}
Event: 784.519 GC heap before
{Heap before GC invocations=15 (full 3):
 PSYoungGen      total 278528K, used 147659K [0x00000000d5580000, 0x00000000e8380000, 0x0000000100000000)
  eden space 254464K, 48% used [0x00000000d5580000,0x00000000dce3a758,0x00000000e4e00000)
  from space 24064K, 99% used [0x00000000e5480000,0x00000000e6bf8678,0x00000000e6c00000)
  to   space 18432K, 0% used [0x00000000e7180000,0x00000000e7180000,0x00000000e8380000)
 ParOldGen       total 177664K, used 45620K [0x0000000080000000, 0x000000008ad80000, 0x00000000d5580000)
  object space 177664K, 25% used [0x0000000080000000,0x0000000082c8d0b0,0x000000008ad80000)
 Metaspace       used 86372K, capacity 91318K, committed 91416K, reserved 1132544K
  class space    used 11865K, capacity 12770K, committed 12840K, reserved 1048576K
Event: 784.536 GC heap after
Heap after GC invocations=15 (full 3):
 PSYoungGen      total 272896K, used 18431K [0x00000000d5580000, 0x00000000e8380000, 0x0000000100000000)
  eden space 254464K, 0% used [0x00000000d5580000,0x00000000d5580000,0x00000000e4e00000)
  from space 18432K, 99% used [0x00000000e7180000,0x00000000e837ff68,0x00000000e8380000)
  to   space 24064K, 0% used [0x00000000e5480000,0x00000000e5480000,0x00000000e6c00000)
 ParOldGen       total 177664K, used 57615K [0x0000000080000000, 0x000000008ad80000, 0x00000000d5580000)
  object space 177664K, 32% used [0x0000000080000000,0x0000000083843fd0,0x000000008ad80000)
 Metaspace       used 86372K, capacity 91318K, committed 91416K, reserved 1132544K
  class space    used 11865K, capacity 12770K, committed 12840K, reserved 1048576K
}
Event: 784.536 GC heap before
{Heap before GC invocations=16 (full 4):
 PSYoungGen      total 272896K, used 18431K [0x00000000d5580000, 0x00000000e8380000, 0x0000000100000000)
  eden space 254464K, 0% used [0x00000000d5580000,0x00000000d5580000,0x00000000e4e00000)
  from space 18432K, 99% used [0x00000000e7180000,0x00000000e837ff68,0x00000000e8380000)
  to   space 24064K, 0% used [0x00000000e5480000,0x00000000e5480000,0x00000000e6c00000)
 ParOldGen       total 177664K, used 57615K [0x0000000080000000, 0x000000008ad80000, 0x00000000d5580000)
  object space 177664K, 32% used [0x0000000080000000,0x0000000083843fd0,0x000000008ad80000)
 Metaspace       used 86372K, capacity 91318K, committed 91416K, reserved 1132544K
  class space    used 11865K, capacity 12770K, committed 12840K, reserved 1048576K
Event: 784.665 GC heap after
Heap after GC invocations=16 (full 4):
 PSYoungGen      total 272896K, used 0K [0x00000000d5580000, 0x00000000e8380000, 0x0000000100000000)
  eden space 254464K, 0% used [0x00000000d5580000,0x00000000d5580000,0x00000000e4e00000)
  from space 18432K, 0% used [0x00000000e7180000,0x00000000e7180000,0x00000000e8380000)
  to   space 24064K, 0% used [0x00000000e5480000,0x00000000e5480000,0x00000000e6c00000)
 ParOldGen       total 177664K, used 52201K [0x0000000080000000, 0x000000008ad80000, 0x00000000d5580000)
  object space 177664K, 29% used [0x0000000080000000,0x00000000832fa5e8,0x000000008ad80000)
 Metaspace       used 85790K, capacity 89658K, committed 91416K, reserved 1130496K
  class space    used 11676K, capacity 12434K, committed 12840K, reserved 1048576K
}

Deoptimization events (10 events):
Event: 783.362 Thread 0x000000001c352800 Uncommon trap: reason=class_check action=maybe_recompile pc=0x00000000030448e8 method=java.util.WeakHashMap.eq(Ljava/lang/Object;Ljava/lang/Object;)Z @ 7
Event: 783.372 Thread 0x000000001c352800 Uncommon trap: reason=class_check action=maybe_recompile pc=0x0000000003e777ac method=java.util.Collections$UnmodifiableList.get(I)Ljava/lang/Object; @ 5
Event: 783.372 Thread 0x000000001c352800 Uncommon trap: reason=class_check action=maybe_recompile pc=0x0000000003e777ac method=java.util.Collections$UnmodifiableList.get(I)Ljava/lang/Object; @ 5
Event: 783.372 Thread 0x000000001c352800 Uncommon trap: reason=class_check action=maybe_recompile pc=0x0000000003e777ac method=java.util.Collections$UnmodifiableList.get(I)Ljava/lang/Object; @ 5
Event: 783.372 Thread 0x000000001c352800 Uncommon trap: reason=class_check action=maybe_recompile pc=0x0000000003e777ac method=java.util.Collections$UnmodifiableList.get(I)Ljava/lang/Object; @ 5
Event: 783.383 Thread 0x000000001c352800 Uncommon trap: reason=array_check action=maybe_recompile pc=0x000000000367b728 method=java.util.TimSort.reverseRange([Ljava/lang/Object;II)V @ 27
Event: 783.441 Thread 0x000000001afe0000 Uncommon trap: reason=class_check action=maybe_recompile pc=0x000000000380dff0 method=java.lang.ThreadLocal.set(Ljava/lang/Object;)V @ 26
Event: 784.420 Thread 0x000000001c352800 Uncommon trap: reason=unstable_if action=reinterpret pc=0x0000000003dd5c70 method=org.gradle.internal.logging.text.AbstractLineChoppingStyledTextOutput$2.execute(Lorg/gradle/internal/logging/text/AbstractLineChoppingStyledTextOutput$StateContext;)V @ 30
Event: 784.433 Thread 0x0000000021711800 Uncommon trap: reason=unstable_if action=reinterpret pc=0x0000000003f9f558 method=com.esotericsoftware.kryo.io.Output.writeUtf8Length(I)V @ 42
Event: 784.460 Thread 0x000000001c352800 Uncommon trap: reason=unstable_if action=reinterpret pc=0x0000000002d4018c method=org.gradle.internal.logging.text.AbstractLineChoppingStyledTextOutput$2.execute(Lorg/gradle/internal/logging/text/AbstractLineChoppingStyledTextOutput$StateContext;)V @ 30

Classes redefined (0 events):
No events

Internal exceptions (10 events):
Event: 783.356 Thread 0x000000001c352800 Exception <a 'java/lang/NoSuchMethodError': <clinit>> (0x00000000dc5ca200) thrown at [C:\src\AOSP-openjdk-git\hotspot\src\share\vm\prims\jni.cpp, line 1615]
Event: 783.363 Thread 0x000000001c352800 Exception <a 'java/lang/NoSuchMethodError': <clinit>> (0x00000000dc5e3330) thrown at [C:\src\AOSP-openjdk-git\hotspot\src\share\vm\prims\jni.cpp, line 1615]
Event: 783.366 Thread 0x000000001c352800 Exception <a 'java/lang/NoSuchMethodError': <clinit>> (0x00000000dc6094d0) thrown at [C:\src\AOSP-openjdk-git\hotspot\src\share\vm\prims\jni.cpp, line 1615]
Event: 783.374 Thread 0x000000001c357000 Exception <a 'java/lang/InterruptedException'> (0x00000000dc6af6e0) thrown at [C:\src\AOSP-openjdk-git\hotspot\src\share\vm\runtime\objectMonitor.cpp, line 1680]
Event: 783.383 Thread 0x000000001c352800 Exception <a 'java/lang/NoSuchMethodError': <clinit>> (0x00000000dc6acf58) thrown at [C:\src\AOSP-openjdk-git\hotspot\src\share\vm\prims\jni.cpp, line 1615]
Event: 783.384 Thread 0x000000001c352800 Exception <a 'java/lang/NoSuchMethodError': <clinit>> (0x00000000dc70a718) thrown at [C:\src\AOSP-openjdk-git\hotspot\src\share\vm\prims\jni.cpp, line 1615]
Event: 783.385 Thread 0x000000001c352800 Exception <a 'java/lang/NoSuchMethodError': <clinit>> (0x00000000dc71da18) thrown at [C:\src\AOSP-openjdk-git\hotspot\src\share\vm\prims\jni.cpp, line 1615]
Event: 783.391 Thread 0x000000001c352800 Exception <a 'java/lang/NoSuchMethodError': <clinit>> (0x00000000dc752bd0) thrown at [C:\src\AOSP-openjdk-git\hotspot\src\share\vm\prims\jni.cpp, line 1615]
Event: 783.409 Thread 0x000000001c352800 Exception <a 'java/lang/NoSuchMethodError': <clinit>> (0x00000000dc8fb100) thrown at [C:\src\AOSP-openjdk-git\hotspot\src\share\vm\prims\jni.cpp, line 1615]
Event: 783.411 Thread 0x000000001c352800 Exception <a 'java/lang/NoSuchMethodError': <clinit>> (0x00000000dc9aaca8) thrown at [C:\src\AOSP-openjdk-git\hotspot\src\share\vm\prims\jni.cpp, line 1615]

Events (10 events):
Event: 784.672 Executing VM operation: RevokeBias done
Event: 784.672 Executing VM operation: RevokeBias
Event: 784.672 Executing VM operation: RevokeBias done
Event: 784.672 Executing VM operation: RevokeBias
Event: 784.672 Executing VM operation: RevokeBias done
Event: 784.673 Executing VM operation: RevokeBias
Event: 784.673 Executing VM operation: RevokeBias done
Event: 784.673 Executing VM operation: RevokeBias
Event: 784.673 Executing VM operation: RevokeBias done
Event: 784.673 Executing VM operation: BulkRevokeBias


Dynamic libraries:
0x00007ff63cc50000 - 0x00007ff63cc81000 	C:\Program Files\Android\Android Studio\jre\bin\java.exe
0x00007ffe51c20000 - 0x00007ffe51e10000 	C:\WINDOWS\SYSTEM32\ntdll.dll
0x00007ffe4fde0000 - 0x00007ffe4fe92000 	C:\WINDOWS\System32\KERNEL32.DLL
0x00007ffe4eba0000 - 0x00007ffe4ee44000 	C:\WINDOWS\System32\KERNELBASE.dll
0x00007ffe4fcd0000 - 0x00007ffe4fd73000 	C:\WINDOWS\System32\ADVAPI32.dll
0x00007ffe50df0000 - 0x00007ffe50e8e000 	C:\WINDOWS\System32\msvcrt.dll
0x00007ffe4ff80000 - 0x00007ffe50017000 	C:\WINDOWS\System32\sechost.dll
0x00007ffe50ae0000 - 0x00007ffe50c00000 	C:\WINDOWS\System32\RPCRT4.dll
0x00007ffe50940000 - 0x00007ffe50ad4000 	C:\WINDOWS\System32\USER32.dll
0x00007ffe4f9b0000 - 0x00007ffe4f9d1000 	C:\WINDOWS\System32\win32u.dll
0x00007ffe50c60000 - 0x00007ffe50c86000 	C:\WINDOWS\System32\GDI32.dll
0x00007ffe4f810000 - 0x00007ffe4f9a6000 	C:\WINDOWS\System32\gdi32full.dll
0x00007ffe4f6f0000 - 0x00007ffe4f78e000 	C:\WINDOWS\System32\msvcp_win.dll
0x00007ffe4fbb0000 - 0x00007ffe4fcaa000 	C:\WINDOWS\System32\ucrtbase.dll
0x00007ffe39f90000 - 0x00007ffe3a214000 	C:\WINDOWS\WinSxS\amd64_microsoft.windows.common-controls_6595b64144ccf1df_6.0.18362.959_none_e6c7bbbf130c62bb\COMCTL32.dll
0x00007ffe50600000 - 0x00007ffe50935000 	C:\WINDOWS\System32\combase.dll
0x00007ffe4f790000 - 0x00007ffe4f810000 	C:\WINDOWS\System32\bcryptPrimitives.dll
0x00007ffe50160000 - 0x00007ffe5018e000 	C:\WINDOWS\System32\IMM32.DLL
0x00000000686c0000 - 0x0000000068792000 	C:\Program Files\Android\Android Studio\jre\jre\bin\msvcr100.dll
0x00000000687a0000 - 0x0000000068feb000 	C:\Program Files\Android\Android Studio\jre\jre\bin\server\jvm.dll
0x00007ffe51650000 - 0x00007ffe51658000 	C:\WINDOWS\System32\PSAPI.DLL
0x00007ffe46df0000 - 0x00007ffe46df9000 	C:\WINDOWS\SYSTEM32\WSOCK32.dll
0x00007ffe443c0000 - 0x00007ffe443e4000 	C:\WINDOWS\SYSTEM32\WINMM.dll
0x00007ffe46940000 - 0x00007ffe4694a000 	C:\WINDOWS\SYSTEM32\VERSION.dll
0x00007ffe50ef0000 - 0x00007ffe50f5f000 	C:\WINDOWS\System32\WS2_32.dll
0x00007ffe44100000 - 0x00007ffe4412d000 	C:\WINDOWS\SYSTEM32\winmmbase.dll
0x00007ffe4f9e0000 - 0x00007ffe4fa2a000 	C:\WINDOWS\System32\cfgmgr32.dll
0x00007ffe499b0000 - 0x00007ffe499bf000 	C:\Program Files\Android\Android Studio\jre\jre\bin\verify.dll
0x00007ffe417f0000 - 0x00007ffe41819000 	C:\Program Files\Android\Android Studio\jre\jre\bin\java.dll
0x00007ffe42e80000 - 0x00007ffe42e96000 	C:\Program Files\Android\Android Studio\jre\jre\bin\zip.dll
0x00007ffe50f60000 - 0x00007ffe51646000 	C:\WINDOWS\System32\SHELL32.dll
0x00007ffe51b30000 - 0x00007ffe51bd9000 	C:\WINDOWS\System32\shcore.dll
0x00007ffe4ef60000 - 0x00007ffe4f6e2000 	C:\WINDOWS\System32\windows.storage.dll
0x00007ffe4eb00000 - 0x00007ffe4eb23000 	C:\WINDOWS\System32\profapi.dll
0x00007ffe4eb50000 - 0x00007ffe4eb9a000 	C:\WINDOWS\System32\powrprof.dll
0x00007ffe4ead0000 - 0x00007ffe4eae0000 	C:\WINDOWS\System32\UMPDC.dll
0x00007ffe50c00000 - 0x00007ffe50c52000 	C:\WINDOWS\System32\shlwapi.dll
0x00007ffe4eae0000 - 0x00007ffe4eaf1000 	C:\WINDOWS\System32\kernel.appcore.dll
0x00007ffe4fcb0000 - 0x00007ffe4fcc7000 	C:\WINDOWS\System32\cryptsp.dll
0x00007ffe417d0000 - 0x00007ffe417ea000 	C:\Program Files\Android\Android Studio\jre\jre\bin\net.dll
0x00007ffe4e2e0000 - 0x00007ffe4e347000 	C:\WINDOWS\system32\mswsock.dll
0x00007ffe42880000 - 0x00007ffe42893000 	C:\Program Files\Android\Android Studio\jre\jre\bin\nio.dll
0x00007ffe428b0000 - 0x00007ffe428d6000 	C:\Users\Asus\.gradle\native\31\windows-amd64\native-platform.dll
0x00007ffe48790000 - 0x00007ffe4879d000 	C:\Program Files\Android\Android Studio\jre\jre\bin\management.dll
0x00007ffe4de50000 - 0x00007ffe4de83000 	C:\WINDOWS\system32\rsaenh.dll
0x00007ffe4fa30000 - 0x00007ffe4fa56000 	C:\WINDOWS\System32\bcrypt.dll
0x00007ffe4e9c0000 - 0x00007ffe4e9e5000 	C:\WINDOWS\SYSTEM32\USERENV.dll
0x00007ffe4e4b0000 - 0x00007ffe4e4bc000 	C:\WINDOWS\SYSTEM32\CRYPTBASE.dll
0x00007ffe4dff0000 - 0x00007ffe4e02a000 	C:\WINDOWS\SYSTEM32\IPHLPAPI.DLL
0x00007ffe4fea0000 - 0x00007ffe4fea8000 	C:\WINDOWS\System32\NSI.dll
0x00007ffe479a0000 - 0x00007ffe479b6000 	C:\WINDOWS\SYSTEM32\dhcpcsvc6.DLL
0x00007ffe47980000 - 0x00007ffe4799c000 	C:\WINDOWS\SYSTEM32\dhcpcsvc.DLL
0x00007ffe4e080000 - 0x00007ffe4e14b000 	C:\WINDOWS\SYSTEM32\DNSAPI.dll
0x00007ffe43590000 - 0x00007ffe435ae000 	C:\Users\Asus\AppData\Local\Temp\native-platform4268746206641180679dir\native-platform.dll

VM Arguments:
jvm_args: -Xmx2048m -Dfile.encoding=windows-1252 -Duser.country=EC -Duser.language=es -Duser.variant 
java_command: org.gradle.launcher.daemon.bootstrap.GradleDaemon 6.1.1
java_class_path (initial): C:\Users\Asus\.gradle\wrapper\dists\gradle-6.1.1-all\cfmwm155h49vnt3hynmlrsdst\gradle-6.1.1\lib\gradle-launcher-6.1.1.jar
Launcher Type: SUN_STANDARD

Environment Variables:
JAVA_HOME=C:\Program Files\Java\jdk1.8.0_111
USERNAME=Asus
OS=Windows_NT
PROCESSOR_IDENTIFIER=Intel64 Family 6 Model 142 Stepping 10, GenuineIntel



---------------  S Y S T E M  ---------------

OS: Windows 10.0 , 64 bit Build 18362 (10.0.18362.959)

CPU:total 8 (initial active 8) (4 cores per cpu, 2 threads per core) family 6 model 142 stepping 10, cmov, cx8, fxsr, mmx, sse, sse2, sse3, ssse3, sse4.1, sse4.2, popcnt, avx, avx2, aes, clmul, erms, 3dnowpref, lzcnt, ht, tsc, tscinvbit, bmi1, bmi2, adx

Memory: 4k page, physical 10906788k(2554428k free), swap 44461220k(3684k free)

vm_info: OpenJDK 64-Bit Server VM (25.242-b01) for windows-amd64 JRE (1.8.0_242-release-1644-b01), built by "builder" with MS VC++ 10.0 (VS2010)

time: Wed Jul 29 21:37:51 2020
timezone: Hora est. Pacífico, Sudamérica
elapsed time: 784 seconds (0d 0h 13m 4s)

