#
# There is insufficient memory for the Java Runtime Environment to continue.
# Native memory allocation (malloc) failed to allocate 1080256 bytes for Chunk::new
# Possible reasons:
#   The system is out of physical RAM or swap space
#   The process is running with CompressedOops enabled, and the Java Heap may be blocking the growth of the native heap
# Possible solutions:
#   Reduce memory load on the system
#   Increase physical memory or swap space
#   Check if swap backing store is full
#   Decrease Java heap size (-Xmx/-Xms)
#   Decrease number of Java threads
#   Decrease Java thread stack sizes (-Xss)
#   Set larger code cache with -XX:ReservedCodeCacheSize=
#   JVM is running with Zero Based Compressed Oops mode in which the Java heap is
#     placed in the first 32GB address space. The Java Heap base address is the
#     maximum limit for the native heap growth. Please use -XX:HeapBaseMinAddress
#     to set the Java Heap base and to place the Java Heap above 32GB virtual address.
# This output file may be truncated or incomplete.
#
#  Out of Memory Error (allocation.cpp:389), pid=24312, tid=0x000000000000550c
#
# JRE version: OpenJDK Runtime Environment (8.0_242-b01) (build 1.8.0_242-release-1644-b01)
# Java VM: OpenJDK 64-Bit Server VM (25.242-b01 mixed mode windows-amd64 compressed oops)
# Failed to write core dump. Minidumps are not enabled by default on client versions of Windows
#

---------------  T H R E A D  ---------------

Current thread (0x000000001aa20000):  JavaThread "C2 CompilerThread2" daemon [_thread_in_native, id=21772, stack(0x000000001b500000,0x000000001b600000)]

Stack: [0x000000001b500000,0x000000001b600000]
[error occurred during error reporting (printing stack bounds), id 0xc0000005]

Native frames: (J=compiled Java code, j=interpreted, Vv=VM code, C=native code)


Current CompileTask:
C2:   4550 4580       4       org.jetbrains.kotlin.load.java.structure.impl.classFiles.BinaryJavaMethodBase$Companion::create (492 bytes)


---------------  P R O C E S S  ---------------

Java Threads: ( => current thread )
  0x000000001aa4e800 JavaThread "Service Thread" daemon [_thread_blocked, id=28588, stack(0x000000001b700000,0x000000001b800000)]
  0x000000001aa2f000 JavaThread "C1 CompilerThread3" daemon [_thread_blocked, id=26792, stack(0x000000001b600000,0x000000001b700000)]
=>0x000000001aa20000 JavaThread "C2 CompilerThread2" daemon [_thread_in_native, id=21772, stack(0x000000001b500000,0x000000001b600000)]
  0x000000001aa1c000 JavaThread "C2 CompilerThread1" daemon [_thread_blocked, id=11020, stack(0x000000001b400000,0x000000001b500000)]
  0x000000001aa17800 JavaThread "C2 CompilerThread0" daemon [_thread_in_native, id=30336, stack(0x000000001b300000,0x000000001b400000)]
  0x000000001aa16800 JavaThread "Attach Listener" daemon [_thread_blocked, id=18288, stack(0x000000001b200000,0x000000001b300000)]
  0x000000001aa15000 JavaThread "Signal Dispatcher" daemon [_thread_blocked, id=16480, stack(0x000000001b100000,0x000000001b200000)]
  0x00000000024cd000 JavaThread "Finalizer" daemon [_thread_blocked, id=31896, stack(0x000000001aee0000,0x000000001afe0000)]
  0x000000001aa00800 JavaThread "Reference Handler" daemon [_thread_blocked, id=27760, stack(0x000000001ade0000,0x000000001aee0000)]
  0x00000000023d6800 JavaThread "main" [_thread_in_vm, id=18852, stack(0x00000000022a0000,0x00000000023a0000)]

Other Threads:
  0x0000000018bf8800 VMThread [stack: 0x000000001a8e0000,0x000000001a9e0000] [id=32248]
  0x000000001aa4f800 WatcherThread [stack: 0x000000001b800000,0x000000001b900000] [id=31912]

VM state:not at safepoint (normal execution)

VM Mutex/Monitor currently owned by a thread: None

heap address: 0x0000000719800000, size: 2664 MB, Compressed Oops mode: Zero based, Oop shift amount: 3
Narrow klass base: 0x0000000000000000, Narrow klass shift: 3
Compressed class space size: 1073741824 Address: 0x00000007c0000000

Heap:
 PSYoungGen      total 66560K, used 61169K [0x0000000788800000, 0x000000078f400000, 0x00000007c0000000)
  eden space 59392K, 90% used [0x0000000788800000,0x000000078bcbcce0,0x000000078c200000)
  from space 7168K, 99% used [0x000000078c200000,0x000000078c8ff8d0,0x000000078c900000)
  to   space 16896K, 0% used [0x000000078e380000,0x000000078e380000,0x000000078f400000)
 ParOldGen       total 149504K, used 27171K [0x0000000719800000, 0x0000000722a00000, 0x0000000788800000)
  object space 149504K, 18% used [0x0000000719800000,0x000000071b288d90,0x0000000722a00000)
 Metaspace       used 42038K, capacity 42698K, committed 43056K, reserved 1087488K
  class space    used 5164K, capacity 5318K, committed 5424K, reserved 1048576K

Card table byte_map: [0x0000000011890000,0x0000000011dd0000] byte_map_base: 0x000000000dfc4000

Marking Bits: (ParMarkBitMap*) 0x0000000068f6f030
 Begin Bits: [0x0000000012950000, 0x00000000152f0000)
 End Bits:   [0x00000000152f0000, 0x0000000017c90000)

Polling page: 0x0000000000990000

CodeCache: size=245760Kb used=15219Kb max_used=15228Kb free=230540Kb
 bounds [0x00000000024d0000, 0x00000000033c0000, 0x00000000114d0000]
 total_blobs=5174 nmethods=4711 adapters=375
 compilation: enabled

Compilation events (10 events):
Event: 4.535 Thread 0x000000001aa2f000 nmethod 4713 0x00000000033b6dd0 code [0x00000000033b6fc0, 0x00000000033b78f8]
Event: 4.547 Thread 0x000000001aa2f000 4715       3       java.lang.invoke.LambdaForm::signatureArity (28 bytes)
Event: 4.547 Thread 0x000000001aa2f000 nmethod 4715 0x00000000033b3190 code [0x00000000033b3300, 0x00000000033b35e8]
Event: 4.547 Thread 0x000000001aa2f000 4716       3       org.jetbrains.kotlin.com.google.common.collect.Maps::capacity (34 bytes)
Event: 4.547 Thread 0x000000001aa2f000 nmethod 4716 0x00000000033b6950 code [0x00000000033b6b00, 0x00000000033b6d48]
Event: 4.548 Thread 0x000000001aa1c000 4717       4       jdk.internal.org.objectweb.asm.ByteVector::putByte (39 bytes)
Event: 4.548 Thread 0x000000001aa17800 4718       4       jdk.internal.org.objectweb.asm.ClassWriter::newUTF8 (70 bytes)
Event: 4.549 Thread 0x000000001aa2f000 4719       3       jdk.internal.org.objectweb.asm.ByteVector::put11 (52 bytes)
Event: 4.549 Thread 0x000000001aa2f000 nmethod 4719 0x00000000033b6410 code [0x00000000033b6580, 0x00000000033b67e8]
Event: 4.549 Thread 0x000000001aa2f000 4720       3       java.lang.AbstractStringBuilder::append (40 bytes)

GC Heap History (10 events):
Event: 1.372 GC heap before
{Heap before GC invocations=3 (full 1):
 PSYoungGen      total 50176K, used 7163K [0x0000000788800000, 0x000000078ea00000, 0x00000007c0000000)
  eden space 43008K, 0% used [0x0000000788800000,0x0000000788800000,0x000000078b200000)
  from space 7168K, 99% used [0x000000078b900000,0x000000078bffef78,0x000000078c000000)
  to   space 7168K, 0% used [0x000000078b200000,0x000000078b200000,0x000000078b900000)
 ParOldGen       total 114688K, used 9504K [0x0000000719800000, 0x0000000720800000, 0x0000000788800000)
  object space 114688K, 8% used [0x0000000719800000,0x000000071a148208,0x0000000720800000)
 Metaspace       used 20815K, capacity 21188K, committed 21296K, reserved 1069056K
  class space    used 2465K, capacity 2594K, committed 2608K, reserved 1048576K
Event: 1.400 GC heap after
Heap after GC invocations=3 (full 1):
 PSYoungGen      total 50176K, used 0K [0x0000000788800000, 0x000000078ea00000, 0x00000007c0000000)
  eden space 43008K, 0% used [0x0000000788800000,0x0000000788800000,0x000000078b200000)
  from space 7168K, 0% used [0x000000078b900000,0x000000078b900000,0x000000078c000000)
  to   space 7168K, 0% used [0x000000078b200000,0x000000078b200000,0x000000078b900000)
 ParOldGen       total 89088K, used 13019K [0x0000000719800000, 0x000000071ef00000, 0x0000000788800000)
  object space 89088K, 14% used [0x0000000719800000,0x000000071a4b6eb8,0x000000071ef00000)
 Metaspace       used 20815K, capacity 21188K, committed 21296K, reserved 1069056K
  class space    used 2465K, capacity 2594K, committed 2608K, reserved 1048576K
}
Event: 2.160 GC heap before
{Heap before GC invocations=4 (full 1):
 PSYoungGen      total 50176K, used 43008K [0x0000000788800000, 0x000000078ea00000, 0x00000007c0000000)
  eden space 43008K, 100% used [0x0000000788800000,0x000000078b200000,0x000000078b200000)
  from space 7168K, 0% used [0x000000078b900000,0x000000078b900000,0x000000078c000000)
  to   space 7168K, 0% used [0x000000078b200000,0x000000078b200000,0x000000078b900000)
 ParOldGen       total 89088K, used 13019K [0x0000000719800000, 0x000000071ef00000, 0x0000000788800000)
  object space 89088K, 14% used [0x0000000719800000,0x000000071a4b6eb8,0x000000071ef00000)
 Metaspace       used 26642K, capacity 27141K, committed 27440K, reserved 1073152K
  class space    used 3191K, capacity 3352K, committed 3376K, reserved 1048576K
Event: 2.166 GC heap after
Heap after GC invocations=4 (full 1):
 PSYoungGen      total 50176K, used 7151K [0x0000000788800000, 0x000000078d000000, 0x00000007c0000000)
  eden space 43008K, 0% used [0x0000000788800000,0x0000000788800000,0x000000078b200000)
  from space 7168K, 99% used [0x000000078b200000,0x000000078b8fbc98,0x000000078b900000)
  to   space 7168K, 0% used [0x000000078c900000,0x000000078c900000,0x000000078d000000)
 ParOldGen       total 89088K, used 16659K [0x0000000719800000, 0x000000071ef00000, 0x0000000788800000)
  object space 89088K, 18% used [0x0000000719800000,0x000000071a844d90,0x000000071ef00000)
 Metaspace       used 26642K, capacity 27141K, committed 27440K, reserved 1073152K
  class space    used 3191K, capacity 3352K, committed 3376K, reserved 1048576K
}
Event: 2.835 GC heap before
{Heap before GC invocations=5 (full 1):
 PSYoungGen      total 50176K, used 48322K [0x0000000788800000, 0x000000078d000000, 0x00000007c0000000)
  eden space 43008K, 95% used [0x0000000788800000,0x000000078b034d98,0x000000078b200000)
  from space 7168K, 99% used [0x000000078b200000,0x000000078b8fbc98,0x000000078b900000)
  to   space 7168K, 0% used [0x000000078c900000,0x000000078c900000,0x000000078d000000)
 ParOldGen       total 89088K, used 16659K [0x0000000719800000, 0x000000071ef00000, 0x0000000788800000)
  object space 89088K, 18% used [0x0000000719800000,0x000000071a844d90,0x000000071ef00000)
 Metaspace       used 34759K, capacity 35340K, committed 35496K, reserved 1081344K
  class space    used 4445K, capacity 4593K, committed 4656K, reserved 1048576K
Event: 2.846 GC heap after
Heap after GC invocations=5 (full 1):
 PSYoungGen      total 66560K, used 7147K [0x0000000788800000, 0x000000078d080000, 0x00000007c0000000)
  eden space 59392K, 0% used [0x0000000788800000,0x0000000788800000,0x000000078c200000)
  from space 7168K, 99% used [0x000000078c900000,0x000000078cffadd8,0x000000078d000000)
  to   space 7168K, 0% used [0x000000078c200000,0x000000078c200000,0x000000078c900000)
 ParOldGen       total 89088K, used 25999K [0x0000000719800000, 0x000000071ef00000, 0x0000000788800000)
  object space 89088K, 29% used [0x0000000719800000,0x000000071b163f60,0x000000071ef00000)
 Metaspace       used 34759K, capacity 35340K, committed 35496K, reserved 1081344K
  class space    used 4445K, capacity 4593K, committed 4656K, reserved 1048576K
}
Event: 2.846 GC heap before
{Heap before GC invocations=6 (full 2):
 PSYoungGen      total 66560K, used 7147K [0x0000000788800000, 0x000000078d080000, 0x00000007c0000000)
  eden space 59392K, 0% used [0x0000000788800000,0x0000000788800000,0x000000078c200000)
  from space 7168K, 99% used [0x000000078c900000,0x000000078cffadd8,0x000000078d000000)
  to   space 7168K, 0% used [0x000000078c200000,0x000000078c200000,0x000000078c900000)
 ParOldGen       total 89088K, used 25999K [0x0000000719800000, 0x000000071ef00000, 0x0000000788800000)
  object space 89088K, 29% used [0x0000000719800000,0x000000071b163f60,0x000000071ef00000)
 Metaspace       used 34759K, capacity 35340K, committed 35496K, reserved 1081344K
  class space    used 4445K, capacity 4593K, committed 4656K, reserved 1048576K
Event: 2.912 GC heap after
Heap after GC invocations=6 (full 2):
 PSYoungGen      total 66560K, used 0K [0x0000000788800000, 0x000000078d080000, 0x00000007c0000000)
  eden space 59392K, 0% used [0x0000000788800000,0x0000000788800000,0x000000078c200000)
  from space 7168K, 0% used [0x000000078c900000,0x000000078c900000,0x000000078d000000)
  to   space 7168K, 0% used [0x000000078c200000,0x000000078c200000,0x000000078c900000)
 ParOldGen       total 149504K, used 21768K [0x0000000719800000, 0x0000000722a00000, 0x0000000788800000)
  object space 149504K, 14% used [0x0000000719800000,0x000000071ad422e8,0x0000000722a00000)
 Metaspace       used 34759K, capacity 35340K, committed 35496K, reserved 1081344K
  class space    used 4445K, capacity 4593K, committed 4656K, reserved 1048576K
}
Event: 3.723 GC heap before
{Heap before GC invocations=7 (full 2):
 PSYoungGen      total 66560K, used 59392K [0x0000000788800000, 0x000000078d080000, 0x00000007c0000000)
  eden space 59392K, 100% used [0x0000000788800000,0x000000078c200000,0x000000078c200000)
  from space 7168K, 0% used [0x000000078c900000,0x000000078c900000,0x000000078d000000)
  to   space 7168K, 0% used [0x000000078c200000,0x000000078c200000,0x000000078c900000)
 ParOldGen       total 149504K, used 21768K [0x0000000719800000, 0x0000000722a00000, 0x0000000788800000)
  object space 149504K, 14% used [0x0000000719800000,0x000000071ad422e8,0x0000000722a00000)
 Metaspace       used 39650K, capacity 40340K, committed 40496K, reserved 1085440K
  class space    used 4993K, capacity 5165K, committed 5168K, reserved 1048576K
Event: 3.733 GC heap after
Heap after GC invocations=7 (full 2):
 PSYoungGen      total 66560K, used 7166K [0x0000000788800000, 0x000000078f400000, 0x00000007c0000000)
  eden space 59392K, 0% used [0x0000000788800000,0x0000000788800000,0x000000078c200000)
  from space 7168K, 99% used [0x000000078c200000,0x000000078c8ff8d0,0x000000078c900000)
  to   space 16896K, 0% used [0x000000078e380000,0x000000078e380000,0x000000078f400000)
 ParOldGen       total 149504K, used 27171K [0x0000000719800000, 0x0000000722a00000, 0x0000000788800000)
  object space 149504K, 18% used [0x0000000719800000,0x000000071b288d90,0x0000000722a00000)
 Metaspace       used 39650K, capacity 40340K, committed 40496K, reserved 1085440K
  class space    used 4993K, capacity 5165K, committed 5168K, reserved 1048576K
}

Deoptimization events (10 events):
Event: 4.479 Thread 0x00000000023d6800 Uncommon trap: reason=class_check action=maybe_recompile pc=0x000000000320ccb0 method=org.jetbrains.kotlin.load.java.lazy.descriptors.LazyJavaScope.getFunctionNamesLazy()Ljava/util/Set; @ 13
Event: 4.479 Thread 0x00000000023d6800 Uncommon trap: reason=bimorphic action=maybe_recompile pc=0x0000000002f6f564 method=java.util.regex.Pattern$Start.match(Ljava/util/regex/Matcher;ILjava/lang/CharSequence;)Z @ 44
Event: 4.479 Thread 0x00000000023d6800 Uncommon trap: reason=bimorphic action=maybe_recompile pc=0x0000000002f6f564 method=java.util.regex.Pattern$Start.match(Ljava/util/regex/Matcher;ILjava/lang/CharSequence;)Z @ 44
Event: 4.479 Thread 0x00000000023d6800 Uncommon trap: reason=bimorphic action=maybe_recompile pc=0x0000000002f6f564 method=java.util.regex.Pattern$Start.match(Ljava/util/regex/Matcher;ILjava/lang/CharSequence;)Z @ 44
Event: 4.523 Thread 0x00000000023d6800 Uncommon trap: reason=unstable_if action=reinterpret pc=0x0000000002e9f54c method=org.jetbrains.kotlin.name.Name.hashCode()I @ 16
Event: 4.528 Thread 0x00000000023d6800 Uncommon trap: reason=class_check action=maybe_recompile pc=0x000000000332cbf0 method=org.jetbrains.kotlin.types.AbstractTypeConstructor.getSupertypes()Ljava/util/Collection; @ 4
Event: 4.528 Thread 0x00000000023d6800 Uncommon trap: reason=class_check action=maybe_recompile pc=0x000000000332cbf0 method=org.jetbrains.kotlin.types.AbstractTypeConstructor.getSupertypes()Ljava/util/Collection; @ 4
Event: 4.528 Thread 0x00000000023d6800 Uncommon trap: reason=class_check action=maybe_recompile pc=0x000000000332cbf0 method=org.jetbrains.kotlin.types.AbstractTypeConstructor.getSupertypes()Ljava/util/Collection; @ 4
Event: 4.528 Thread 0x00000000023d6800 Uncommon trap: reason=class_check action=maybe_recompile pc=0x000000000332cbf0 method=org.jetbrains.kotlin.types.AbstractTypeConstructor.getSupertypes()Ljava/util/Collection; @ 4
Event: 4.538 Thread 0x00000000023d6800 Uncommon trap: reason=predicate action=maybe_recompile pc=0x0000000002cc1a54 method=org.jetbrains.kotlin.com.intellij.util.text.CharArrayUtil.getChars(Ljava/lang/CharSequence;[CIII)V @ 210

Classes redefined (0 events):
No events

Internal exceptions (10 events):
Event: 1.144 Thread 0x00000000023d6800 Exception <a 'java/lang/NoSuchMethodError': java.lang.Object.lambda$static$0()J> (0x000000078a11bd58) thrown at [C:\src\AOSP-openjdk-git\hotspot\src\share\vm\interpreter\linkResolver.cpp, line 620]
Event: 1.258 Thread 0x00000000023d6800 Exception <a 'java/lang/NoSuchMethodError': java.lang.Object.lambda$static$0(I)[Lorg/jetbrains/kotlin/com/intellij/openapi/editor/event/DocumentListener;> (0x000000078a868320) thrown at [C:\src\AOSP-openjdk-git\hotspot\src\share\vm\interpreter\linkResolve
Event: 1.281 Thread 0x00000000023d6800 Exception <a 'java/lang/NoSuchMethodError': java.lang.Object.lambda$static$0(I)[Lorg/jetbrains/kotlin/com/intellij/psi/PsiAnnotation;> (0x000000078aa85ec0) thrown at [C:\src\AOSP-openjdk-git\hotspot\src\share\vm\interpreter\linkResolver.cpp, line 620]
Event: 1.353 Thread 0x00000000023d6800 Exception <a 'java/lang/NoSuchMethodError': java.lang.Object.lambda$static$0(I)[Lorg/jetbrains/kotlin/com/intellij/psi/PsiElement;> (0x000000078afc94b8) thrown at [C:\src\AOSP-openjdk-git\hotspot\src\share\vm\interpreter\linkResolver.cpp, line 620]
Event: 2.159 Thread 0x00000000023d6800 Exception <a 'java/lang/ArrayIndexOutOfBoundsException': 126> (0x000000078b19ea70) thrown at [C:\src\AOSP-openjdk-git\hotspot\src\share\vm\interpreter\interpreterRuntime.cpp, line 368]
Event: 2.159 Thread 0x00000000023d6800 Exception <a 'java/lang/ArrayIndexOutOfBoundsException': 86> (0x000000078b19fef8) thrown at [C:\src\AOSP-openjdk-git\hotspot\src\share\vm\interpreter\interpreterRuntime.cpp, line 368]
Event: 2.754 Thread 0x00000000023d6800 Exception <a 'java/lang/NoSuchMethodError': java.lang.Object.lambda$static$0(I)[Lorg/jetbrains/kotlin/psi/KtExpression;> (0x000000078ad2f640) thrown at [C:\src\AOSP-openjdk-git\hotspot\src\share\vm\interpreter\linkResolver.cpp, line 620]
Event: 2.913 Thread 0x00000000023d6800 Exception <a 'java/lang/NoSuchMethodError': java.lang.Object.lambda$static$0(I)[Lorg/jetbrains/kotlin/psi/KtDeclaration;> (0x0000000788804420) thrown at [C:\src\AOSP-openjdk-git\hotspot\src\share\vm\interpreter\linkResolver.cpp, line 620]
Event: 3.044 Thread 0x00000000023d6800 Exception <a 'java/lang/NoSuchMethodError': java.lang.Object.lambda$static$0(I)[Lorg/jetbrains/kotlin/psi/KtTypeElement;> (0x0000000789017788) thrown at [C:\src\AOSP-openjdk-git\hotspot\src\share\vm\interpreter\linkResolver.cpp, line 620]
Event: 3.496 Thread 0x00000000023d6800 Exception <a 'java/lang/NoSuchMethodError': java.lang.Object.lambda$static$0(I)[Lorg/jetbrains/kotlin/com/intellij/psi/PsiClass;> (0x000000078b8ee728) thrown at [C:\src\AOSP-openjdk-git\hotspot\src\share\vm\interpreter\linkResolver.cpp, line 620]

Events (10 events):
Event: 4.547 loading class org/jetbrains/kotlin/resolve/calls/context/TemporaryTraceAndCache
Event: 4.547 loading class org/jetbrains/kotlin/resolve/calls/context/TemporaryTraceAndCache done
Event: 4.548 loading class org/jetbrains/kotlin/storage/LockBasedLazyResolveStorageManager$LockProtectedContext$getDiagnostics$1
Event: 4.548 loading class org/jetbrains/kotlin/storage/LockBasedLazyResolveStorageManager$LockProtectedContext$getDiagnostics$1 done
Event: 4.548 loading class org/jetbrains/kotlin/resolve/calls/context/TemporaryResolutionResultsCache
Event: 4.548 loading class org/jetbrains/kotlin/resolve/calls/context/TemporaryResolutionResultsCache done
Event: 4.548 loading class org/jetbrains/kotlin/resolve/calls/tower/NewResolutionOldInference$ResolutionKind
Event: 4.548 loading class org/jetbrains/kotlin/resolve/calls/tower/NewResolutionOldInference$ResolutionKind done
Event: 4.548 loading class org/jetbrains/kotlin/resolve/calls/CallResolver
Event: 4.548 loading class org/jetbrains/kotlin/resolve/calls/CallResolver done


Dynamic libraries:
0x00007ff64e1c0000 - 0x00007ff64e1f1000 	C:\Program Files\Android\Android Studio\jre\jre\bin\java.exe
0x00007ffe51c20000 - 0x00007ffe51e10000 	C:\WINDOWS\SYSTEM32\ntdll.dll
0x00007ffe4fde0000 - 0x00007ffe4fe92000 	C:\WINDOWS\System32\KERNEL32.DLL
0x00007ffe4eba0000 - 0x00007ffe4ee44000 	C:\WINDOWS\System32\KERNELBASE.dll
0x00007ffe4fcd0000 - 0x00007ffe4fd73000 	C:\WINDOWS\System32\ADVAPI32.dll
0x00007ffe50df0000 - 0x00007ffe50e8e000 	C:\WINDOWS\System32\msvcrt.dll
0x00007ffe4ff80000 - 0x00007ffe50017000 	C:\WINDOWS\System32\sechost.dll
0x00007ffe50ae0000 - 0x00007ffe50c00000 	C:\WINDOWS\System32\RPCRT4.dll
0x00007ffe50940000 - 0x00007ffe50ad4000 	C:\WINDOWS\System32\USER32.dll
0x00007ffe4f9b0000 - 0x00007ffe4f9d1000 	C:\WINDOWS\System32\win32u.dll
0x00007ffe50c60000 - 0x00007ffe50c86000 	C:\WINDOWS\System32\GDI32.dll
0x00007ffe4f810000 - 0x00007ffe4f9a6000 	C:\WINDOWS\System32\gdi32full.dll
0x00007ffe4f6f0000 - 0x00007ffe4f78e000 	C:\WINDOWS\System32\msvcp_win.dll
0x00007ffe4fbb0000 - 0x00007ffe4fcaa000 	C:\WINDOWS\System32\ucrtbase.dll
0x00007ffe39f90000 - 0x00007ffe3a214000 	C:\WINDOWS\WinSxS\amd64_microsoft.windows.common-controls_6595b64144ccf1df_6.0.18362.959_none_e6c7bbbf130c62bb\COMCTL32.dll
0x00007ffe50600000 - 0x00007ffe50935000 	C:\WINDOWS\System32\combase.dll
0x00007ffe4f790000 - 0x00007ffe4f810000 	C:\WINDOWS\System32\bcryptPrimitives.dll
0x00007ffe50160000 - 0x00007ffe5018e000 	C:\WINDOWS\System32\IMM32.DLL
0x00000000686c0000 - 0x0000000068792000 	C:\Program Files\Android\Android Studio\jre\jre\bin\msvcr100.dll
0x00000000687a0000 - 0x0000000068feb000 	C:\Program Files\Android\Android Studio\jre\jre\bin\server\jvm.dll
0x00007ffe51650000 - 0x00007ffe51658000 	C:\WINDOWS\System32\PSAPI.DLL
0x00007ffe46940000 - 0x00007ffe4694a000 	C:\WINDOWS\SYSTEM32\VERSION.dll
0x00007ffe46df0000 - 0x00007ffe46df9000 	C:\WINDOWS\SYSTEM32\WSOCK32.dll
0x00007ffe443c0000 - 0x00007ffe443e4000 	C:\WINDOWS\SYSTEM32\WINMM.dll
0x00007ffe50ef0000 - 0x00007ffe50f5f000 	C:\WINDOWS\System32\WS2_32.dll
0x00007ffe44100000 - 0x00007ffe4412d000 	C:\WINDOWS\SYSTEM32\winmmbase.dll
0x00007ffe4f9e0000 - 0x00007ffe4fa2a000 	C:\WINDOWS\System32\cfgmgr32.dll
0x00007ffe499b0000 - 0x00007ffe499bf000 	C:\Program Files\Android\Android Studio\jre\jre\bin\verify.dll
0x00007ffe417f0000 - 0x00007ffe41819000 	C:\Program Files\Android\Android Studio\jre\jre\bin\java.dll
0x00007ffe42e80000 - 0x00007ffe42e96000 	C:\Program Files\Android\Android Studio\jre\jre\bin\zip.dll
0x00007ffe50f60000 - 0x00007ffe51646000 	C:\WINDOWS\System32\SHELL32.dll
0x00007ffe51b30000 - 0x00007ffe51bd9000 	C:\WINDOWS\System32\shcore.dll
0x00007ffe4ef60000 - 0x00007ffe4f6e2000 	C:\WINDOWS\System32\windows.storage.dll
0x00007ffe4eb00000 - 0x00007ffe4eb23000 	C:\WINDOWS\System32\profapi.dll
0x00007ffe4eb50000 - 0x00007ffe4eb9a000 	C:\WINDOWS\System32\powrprof.dll
0x00007ffe4ead0000 - 0x00007ffe4eae0000 	C:\WINDOWS\System32\UMPDC.dll
0x00007ffe50c00000 - 0x00007ffe50c52000 	C:\WINDOWS\System32\shlwapi.dll
0x00007ffe4eae0000 - 0x00007ffe4eaf1000 	C:\WINDOWS\System32\kernel.appcore.dll
0x00007ffe4fcb0000 - 0x00007ffe4fcc7000 	C:\WINDOWS\System32\cryptsp.dll
0x00007ffe417d0000 - 0x00007ffe417ea000 	C:\Program Files\Android\Android Studio\jre\jre\bin\net.dll
0x00007ffe4e2e0000 - 0x00007ffe4e347000 	C:\WINDOWS\system32\mswsock.dll
0x00007ffe42880000 - 0x00007ffe42893000 	C:\Program Files\Android\Android Studio\jre\jre\bin\nio.dll

VM Arguments:
java_command: org.jetbrains.kotlin.cli.jvm.K2JVMCompiler -Xallow-no-source-files -classpath C:\Users\Asus\Documents\GitHub\mov-silva-andrea\CRUApp\app\build\intermediates\compile_and_runtime_not_namespaced_r_class_jar\debug\R.jar;C:\Users\Asus\.gradle\caches\transforms-2\files-2.1\d8ecf77db437180f5945578a4d2539b5\jetified-kotlin-android-extensions-runtime-1.3.72.jar;C:\Users\Asus\.gradle\caches\transforms-2\files-2.1\58717fd35b9f8892fe9be42af9e828a2\jetified-core-ktx-1.3.0-api.jar;C:\Users\Asus\.gradle\caches\transforms-2\files-2.1\d7918a34a298ce6afd050963fe8285f4\jetified-kotlin-stdlib-1.3.72.jar;C:\Users\Asus\.gradle\caches\transforms-2\files-2.1\7a610442c037d944b5571b97c8bc4008\jetified-kotlin-stdlib-common-1.3.72.jar;C:\Users\Asus\.gradle\caches\transforms-2\files-2.1\b5ebe2cccd14b8a63e84eff597aa9d39\jetified-annotations-13.0.jar;C:\Users\Asus\.gradle\caches\transforms-2\files-2.1\6346ad293ce0dc7ca4519590745d37e2\appcompat-1.1.0-api.jar;C:\Users\Asus\.gradle\caches\transforms-2\files-2.1\bad9133806d0e6c17c5a646b095e10cf\fragment-1.1.0-api.jar;C:\Users\Asus\.gradle\caches\transforms-2\files-2.1\573ac89088ae58f443ffe889cc5549e3\jetified-appcompat-resources-1.1.0-api.jar;C:\Users\Asus\.gradle\caches\transforms-2\files-2.1\bbaf16160d0fa95398e1045beb1d0010\drawerlayout-1.0.0-api.jar;C:\Users\Asus\.gradle\caches\transforms-2\files-2.1\3fd228e3ff76b95fe97ea7f2e2a78818\viewpager-1.0.0-api.jar;C:\Users\Asus\.gradle\caches\transforms-2\files-2.1\88de42c7f900dd67b54e6b2166f3a37a\loader-1.0.0-api.jar;C:\Users\Asus\.gradle\caches\transforms-2\files-2.1\8535ab70bb651513ebc4459b595a4dc4\jetified-activity-1.0.0-api.jar;C:\Users\Asus\.gradle\caches\transforms-2\files-2.1\09f1405faca12a7c354e1276ae92d60a\vectordrawable-animated-1.1.0-api.jar;C:\Users\Asus\.gradle\caches\transforms-2\files-2.1\0e5da3aaa8fb5db4904296d6b2ff36c1\vectordrawable-1.1.0-api.jar;C:\Users\Asus\.gradle\caches\transforms-2\files-2.1\5c99a88195e5ff342896ce52cc5bba45\customview-1.0.0-api.jar;C:\Users\Asus\.g
java_class_path (initial): C:\Users\Asus\.gradle\caches\modules-2\files-2.1\org.jetbrains.kotlin\kotlin-compiler-embeddable\1.3.72\fb72232c8fa977d5e07d33c43381ddbdc5edab6\kotlin-compiler-embeddable-1.3.72.jar;C:\Users\Asus\.gradle\caches\modules-2\files-2.1\org.jetbrains.kotlin\kotlin-reflect\1.3.72\86613e1a669a701b0c660bfd2af4f82a7ae11fca\kotlin-reflect-1.3.72.jar;C:\Users\Asus\.gradle\caches\modules-2\files-2.1\org.jetbrains.kotlin\kotlin-stdlib\1.3.72\8032138f12c0180bc4e51fe139d4c52b46db6109\kotlin-stdlib-1.3.72.jar;C:\Users\Asus\.gradle\caches\modules-2\files-2.1\org.jetbrains.kotlin\kotlin-script-runtime\1.3.72\657d8d34d91e1964b4439378c09933e840bfe8d5\kotlin-script-runtime-1.3.72.jar;C:\Users\Asus\.gradle\caches\modules-2\files-2.1\org.jetbrains.kotlin\kotlin-daemon-embeddable\1.3.72\53bbaa2816dbf6bdb85f629451b1fcc88f2164d2\kotlin-daemon-embeddable-1.3.72.jar;C:\Users\Asus\.gradle\caches\modules-2\files-2.1\org.jetbrains.intellij.deps\trove4j\1.0.20181211\216c2e14b070f334479d800987affe4054cd563f\trove4j-1.0.20181211.jar;C:\Users\Asus\.gradle\caches\modules-2\files-2.1\org.jetbrains.kotlin\kotlin-stdlib-common\1.3.72\6ca8bee3d88957eaaaef077c41c908c9940492d8\kotlin-stdlib-common-1.3.72.jar;C:\Users\Asus\.gradle\caches\modules-2\files-2.1\org.jetbrains\annotations\13.0\919f0dfe192fb4e063e7dacadee7f8bb9a2672a9\annotations-13.0.jar;C:\Program Files\Android\Android Studio\jre\lib\tools.jar
Launcher Type: SUN_STANDARD

Environment Variables:
JAVA_HOME=C:\Program Files\Java\jdk1.8.0_111
USERNAME=Asus
OS=Windows_NT
PROCESSOR_IDENTIFIER=Intel64 Family 6 Model 142 Stepping 10, GenuineIntel



---------------  S Y S T E M  ---------------

OS: Windows 10.0 , 64 bit Build 18362 (10.0.18362.959)

CPU:total 8 (initial active 8) (4 cores per cpu, 2 threads per core) family 6 model 142 stepping 10, cmov, cx8, fxsr, mmx, sse, sse2, sse3, ssse3, sse4.1, sse4.2, popcnt, avx, avx2, aes, clmul, erms, 3dnowpref, lzcnt, ht, tsc, tscinvbit, bmi1, bmi2, adx

Memory: 4k page, physical 10906788k(3100948k free), swap 44461220k(5888k free)

vm_info: OpenJDK 64-Bit Server VM (25.242-b01) for windows-amd64 JRE (1.8.0_242-release-1644-b01), built by "builder" with MS VC++ 10.0 (VS2010)

time: Wed Jul 29 21:06:43 2020
timezone: Hora est. Pacífico, Sudamérica
elapsed time: 4 seconds (0d 0h 0m 4s)

