#
# There is insufficient memory for the Java Runtime Environment to continue.
# Native memory allocation (malloc) failed to allocate 1444496 bytes for Chunk::new
# Possible reasons:
#   The system is out of physical RAM or swap space
#   The process is running with CompressedOops enabled, and the Java Heap may be blocking the growth of the native heap
# Possible solutions:
#   Reduce memory load on the system
#   Increase physical memory or swap space
#   Check if swap backing store is full
#   Decrease Java heap size (-Xmx/-Xms)
#   Decrease number of Java threads
#   Decrease Java thread stack sizes (-Xss)
#   Set larger code cache with -XX:ReservedCodeCacheSize=
#   JVM is running with Unscaled Compressed Oops mode in which the Java heap is
#     placed in the first 4GB address space. The Java Heap base address is the
#     maximum limit for the native heap growth. Please use -XX:HeapBaseMinAddress
#     to set the Java Heap base and to place the Java Heap above 4GB virtual address.
# This output file may be truncated or incomplete.
#
#  Out of Memory Error (allocation.cpp:389), pid=31012, tid=0x0000000000007354
#
# JRE version: OpenJDK Runtime Environment (8.0_242-b01) (build 1.8.0_242-release-1644-b01)
# Java VM: OpenJDK 64-Bit Server VM (25.242-b01 mixed mode windows-amd64 compressed oops)
# Failed to write core dump. Minidumps are not enabled by default on client versions of Windows
#

---------------  T H R E A D  ---------------

Current thread (0x0000000019979000):  JavaThread "C2 CompilerThread2" daemon [_thread_in_native, id=29524, stack(0x000000001a450000,0x000000001a550000)]

Stack: [0x000000001a450000,0x000000001a550000]
[error occurred during error reporting (printing stack bounds), id 0xc0000005]

Native frames: (J=compiled Java code, j=interpreted, Vv=VM code, C=native code)


Current CompileTask:
C2:13354634 22114 %     4       com.android.tools.r8.ir.regalloc.a::a @ 2115 (3993 bytes)


---------------  P R O C E S S  ---------------

Java Threads: ( => current thread )
  0x00000000222dc800 JavaThread "WorkerExecutor Queue Thread 10" [_thread_blocked, id=8132, stack(0x00000000308f0000,0x00000000309f0000)]
  0x00000000222db000 JavaThread "WorkerExecutor Queue Thread 9" [_thread_blocked, id=22596, stack(0x000000002da50000,0x000000002db50000)]
  0x00000000222dd000 JavaThread "ForkJoinPool.commonPool-worker-4" daemon [_thread_blocked, id=12596, stack(0x0000000031520000,0x0000000031620000)]
  0x00000000222de800 JavaThread "ForkJoinPool.commonPool-worker-3" daemon [_thread_blocked, id=9872, stack(0x0000000031420000,0x0000000031520000)]
  0x00000000222df800 JavaThread "ForkJoinPool.commonPool-worker-2" daemon [_thread_blocked, id=23948, stack(0x0000000031320000,0x0000000031420000)]
  0x00000000222de000 JavaThread "ForkJoinPool.commonPool-worker-1" daemon [_thread_blocked, id=31800, stack(0x0000000031220000,0x0000000031320000)]
  0x00000000222d2000 JavaThread "ForkJoinPool.commonPool-worker-0" daemon [_thread_blocked, id=32220, stack(0x0000000031120000,0x0000000031220000)]
  0x00000000222d7000 JavaThread "ForkJoinPool.commonPool-worker-7" daemon [_thread_blocked, id=28052, stack(0x0000000030f20000,0x0000000031020000)]
  0x00000000222d5000 JavaThread "ForkJoinPool.commonPool-worker-6" daemon [_thread_blocked, id=12172, stack(0x0000000030e20000,0x0000000030f20000)]
  0x00000000222d1000 JavaThread "stdout" [_thread_in_native, id=18212, stack(0x000000002e850000,0x000000002e950000)]
  0x00000000222d4000 JavaThread "stderr" [_thread_in_native, id=18200, stack(0x000000002e750000,0x000000002e850000)]
  0x00000000222d3800 JavaThread "stdout" [_thread_in_native, id=12160, stack(0x000000002e650000,0x000000002e750000)]
  0x00000000222d2800 JavaThread "stderr" [_thread_in_native, id=17876, stack(0x000000002e550000,0x000000002e650000)]
  0x00000000222d6800 JavaThread "stdout" [_thread_in_native, id=24908, stack(0x000000002e450000,0x000000002e550000)]
  0x00000000222d5800 JavaThread "stderr" [_thread_in_native, id=33056, stack(0x000000002e350000,0x000000002e450000)]
  0x00000000222d8000 JavaThread "stdout" [_thread_in_native, id=31572, stack(0x000000002e250000,0x000000002e350000)]
  0x00000000222d0800 JavaThread "stderr" [_thread_in_native, id=1184, stack(0x000000002e150000,0x000000002e250000)]
  0x0000000019974800 JavaThread "stdout" [_thread_in_native, id=23348, stack(0x000000002e050000,0x000000002e150000)]
  0x0000000019973000 JavaThread "stderr" [_thread_in_native, id=26996, stack(0x000000002df50000,0x000000002e050000)]
  0x0000000019972000 JavaThread "stdout" [_thread_in_native, id=12060, stack(0x000000002de50000,0x000000002df50000)]
  0x000000001ec27800 JavaThread "stderr" [_thread_in_native, id=32000, stack(0x000000002dd50000,0x000000002de50000)]
  0x000000001ec22800 JavaThread "WorkerExecutor Queue Thread 8" [_thread_blocked, id=8664, stack(0x000000002dc50000,0x000000002dd50000)]
  0x000000001ec26000 JavaThread "WorkerExecutor Queue Thread 7" [_thread_blocked, id=23324, stack(0x000000002db50000,0x000000002dc50000)]
  0x000000001ec21800 JavaThread "WorkerExecutor Queue Thread 5" [_thread_blocked, id=24804, stack(0x000000002d950000,0x000000002da50000)]
  0x000000001ec1a000 JavaThread "WorkerExecutor Queue Thread 4" [_thread_blocked, id=21880, stack(0x000000002d850000,0x000000002d950000)]
  0x000000001ec21000 JavaThread "WorkerExecutor Queue Thread 3" [_thread_blocked, id=11252, stack(0x000000002d750000,0x000000002d850000)]
  0x000000001ec20000 JavaThread "WorkerExecutor Queue Thread 2" [_thread_blocked, id=31456, stack(0x000000002d650000,0x000000002d750000)]
  0x000000001ec1d000 JavaThread "WorkerExecutor Queue" [_thread_blocked, id=19028, stack(0x000000002d550000,0x000000002d650000)]
  0x000000001edf4000 JavaThread "stdout" [_thread_in_native, id=10392, stack(0x000000002d450000,0x000000002d550000)]
  0x000000001edfa000 JavaThread "stderr" [_thread_in_native, id=21088, stack(0x000000002d350000,0x000000002d450000)]
  0x000000001edf9800 JavaThread "pool-14-thread-1" [_thread_blocked, id=23524, stack(0x000000002d250000,0x000000002d350000)]
  0x000000001edf1000 JavaThread "Cache worker for execution history cache (C:\Users\Asus\Documents\GitHub\mov-silva-andrea\CRUApp\.gradle\6.1.1\executionHistory)" [_thread_blocked, id=24220, stack(0x000000002d150000,0x000000002d250000)]
  0x000000001edf3800 JavaThread "Execution worker for ':' Thread 7" [_thread_blocked, id=21488, stack(0x000000002a0e0000,0x000000002a1e0000)]
  0x000000001edf2000 JavaThread "Execution worker for ':' Thread 6" [_thread_in_native, id=33020, stack(0x0000000029fe0000,0x000000002a0e0000)]
  0x000000001f533000 JavaThread "Execution worker for ':' Thread 5" [_thread_blocked, id=16148, stack(0x0000000029ee0000,0x0000000029fe0000)]
  0x000000001f53a000 JavaThread "Execution worker for ':' Thread 4" [_thread_blocked, id=12472, stack(0x0000000029be0000,0x0000000029ce0000)]
  0x000000001f534000 JavaThread "Execution worker for ':' Thread 3" [_thread_in_Java, id=31844, stack(0x0000000029ae0000,0x0000000029be0000)]
  0x000000001f539000 JavaThread "Execution worker for ':' Thread 2" [_thread_blocked, id=7656, stack(0x00000000299e0000,0x0000000029ae0000)]
  0x000000001f534800 JavaThread "Execution worker for ':'" [_thread_blocked, id=14860, stack(0x00000000292c0000,0x00000000293c0000)]
  0x000000001f537800 JavaThread "Cache worker for file content cache (C:\Users\Asus\Documents\GitHub\mov-silva-andrea\CRUApp\.gradle\6.1.1\fileContent)" [_thread_blocked, id=14428, stack(0x00000000291c0000,0x00000000292c0000)]
  0x000000001f52b800 JavaThread "Cache worker for Build Output Cleanup Cache (C:\Users\Asus\Documents\GitHub\mov-silva-andrea\CRUApp\.gradle\buildOutputCleanup)" [_thread_blocked, id=11944, stack(0x0000000028490000,0x0000000028590000)]
  0x000000001f530000 JavaThread "Build operations Thread 8" [_thread_blocked, id=31284, stack(0x0000000026d90000,0x0000000026e90000)]
  0x000000001f52d000 JavaThread "Build operations Thread 7" [_thread_blocked, id=24360, stack(0x0000000026990000,0x0000000026a90000)]
  0x000000001f531800 JavaThread "Build operations Thread 6" [_thread_blocked, id=7864, stack(0x0000000026890000,0x0000000026990000)]
  0x000000001f52b000 JavaThread "Build operations Thread 5" [_thread_blocked, id=18976, stack(0x00000000264b0000,0x00000000265b0000)]
  0x0000000021bf2000 JavaThread "Build operations Thread 4" [_thread_blocked, id=24864, stack(0x0000000023f00000,0x0000000024000000)]
  0x0000000021bf1800 JavaThread "Build operations Thread 3" [_thread_blocked, id=10332, stack(0x0000000023800000,0x0000000023900000)]
  0x0000000021bf6800 JavaThread "Build operations Thread 2" [_thread_blocked, id=14648, stack(0x0000000023700000,0x0000000023800000)]
  0x0000000021bf6000 JavaThread "Build operations" [_thread_blocked, id=32688, stack(0x0000000023600000,0x0000000023700000)]
  0x0000000021bee800 JavaThread "Cache worker for cache directory md-rule (C:\Users\Asus\.gradle\caches\6.1.1\md-rule)" [_thread_blocked, id=16388, stack(0x0000000023500000,0x0000000023600000)]
  0x0000000021bf3000 JavaThread "Cache worker for cache directory md-supplier (C:\Users\Asus\.gradle\caches\6.1.1\md-supplier)" [_thread_blocked, id=19256, stack(0x00000000211e0000,0x00000000212e0000)]
  0x0000000021be9000 JavaThread "Cache worker for file hash cache (C:\Users\Asus\Documents\GitHub\mov-silva-andrea\CRUApp\.gradle\6.1.1\fileHashes)" [_thread_blocked, id=31228, stack(0x0000000020e40000,0x0000000020f40000)]
  0x0000000021bef000 JavaThread "Cache worker for checksums cache (C:\Users\Asus\Documents\GitHub\mov-silva-andrea\CRUApp\.gradle\checksums)" [_thread_blocked, id=21252, stack(0x0000000020d40000,0x0000000020e40000)]
  0x0000000021bed800 JavaThread "Thread-229" [_thread_blocked, id=28388, stack(0x0000000020c40000,0x0000000020d40000)]
  0x0000000021bea800 JavaThread "Stdin handler" [_thread_blocked, id=13348, stack(0x000000001dfa0000,0x000000001e0a0000)]
  0x0000000021bed000 JavaThread "Asynchronous log dispatcher for DefaultDaemonConnection: socket connection from /127.0.0.1:1986 to /127.0.0.1:1100" [_thread_blocked, id=27848, stack(0x000000001dea0000,0x000000001dfa0000)]
  0x0000000021bf0000 JavaThread "Cancel handler" [_thread_blocked, id=15988, stack(0x000000001dda0000,0x000000001dea0000)]
  0x0000000021be8800 JavaThread "Handler for socket connection from /127.0.0.1:1986 to /127.0.0.1:1100" [_thread_in_native, id=11744, stack(0x000000001daa0000,0x000000001dba0000)]
  0x000000001ec18800 JavaThread "Daemon worker Thread 6" [_thread_blocked, id=7468, stack(0x000000001d9a0000,0x000000001daa0000)]
  0x000000001ec1c800 JavaThread "Daemon Thread 6" [_thread_blocked, id=31056, stack(0x0000000000d50000,0x0000000000e50000)]
  0x000000001ec1e000 JavaThread "RMI Reaper" [_thread_blocked, id=18016, stack(0x0000000028190000,0x0000000028290000)]
  0x000000001ec19800 JavaThread "GC Daemon" daemon [_thread_blocked, id=24088, stack(0x0000000027f90000,0x0000000028090000)]
  0x000000001ec1b800 JavaThread "RMI RenewClean-[127.0.0.1:17185,org.jetbrains.kotlin.daemon.common.LoopbackNetworkInterface$ClientLoopbackSocketFactory@2ee701a9]" daemon [_thread_blocked, id=5772, stack(0x0000000027e90000,0x0000000027f90000)]
  0x000000001edf8800 JavaThread "Cache worker for Java compile cache (C:\Users\Asus\.gradle\caches\6.1.1\javaCompile)" [_thread_blocked, id=19880, stack(0x0000000027890000,0x0000000027990000)]
  0x000000001f536000 JavaThread "RMI TCP Accept-0" daemon [_thread_in_native, id=19108, stack(0x0000000028090000,0x0000000028190000)]
  0x000000001f535800 JavaThread "RMI Scheduler(0)" daemon [_thread_blocked, id=30816, stack(0x0000000027d90000,0x0000000027e90000)]
  0x000000001edfe800 JavaThread "Cache worker for file content cache (C:\Users\Asus\.gradle\caches\6.1.1\fileContent)" [_thread_blocked, id=5552, stack(0x0000000025920000,0x0000000025a20000)]
  0x000000001edfe000 JavaThread "Memory manager" [_thread_blocked, id=27452, stack(0x0000000024200000,0x0000000024300000)]
  0x0000000019976800 JavaThread "Cache worker for execution history cache (C:\Users\Asus\.gradle\caches\6.1.1\executionHistory)" [_thread_blocked, id=25228, stack(0x0000000022380000,0x0000000022480000)]
  0x0000000019975000 JavaThread "Cache worker for file hash cache (C:\Users\Asus\.gradle\caches\6.1.1\fileHashes)" [_thread_blocked, id=12840, stack(0x000000001e7a0000,0x000000001e8a0000)]
  0x0000000019973800 JavaThread "File lock request listener" [_thread_in_native, id=31536, stack(0x000000001e6a0000,0x000000001e7a0000)]
  0x000000001abc9000 JavaThread "Cache worker for journal cache (C:\Users\Asus\.gradle\caches\journal-1)" [_thread_blocked, id=23300, stack(0x000000001e5a0000,0x000000001e6a0000)]
  0x000000001aa5b000 JavaThread "Daemon periodic checks" [_thread_blocked, id=21288, stack(0x000000001d8a0000,0x000000001d9a0000)]
  0x000000001a9d3000 JavaThread "Incoming local TCP Connector on port 1986" [_thread_in_native, id=24380, stack(0x000000001d630000,0x000000001d730000)]
  0x000000001c429800 JavaThread "Daemon health stats" [_thread_blocked, id=22476, stack(0x000000001cff0000,0x000000001d0f0000)]
  0x0000000019a05800 JavaThread "Service Thread" daemon [_thread_blocked, id=31424, stack(0x000000001a650000,0x000000001a750000)]
  0x0000000019978000 JavaThread "C1 CompilerThread3" daemon [_thread_blocked, id=17836, stack(0x000000001a550000,0x000000001a650000)]
=>0x0000000019979000 JavaThread "C2 CompilerThread2" daemon [_thread_in_native, id=29524, stack(0x000000001a450000,0x000000001a550000)]
  0x000000001996b000 JavaThread "C2 CompilerThread1" daemon [_thread_in_native, id=8712, stack(0x000000001a350000,0x000000001a450000)]
  0x0000000019967000 JavaThread "C2 CompilerThread0" daemon [_thread_in_native, id=32396, stack(0x000000001a250000,0x000000001a350000)]
  0x0000000019961000 JavaThread "Attach Listener" daemon [_thread_blocked, id=18796, stack(0x000000001a150000,0x000000001a250000)]
  0x0000000019960000 JavaThread "Signal Dispatcher" daemon [_thread_blocked, id=21276, stack(0x000000001a050000,0x000000001a150000)]
  0x0000000019951000 JavaThread "Finalizer" daemon [_thread_blocked, id=3588, stack(0x0000000019e30000,0x0000000019f30000)]
  0x0000000002ac7800 JavaThread "Reference Handler" daemon [_thread_blocked, id=21924, stack(0x0000000019d30000,0x0000000019e30000)]
  0x00000000029d2800 JavaThread "main" [_thread_blocked, id=24920, stack(0x0000000002860000,0x0000000002960000)]

Other Threads:
  0x0000000017b37800 VMThread [stack: 0x0000000019830000,0x0000000019930000] [id=26032]
  0x0000000019a06800 WatcherThread [stack: 0x000000001a750000,0x000000001a850000] [id=28296]

VM state:not at safepoint (normal execution)

VM Mutex/Monitor currently owned by a thread: None

heap address: 0x0000000080000000, size: 2048 MB, Compressed Oops mode: 32-bit
Narrow klass base: 0x0000000000000000, Narrow klass shift: 3
Compressed class space size: 1073741824 Address: 0x0000000100000000

Heap:
 PSYoungGen      total 278528K, used 197499K [0x00000000d5580000, 0x00000000ea900000, 0x0000000100000000)
  eden space 214016K, 80% used [0x00000000d5580000,0x00000000dfcbf668,0x00000000e2680000)
  from space 64512K, 40% used [0x00000000e2680000,0x00000000e401f8f0,0x00000000e6580000)
  to   space 64000K, 0% used [0x00000000e6580000,0x00000000e6580000,0x00000000ea400000)
 ParOldGen       total 284160K, used 78973K [0x0000000080000000, 0x0000000091580000, 0x00000000d5580000)
  object space 284160K, 27% used [0x0000000080000000,0x0000000084d1f458,0x0000000091580000)
 Metaspace       used 115256K, capacity 121716K, committed 121880K, reserved 1155072K
  class space    used 14899K, capacity 16048K, committed 16168K, reserved 1048576K

Card table byte_map: [0x0000000011e90000,0x00000000122a0000] byte_map_base: 0x0000000011a90000

Marking Bits: (ParMarkBitMap*) 0x0000000068f6f030
 Begin Bits: [0x0000000012d50000, 0x0000000014d50000)
 End Bits:   [0x0000000014d50000, 0x0000000016d50000)

Polling page: 0x00000000027f0000

CodeCache: size=245760Kb used=66029Kb max_used=66029Kb free=179730Kb
 bounds [0x0000000002ad0000, 0x0000000006ba0000, 0x0000000011ad0000]
 total_blobs=20135 nmethods=19149 adapters=897
 compilation: enabled

Compilation events (10 events):
Event: 13354.625 Thread 0x0000000019978000 23442       2       com.android.tools.r8.u.b.h1::a (30 bytes)
Event: 13354.625 Thread 0x0000000019978000 nmethod 23442 0x0000000006b93a50 code [0x0000000006b93be0, 0x0000000006b93eb8]
Event: 13354.625 Thread 0x0000000019978000 23443       2       com.android.tools.r8.u.b.h1::G2 (14 bytes)
Event: 13354.626 Thread 0x0000000019978000 nmethod 23443 0x0000000006b94150 code [0x0000000006b942c0, 0x0000000006b94468]
Event: 13354.626 Thread 0x0000000019978000 23444       2       com.android.tools.r8.code.O3::<init> (6 bytes)
Event: 13354.626 Thread 0x0000000019978000 nmethod 23444 0x0000000006b94510 code [0x0000000006b94680, 0x0000000006b947e8]
Event: 13354.626 Thread 0x0000000019978000 23445       3       com.android.tools.r8.ir.conversion.H::a (56 bytes)
Event: 13354.626 Thread 0x0000000019978000 nmethod 23445 0x0000000006b94890 code [0x0000000006b94a20, 0x0000000006b94fd8]
Event: 13354.629 Thread 0x0000000019978000 23447       2       com.android.tools.r8.r.n.U::a (12 bytes)
Event: 13354.629 Thread 0x0000000019978000 nmethod 23447 0x0000000006b95210 code [0x0000000006b953c0, 0x0000000006b95888]

GC Heap History (10 events):
Event: 13352.065 GC heap before
{Heap before GC invocations=33 (full 6):
 PSYoungGen      total 200704K, used 197660K [0x00000000d5580000, 0x00000000e5100000, 0x0000000100000000)
  eden space 161280K, 100% used [0x00000000d5580000,0x00000000df300000,0x00000000df300000)
  from space 39424K, 92% used [0x00000000e1e80000,0x00000000e4207338,0x00000000e4500000)
  to   space 44544K, 0% used [0x00000000df300000,0x00000000df300000,0x00000000e1e80000)
 ParOldGen       total 284160K, used 49655K [0x0000000080000000, 0x0000000091580000, 0x00000000d5580000)
  object space 284160K, 17% used [0x0000000080000000,0x000000008307dfe0,0x0000000091580000)
 Metaspace       used 114285K, capacity 120630K, committed 120728K, reserved 1155072K
  class space    used 14869K, capacity 16027K, committed 16040K, reserved 1048576K
Event: 13352.104 GC heap after
Heap after GC invocations=33 (full 6):
 PSYoungGen      total 205824K, used 44536K [0x00000000d5580000, 0x00000000e7680000, 0x0000000100000000)
  eden space 161280K, 0% used [0x00000000d5580000,0x00000000d5580000,0x00000000df300000)
  from space 44544K, 99% used [0x00000000df300000,0x00000000e1e7e110,0x00000000e1e80000)
  to   space 55808K, 0% used [0x00000000e4000000,0x00000000e4000000,0x00000000e7680000)
 ParOldGen       total 284160K, used 61688K [0x0000000080000000, 0x0000000091580000, 0x00000000d5580000)
  object space 284160K, 21% used [0x0000000080000000,0x0000000083c3e3c0,0x0000000091580000)
 Metaspace       used 114285K, capacity 120630K, committed 120728K, reserved 1155072K
  class space    used 14869K, capacity 16027K, committed 16040K, reserved 1048576K
}
Event: 13352.582 GC heap before
{Heap before GC invocations=34 (full 6):
 PSYoungGen      total 205824K, used 205816K [0x00000000d5580000, 0x00000000e7680000, 0x0000000100000000)
  eden space 161280K, 100% used [0x00000000d5580000,0x00000000df300000,0x00000000df300000)
  from space 44544K, 99% used [0x00000000df300000,0x00000000e1e7e110,0x00000000e1e80000)
  to   space 55808K, 0% used [0x00000000e4000000,0x00000000e4000000,0x00000000e7680000)
 ParOldGen       total 284160K, used 61688K [0x0000000080000000, 0x0000000091580000, 0x00000000d5580000)
  object space 284160K, 21% used [0x0000000080000000,0x0000000083c3e3c0,0x0000000091580000)
 Metaspace       used 114486K, capacity 120870K, committed 120984K, reserved 1155072K
  class space    used 14883K, capacity 16035K, committed 16040K, reserved 1048576K
Event: 13352.631 GC heap after
Heap after GC invocations=34 (full 6):
 PSYoungGen      total 235008K, used 44068K [0x00000000d5580000, 0x00000000e8780000, 0x0000000100000000)
  eden space 179200K, 0% used [0x00000000d5580000,0x00000000d5580000,0x00000000e0480000)
  from space 55808K, 78% used [0x00000000e4000000,0x00000000e6b09238,0x00000000e7680000)
  to   space 60928K, 0% used [0x00000000e0480000,0x00000000e0480000,0x00000000e4000000)
 ParOldGen       total 284160K, used 61688K [0x0000000080000000, 0x0000000091580000, 0x00000000d5580000)
  object space 284160K, 21% used [0x0000000080000000,0x0000000083c3e3c0,0x0000000091580000)
 Metaspace       used 114486K, capacity 120870K, committed 120984K, reserved 1155072K
  class space    used 14883K, capacity 16035K, committed 16040K, reserved 1048576K
}
Event: 13353.104 GC heap before
{Heap before GC invocations=35 (full 6):
 PSYoungGen      total 235008K, used 223268K [0x00000000d5580000, 0x00000000e8780000, 0x0000000100000000)
  eden space 179200K, 100% used [0x00000000d5580000,0x00000000e0480000,0x00000000e0480000)
  from space 55808K, 78% used [0x00000000e4000000,0x00000000e6b09238,0x00000000e7680000)
  to   space 60928K, 0% used [0x00000000e0480000,0x00000000e0480000,0x00000000e4000000)
 ParOldGen       total 284160K, used 61688K [0x0000000080000000, 0x0000000091580000, 0x00000000d5580000)
  object space 284160K, 21% used [0x0000000080000000,0x0000000083c3e3c0,0x0000000091580000)
 Metaspace       used 114963K, capacity 121394K, committed 121624K, reserved 1155072K
  class space    used 14888K, capacity 16043K, committed 16168K, reserved 1048576K
Event: 13353.137 GC heap after
Heap after GC invocations=35 (full 6):
 PSYoungGen      total 240128K, used 43720K [0x00000000d5580000, 0x00000000ea400000, 0x0000000100000000)
  eden space 179200K, 0% used [0x00000000d5580000,0x00000000d5580000,0x00000000e0480000)
  from space 60928K, 71% used [0x00000000e0480000,0x00000000e2f32368,0x00000000e4000000)
  to   space 64000K, 0% used [0x00000000e6580000,0x00000000e6580000,0x00000000ea400000)
 ParOldGen       total 284160K, used 61696K [0x0000000080000000, 0x0000000091580000, 0x00000000d5580000)
  object space 284160K, 21% used [0x0000000080000000,0x0000000083c403c0,0x0000000091580000)
 Metaspace       used 114963K, capacity 121394K, committed 121624K, reserved 1155072K
  class space    used 14888K, capacity 16043K, committed 16168K, reserved 1048576K
}
Event: 13353.559 GC heap before
{Heap before GC invocations=36 (full 6):
 PSYoungGen      total 240128K, used 222920K [0x00000000d5580000, 0x00000000ea400000, 0x0000000100000000)
  eden space 179200K, 100% used [0x00000000d5580000,0x00000000e0480000,0x00000000e0480000)
  from space 60928K, 71% used [0x00000000e0480000,0x00000000e2f32368,0x00000000e4000000)
  to   space 64000K, 0% used [0x00000000e6580000,0x00000000e6580000,0x00000000ea400000)
 ParOldGen       total 284160K, used 61696K [0x0000000080000000, 0x0000000091580000, 0x00000000d5580000)
  object space 284160K, 21% used [0x0000000080000000,0x0000000083c403c0,0x0000000091580000)
 Metaspace       used 115137K, capacity 121614K, committed 121880K, reserved 1155072K
  class space    used 14888K, capacity 16043K, committed 16168K, reserved 1048576K
Event: 13353.620 GC heap after
Heap after GC invocations=36 (full 6):
 PSYoungGen      total 278016K, used 37580K [0x00000000d5580000, 0x00000000ea900000, 0x0000000100000000)
  eden space 214016K, 0% used [0x00000000d5580000,0x00000000d5580000,0x00000000e2680000)
  from space 64000K, 58% used [0x00000000e6580000,0x00000000e8a330d0,0x00000000ea400000)
  to   space 64512K, 0% used [0x00000000e2680000,0x00000000e2680000,0x00000000e6580000)
 ParOldGen       total 284160K, used 66371K [0x0000000080000000, 0x0000000091580000, 0x00000000d5580000)
  object space 284160K, 23% used [0x0000000080000000,0x00000000840d0e98,0x0000000091580000)
 Metaspace       used 115137K, capacity 121614K, committed 121880K, reserved 1155072K
  class space    used 14888K, capacity 16043K, committed 16168K, reserved 1048576K
}
Event: 13354.206 GC heap before
{Heap before GC invocations=37 (full 6):
 PSYoungGen      total 278016K, used 251596K [0x00000000d5580000, 0x00000000ea900000, 0x0000000100000000)
  eden space 214016K, 100% used [0x00000000d5580000,0x00000000e2680000,0x00000000e2680000)
  from space 64000K, 58% used [0x00000000e6580000,0x00000000e8a330d0,0x00000000ea400000)
  to   space 64512K, 0% used [0x00000000e2680000,0x00000000e2680000,0x00000000e6580000)
 ParOldGen       total 284160K, used 66371K [0x0000000080000000, 0x0000000091580000, 0x00000000d5580000)
  object space 284160K, 23% used [0x0000000080000000,0x00000000840d0e98,0x0000000091580000)
 Metaspace       used 115198K, capacity 121694K, committed 121880K, reserved 1155072K
  class space    used 14889K, capacity 16043K, committed 16168K, reserved 1048576K
Event: 13354.236 GC heap after
Heap after GC invocations=37 (full 6):
 PSYoungGen      total 278528K, used 26238K [0x00000000d5580000, 0x00000000ea900000, 0x0000000100000000)
  eden space 214016K, 0% used [0x00000000d5580000,0x00000000d5580000,0x00000000e2680000)
  from space 64512K, 40% used [0x00000000e2680000,0x00000000e401f8f0,0x00000000e6580000)
  to   space 64000K, 0% used [0x00000000e6580000,0x00000000e6580000,0x00000000ea400000)
 ParOldGen       total 284160K, used 78973K [0x0000000080000000, 0x0000000091580000, 0x00000000d5580000)
  object space 284160K, 27% used [0x0000000080000000,0x0000000084d1f458,0x0000000091580000)
 Metaspace       used 115198K, capacity 121694K, committed 121880K, reserved 1155072K
  class space    used 14889K, capacity 16043K, committed 16168K, reserved 1048576K
}

Deoptimization events (10 events):
Event: 13352.668 Thread 0x000000001edf2000 Uncommon trap: reason=unstable_if action=reinterpret pc=0x0000000004b85f84 method=com.android.tools.r8.graph.e0.a([C)I @ 29
Event: 13353.403 Thread 0x000000001edf2000 Uncommon trap: reason=null_check action=make_not_entrant pc=0x0000000006a0d908 method=com.android.tools.r8.ir.conversion.o.a(II)Lcom/android/tools/r8/graph/r; @ 14
Event: 13353.410 Thread 0x000000001f539000 Uncommon trap: reason=array_check action=maybe_recompile pc=0x000000000456cf10 method=java.util.TimSort.mergeLo(IIII)V @ 212
Event: 13353.414 Thread 0x000000001f539000 Uncommon trap: reason=null_check action=make_not_entrant pc=0x0000000004e3a700 method=com.android.tools.r8.graph.e0.computeEquals(Ljava/lang/Object;)Z @ 1
Event: 13354.169 Thread 0x000000001edf2000 Uncommon trap: reason=bimorphic action=maybe_recompile pc=0x0000000006ae3028 method=com.android.tools.r8.u.c.c0.e.a(Ljava/lang/Iterable;)Ljava/util/Set; @ 16
Event: 13354.249 Thread 0x000000001f534000 Uncommon trap: reason=unstable_if action=reinterpret pc=0x0000000006965534 method=com.android.tools.r8.ir.conversion.n.a(ILjava/util/List;Lcom/android/tools/r8/v/a/a/a/h/G0;ZLcom/android/tools/r8/graph/W;)Lcom/android/tools/r8/ir/conversion/n; @ 258
Event: 13354.249 Thread 0x000000001f534000 Uncommon trap: reason=unstable_if action=reinterpret pc=0x000000000359bcf8 method=com.android.tools.r8.ir.conversion.o.e(I)Lcom/android/tools/r8/graph/r; @ 4
Event: 13354.251 Thread 0x000000001f534000 Uncommon trap: reason=unstable_if action=reinterpret pc=0x0000000006a63188 method=com.android.tools.r8.ir.conversion.o.a(Lcom/android/tools/r8/ir/conversion/N;IZ)V @ 3
Event: 13354.251 Thread 0x000000001f534000 Uncommon trap: reason=unstable_if action=reinterpret pc=0x0000000004c5c574 method=com.android.tools.r8.ir.conversion.o.e(I)Lcom/android/tools/r8/graph/r; @ 4
Event: 13354.516 Thread 0x000000001edf2000 Uncommon trap: reason=unstable_if action=reinterpret pc=0x0000000006b46ed0 method=com.android.tools.r8.u.b.n.b(Lcom/android/tools/r8/u/b/n;)Lcom/android/tools/r8/u/b/n$c; @ 35

Classes redefined (0 events):
No events

Internal exceptions (10 events):
Event: 13351.903 Thread 0x000000001f534000 Exception <a 'sun/nio/fs/WindowsException'> (0x00000000dbaef350) thrown at [C:\src\AOSP-openjdk-git\hotspot\src\share\vm\prims\jni.cpp, line 710]
Event: 13352.196 Thread 0x000000001f53a000 Exception <a 'sun/nio/fs/WindowsException'> (0x00000000d78c6560) thrown at [C:\src\AOSP-openjdk-git\hotspot\src\share\vm\prims\jni.cpp, line 710]
Event: 13352.473 Thread 0x000000001ec18800 Exception <a 'sun/nio/fs/WindowsException'> (0x00000000dd1e2f90) thrown at [C:\src\AOSP-openjdk-git\hotspot\src\share\vm\prims\jni.cpp, line 710]
Event: 13352.564 Thread 0x000000001edf3800 Exception <a 'sun/nio/fs/WindowsException'> (0x00000000dec38f90) thrown at [C:\src\AOSP-openjdk-git\hotspot\src\share\vm\prims\jni.cpp, line 710]
Event: 13353.042 Thread 0x000000001f534800 Exception <a 'java/lang/NoSuchMethodError': <clinit>> (0x00000000de557660) thrown at [C:\src\AOSP-openjdk-git\hotspot\src\share\vm\prims\jni.cpp, line 1615]
Event: 13353.044 Thread 0x000000001f534800 Exception <a 'java/lang/NoSuchMethodError': <clinit>> (0x00000000deae30e0) thrown at [C:\src\AOSP-openjdk-git\hotspot\src\share\vm\prims\jni.cpp, line 1615]
Event: 13353.045 Thread 0x000000001f534800 Exception <a 'java/lang/NoSuchMethodError': <clinit>> (0x00000000deaffa00) thrown at [C:\src\AOSP-openjdk-git\hotspot\src\share\vm\prims\jni.cpp, line 1615]
Event: 13353.403 Thread 0x000000001edf2000 Implicit null exception at 0x0000000006a066dc to 0x0000000006a0d8f1
Event: 13353.414 Thread 0x000000001f539000 Implicit null exception at 0x0000000004e3a58f to 0x0000000004e3a6f1
Event: 13353.445 Thread 0x000000001f539000 Exception <a 'sun/nio/fs/WindowsException'> (0x00000000ddaf6e08) thrown at [C:\src\AOSP-openjdk-git\hotspot\src\share\vm\prims\jni.cpp, line 710]

Events (10 events):
Event: 13354.608 Thread 0x000000001f534000 DEOPT PACKING pc=0x00000000056d2e71 sp=0x0000000029bda330
Event: 13354.608 Thread 0x000000001f534000 DEOPT UNPACKING pc=0x0000000002b175d0 sp=0x0000000029bda178 mode 0
Event: 13354.625 Thread 0x000000001edf2000 DEOPT PACKING pc=0x00000000056d2e55 sp=0x000000002a0d9cf0
Event: 13354.625 Thread 0x000000001edf2000 DEOPT UNPACKING pc=0x0000000002b175d0 sp=0x000000002a0d9b38 mode 0
Event: 13354.631 loading class com/android/tools/r8/v/a/a/a/f/K$c
Event: 13354.631 loading class com/android/tools/r8/v/a/a/a/f/K$c done
Event: 13354.631 loading class com/android/tools/r8/v/a/a/a/f/f$a
Event: 13354.631 loading class com/android/tools/r8/v/a/a/a/f/f$a done
Event: 13354.632 loading class com/android/tools/r8/v/a/a/a/f/n
Event: 13354.632 loading class com/android/tools/r8/v/a/a/a/f/n done


Dynamic libraries:
0x00007ff63cc50000 - 0x00007ff63cc81000 	C:\Program Files\Android\Android Studio\jre\bin\java.exe
0x00007ffe51c20000 - 0x00007ffe51e10000 	C:\WINDOWS\SYSTEM32\ntdll.dll
0x00007ffe4fde0000 - 0x00007ffe4fe92000 	C:\WINDOWS\System32\KERNEL32.DLL
0x00007ffe4eba0000 - 0x00007ffe4ee44000 	C:\WINDOWS\System32\KERNELBASE.dll
0x00007ffe4fcd0000 - 0x00007ffe4fd73000 	C:\WINDOWS\System32\ADVAPI32.dll
0x00007ffe50df0000 - 0x00007ffe50e8e000 	C:\WINDOWS\System32\msvcrt.dll
0x00007ffe4ff80000 - 0x00007ffe50017000 	C:\WINDOWS\System32\sechost.dll
0x00007ffe50ae0000 - 0x00007ffe50c00000 	C:\WINDOWS\System32\RPCRT4.dll
0x00007ffe50940000 - 0x00007ffe50ad4000 	C:\WINDOWS\System32\USER32.dll
0x00007ffe4f9b0000 - 0x00007ffe4f9d1000 	C:\WINDOWS\System32\win32u.dll
0x00007ffe50c60000 - 0x00007ffe50c86000 	C:\WINDOWS\System32\GDI32.dll
0x00007ffe4f810000 - 0x00007ffe4f9a6000 	C:\WINDOWS\System32\gdi32full.dll
0x00007ffe4f6f0000 - 0x00007ffe4f78e000 	C:\WINDOWS\System32\msvcp_win.dll
0x00007ffe4fbb0000 - 0x00007ffe4fcaa000 	C:\WINDOWS\System32\ucrtbase.dll
0x00007ffe39f90000 - 0x00007ffe3a214000 	C:\WINDOWS\WinSxS\amd64_microsoft.windows.common-controls_6595b64144ccf1df_6.0.18362.959_none_e6c7bbbf130c62bb\COMCTL32.dll
0x00007ffe50600000 - 0x00007ffe50935000 	C:\WINDOWS\System32\combase.dll
0x00007ffe4f790000 - 0x00007ffe4f810000 	C:\WINDOWS\System32\bcryptPrimitives.dll
0x00007ffe50160000 - 0x00007ffe5018e000 	C:\WINDOWS\System32\IMM32.DLL
0x00000000686c0000 - 0x0000000068792000 	C:\Program Files\Android\Android Studio\jre\jre\bin\msvcr100.dll
0x00000000687a0000 - 0x0000000068feb000 	C:\Program Files\Android\Android Studio\jre\jre\bin\server\jvm.dll
0x00007ffe51650000 - 0x00007ffe51658000 	C:\WINDOWS\System32\PSAPI.DLL
0x00007ffe46940000 - 0x00007ffe4694a000 	C:\WINDOWS\SYSTEM32\VERSION.dll
0x00007ffe443c0000 - 0x00007ffe443e4000 	C:\WINDOWS\SYSTEM32\WINMM.dll
0x00007ffe46df0000 - 0x00007ffe46df9000 	C:\WINDOWS\SYSTEM32\WSOCK32.dll
0x00007ffe50ef0000 - 0x00007ffe50f5f000 	C:\WINDOWS\System32\WS2_32.dll
0x00007ffe44100000 - 0x00007ffe4412d000 	C:\WINDOWS\SYSTEM32\WINMMBASE.dll
0x00007ffe4f9e0000 - 0x00007ffe4fa2a000 	C:\WINDOWS\System32\cfgmgr32.dll
0x00007ffe499b0000 - 0x00007ffe499bf000 	C:\Program Files\Android\Android Studio\jre\jre\bin\verify.dll
0x00007ffe417f0000 - 0x00007ffe41819000 	C:\Program Files\Android\Android Studio\jre\jre\bin\java.dll
0x00007ffe42e80000 - 0x00007ffe42e96000 	C:\Program Files\Android\Android Studio\jre\jre\bin\zip.dll
0x00007ffe50f60000 - 0x00007ffe51646000 	C:\WINDOWS\System32\SHELL32.dll
0x00007ffe51b30000 - 0x00007ffe51bd9000 	C:\WINDOWS\System32\shcore.dll
0x00007ffe4ef60000 - 0x00007ffe4f6e2000 	C:\WINDOWS\System32\windows.storage.dll
0x00007ffe4eb00000 - 0x00007ffe4eb23000 	C:\WINDOWS\System32\profapi.dll
0x00007ffe4eb50000 - 0x00007ffe4eb9a000 	C:\WINDOWS\System32\powrprof.dll
0x00007ffe4ead0000 - 0x00007ffe4eae0000 	C:\WINDOWS\System32\UMPDC.dll
0x00007ffe50c00000 - 0x00007ffe50c52000 	C:\WINDOWS\System32\shlwapi.dll
0x00007ffe4eae0000 - 0x00007ffe4eaf1000 	C:\WINDOWS\System32\kernel.appcore.dll
0x00007ffe4fcb0000 - 0x00007ffe4fcc7000 	C:\WINDOWS\System32\cryptsp.dll
0x00007ffe417d0000 - 0x00007ffe417ea000 	C:\Program Files\Android\Android Studio\jre\jre\bin\net.dll
0x00007ffe4e2e0000 - 0x00007ffe4e347000 	C:\WINDOWS\system32\mswsock.dll
0x00007ffe42880000 - 0x00007ffe42893000 	C:\Program Files\Android\Android Studio\jre\jre\bin\nio.dll
0x00007ffe428b0000 - 0x00007ffe428d6000 	C:\Users\Asus\.gradle\native\31\windows-amd64\native-platform.dll
0x00007ffe48790000 - 0x00007ffe4879d000 	C:\Program Files\Android\Android Studio\jre\jre\bin\management.dll
0x00007ffe4de50000 - 0x00007ffe4de83000 	C:\WINDOWS\system32\rsaenh.dll
0x00007ffe4fa30000 - 0x00007ffe4fa56000 	C:\WINDOWS\System32\bcrypt.dll
0x00007ffe4e9c0000 - 0x00007ffe4e9e5000 	C:\WINDOWS\SYSTEM32\USERENV.dll
0x00007ffe4e4b0000 - 0x00007ffe4e4bc000 	C:\WINDOWS\SYSTEM32\CRYPTBASE.dll
0x00007ffe4dff0000 - 0x00007ffe4e02a000 	C:\WINDOWS\SYSTEM32\IPHLPAPI.DLL
0x00007ffe4fea0000 - 0x00007ffe4fea8000 	C:\WINDOWS\System32\NSI.dll
0x00007ffe479a0000 - 0x00007ffe479b6000 	C:\WINDOWS\SYSTEM32\dhcpcsvc6.DLL
0x00007ffe47980000 - 0x00007ffe4799c000 	C:\WINDOWS\SYSTEM32\dhcpcsvc.DLL
0x00007ffe4e080000 - 0x00007ffe4e14b000 	C:\WINDOWS\SYSTEM32\DNSAPI.dll
0x00007ffe40f30000 - 0x00007ffe40f4e000 	C:\Users\Asus\AppData\Local\Temp\native-platform4016392136046551687dir\native-platform.dll
0x00007ffe3aaf0000 - 0x00007ffe3ab14000 	C:\Program Files\Android\Android Studio\jre\jre\bin\sunec.dll
0x00007ffe45e80000 - 0x00007ffe45e8a000 	C:\Windows\System32\rasadhlp.dll
0x00007ffe47410000 - 0x00007ffe47487000 	C:\WINDOWS\System32\fwpuclnt.dll
0x00007ffe4acc0000 - 0x00007ffe4accb000 	C:\Program Files\Android\Android Studio\jre\jre\bin\sunmscapi.dll
0x00007ffe4fa60000 - 0x00007ffe4fba9000 	C:\WINDOWS\System32\CRYPT32.dll
0x00007ffe4eb30000 - 0x00007ffe4eb42000 	C:\WINDOWS\System32\MSASN1.dll
0x00007ffe4db30000 - 0x00007ffe4db61000 	C:\WINDOWS\SYSTEM32\ntmarta.dll

VM Arguments:
jvm_args: -Xmx2048m -Dfile.encoding=windows-1252 -Duser.country=EC -Duser.language=es -Duser.variant 
java_command: org.gradle.launcher.daemon.bootstrap.GradleDaemon 6.1.1
java_class_path (initial): C:\Users\Asus\.gradle\wrapper\dists\gradle-6.1.1-all\cfmwm155h49vnt3hynmlrsdst\gradle-6.1.1\lib\gradle-launcher-6.1.1.jar
Launcher Type: SUN_STANDARD

Environment Variables:
JAVA_HOME=C:\Program Files\Java\jdk1.8.0_111
USERNAME=Asus
OS=Windows_NT
PROCESSOR_IDENTIFIER=Intel64 Family 6 Model 142 Stepping 10, GenuineIntel



---------------  S Y S T E M  ---------------

OS: Windows 10.0 , 64 bit Build 18362 (10.0.18362.959)

CPU:total 8 (initial active 8) (4 cores per cpu, 2 threads per core) family 6 model 142 stepping 10, cmov, cx8, fxsr, mmx, sse, sse2, sse3, ssse3, sse4.1, sse4.2, popcnt, avx, avx2, aes, clmul, erms, 3dnowpref, lzcnt, ht, tsc, tscinvbit, bmi1, bmi2, adx

Memory: 4k page, physical 10906788k(2581860k free), swap 44461220k(6384k free)

vm_info: OpenJDK 64-Bit Server VM (25.242-b01) for windows-amd64 JRE (1.8.0_242-release-1644-b01), built by "builder" with MS VC++ 10.0 (VS2010)

time: Wed Jul 29 21:17:27 2020
timezone: Hora est. Pacífico, Sudamérica
elapsed time: 13354 seconds (0d 3h 42m 34s)

