#
# There is insufficient memory for the Java Runtime Environment to continue.
# Native memory allocation (malloc) failed to allocate 1653136 bytes for Chunk::new
# Possible reasons:
#   The system is out of physical RAM or swap space
#   The process is running with CompressedOops enabled, and the Java Heap may be blocking the growth of the native heap
# Possible solutions:
#   Reduce memory load on the system
#   Increase physical memory or swap space
#   Check if swap backing store is full
#   Decrease Java heap size (-Xmx/-Xms)
#   Decrease number of Java threads
#   Decrease Java thread stack sizes (-Xss)
#   Set larger code cache with -XX:ReservedCodeCacheSize=
#   JVM is running with Unscaled Compressed Oops mode in which the Java heap is
#     placed in the first 4GB address space. The Java Heap base address is the
#     maximum limit for the native heap growth. Please use -XX:HeapBaseMinAddress
#     to set the Java Heap base and to place the Java Heap above 4GB virtual address.
# This output file may be truncated or incomplete.
#
#  Out of Memory Error (allocation.cpp:389), pid=27524, tid=0x000000000000564c
#
# JRE version: OpenJDK Runtime Environment (8.0_242-b01) (build 1.8.0_242-release-1644-b01)
# Java VM: OpenJDK 64-Bit Server VM (25.242-b01 mixed mode windows-amd64 compressed oops)
# Failed to write core dump. Minidumps are not enabled by default on client versions of Windows
#

---------------  T H R E A D  ---------------

Current thread (0x000000001a1b5000):  JavaThread "C2 CompilerThread0" daemon [_thread_in_native, id=22092, stack(0x000000001aaa0000,0x000000001aba0000)]

Stack: [0x000000001aaa0000,0x000000001aba0000]
[error occurred during error reporting (printing stack bounds), id 0xc0000005]

Native frames: (J=compiled Java code, j=interpreted, Vv=VM code, C=native code)


Current CompileTask:
C2:  13156 11853 %     4       com.android.tools.r8.ir.regalloc.a::a @ 2115 (3993 bytes)


---------------  P R O C E S S  ---------------

Java Threads: ( => current thread )
  0x000000001fa01800 JavaThread "WorkerExecutor Queue Thread 9" [_thread_blocked, id=31616, stack(0x000000002a6b0000,0x000000002a7b0000)]
  0x000000001fa01000 JavaThread "WorkerExecutor Queue Thread 8" [_thread_blocked, id=33384, stack(0x000000002a5b0000,0x000000002a6b0000)]
  0x000000001f9fd000 JavaThread "WorkerExecutor Queue Thread 5" [_thread_blocked, id=5112, stack(0x000000002a2b0000,0x000000002a3b0000)]
  0x000000001f9fe000 JavaThread "WorkerExecutor Queue Thread 4" [_thread_blocked, id=23424, stack(0x000000002a1b0000,0x000000002a2b0000)]
  0x000000001f9ff800 JavaThread "WorkerExecutor Queue Thread 3" [_thread_blocked, id=22644, stack(0x000000002a0b0000,0x000000002a1b0000)]
  0x000000001f9fb800 JavaThread "WorkerExecutor Queue Thread 2" [_thread_blocked, id=11752, stack(0x0000000029fb0000,0x000000002a0b0000)]
  0x000000001f9fc800 JavaThread "WorkerExecutor Queue" [_thread_blocked, id=2308, stack(0x0000000028ce0000,0x0000000028de0000)]
  0x000000001d806000 JavaThread "Cache worker for execution history cache (C:\Users\Asus\Documents\GitHub\mov-silva-andrea\CRUApp\.gradle\6.1.1\executionHistory)" [_thread_blocked, id=26764, stack(0x0000000028170000,0x0000000028270000)]
  0x000000001d804800 JavaThread "Execution worker for ':' Thread 7" [_thread_blocked, id=33292, stack(0x0000000027080000,0x0000000027180000)]
  0x000000001d803800 JavaThread "Execution worker for ':' Thread 6" [_thread_blocked, id=15364, stack(0x0000000026f80000,0x0000000027080000)]
  0x000000001d7fc000 JavaThread "Execution worker for ':' Thread 5" [_thread_blocked, id=18032, stack(0x0000000026e80000,0x0000000026f80000)]
  0x000000001d802000 JavaThread "Execution worker for ':' Thread 4" [_thread_blocked, id=17748, stack(0x0000000026d80000,0x0000000026e80000)]
  0x000000001d803000 JavaThread "Execution worker for ':' Thread 3" [_thread_in_Java, id=14624, stack(0x0000000026c80000,0x0000000026d80000)]
  0x000000001d801800 JavaThread "Execution worker for ':' Thread 2" [_thread_blocked, id=14924, stack(0x0000000026b80000,0x0000000026c80000)]
  0x000000001d800800 JavaThread "Execution worker for ':'" [_thread_in_Java, id=14512, stack(0x0000000026800000,0x0000000026900000)]
  0x000000001d7f9000 JavaThread "Cache worker for file content cache (C:\Users\Asus\Documents\GitHub\mov-silva-andrea\CRUApp\.gradle\6.1.1\fileContent)" [_thread_blocked, id=22884, stack(0x0000000026500000,0x0000000026600000)]
  0x000000001d800000 JavaThread "Cache worker for file content cache (C:\Users\Asus\.gradle\caches\6.1.1\fileContent)" [_thread_blocked, id=33764, stack(0x0000000024bc0000,0x0000000024cc0000)]
  0x000000001d7ff000 JavaThread "Memory manager" [_thread_blocked, id=27696, stack(0x00000000246d0000,0x00000000247d0000)]
  0x000000001d7fa000 JavaThread "Cache worker for Build Output Cleanup Cache (C:\Users\Asus\Documents\GitHub\mov-silva-andrea\CRUApp\.gradle\buildOutputCleanup)" [_thread_blocked, id=16764, stack(0x0000000025a00000,0x0000000025b00000)]
  0x000000001d7fa800 JavaThread "Build operations Thread 8" [_thread_blocked, id=23164, stack(0x0000000025300000,0x0000000025400000)]
  0x000000001d7f8800 JavaThread "Build operations Thread 7" [_thread_blocked, id=15456, stack(0x0000000025200000,0x0000000025300000)]
  0x000000001d7fb800 JavaThread "Build operations Thread 6" [_thread_blocked, id=28320, stack(0x0000000025100000,0x0000000025200000)]
  0x000000001d12b000 JavaThread "Build operations Thread 5" [_thread_blocked, id=24336, stack(0x0000000025000000,0x0000000025100000)]
  0x000000001d12a800 JavaThread "Build operations Thread 4" [_thread_blocked, id=12544, stack(0x0000000024f00000,0x0000000025000000)]
  0x000000001d12d800 JavaThread "Build operations Thread 3" [_thread_blocked, id=11452, stack(0x0000000024e00000,0x0000000024f00000)]
  0x000000001d12c800 JavaThread "Build operations Thread 2" [_thread_blocked, id=21912, stack(0x0000000024d00000,0x0000000024e00000)]
  0x000000001d129800 JavaThread "Build operations" [_thread_blocked, id=6592, stack(0x00000000248a0000,0x00000000249a0000)]
  0x000000001d121800 JavaThread "Cache worker for execution history cache (C:\Users\Asus\.gradle\caches\6.1.1\executionHistory)" [_thread_in_native, id=21052, stack(0x0000000022c00000,0x0000000022d00000)]
  0x000000001d11f000 JavaThread "Cache worker for cache directory md-rule (C:\Users\Asus\.gradle\caches\6.1.1\md-rule)" [_thread_blocked, id=26100, stack(0x0000000021a60000,0x0000000021b60000)]
  0x000000001d126000 JavaThread "Cache worker for cache directory md-supplier (C:\Users\Asus\.gradle\caches\6.1.1\md-supplier)" [_thread_blocked, id=17548, stack(0x00000000214c0000,0x00000000215c0000)]
  0x000000001d120000 JavaThread "Cache worker for file hash cache (C:\Users\Asus\Documents\GitHub\mov-silva-andrea\CRUApp\.gradle\6.1.1\fileHashes)" [_thread_blocked, id=7132, stack(0x0000000021760000,0x0000000021860000)]
  0x000000001d123000 JavaThread "Cache worker for checksums cache (C:\Users\Asus\Documents\GitHub\mov-silva-andrea\CRUApp\.gradle\checksums)" [_thread_blocked, id=20220, stack(0x0000000021660000,0x0000000021760000)]
  0x000000001d11e800 JavaThread "Cache worker for file hash cache (C:\Users\Asus\.gradle\caches\6.1.1\fileHashes)" [_thread_blocked, id=8924, stack(0x000000001f020000,0x000000001f120000)]
  0x000000001d122000 JavaThread "File lock request listener" [_thread_in_native, id=22196, stack(0x000000001ef20000,0x000000001f020000)]
  0x000000001d125000 JavaThread "Cache worker for journal cache (C:\Users\Asus\.gradle\caches\journal-1)" [_thread_blocked, id=32472, stack(0x000000001ee20000,0x000000001ef20000)]
  0x000000001cdf6000 JavaThread "Thread-9" [_thread_blocked, id=18332, stack(0x000000001eb20000,0x000000001ec20000)]
  0x000000001cdf3800 JavaThread "Stdin handler" [_thread_blocked, id=11168, stack(0x000000001ea20000,0x000000001eb20000)]
  0x000000001cdf4800 JavaThread "Asynchronous log dispatcher for DefaultDaemonConnection: socket connection from /127.0.0.1:1157 to /127.0.0.1:1158" [_thread_blocked, id=32704, stack(0x000000001e820000,0x000000001e920000)]
  0x000000001cdf1800 JavaThread "Daemon worker" [_thread_blocked, id=18800, stack(0x000000001e720000,0x000000001e820000)]
  0x000000001cdf8000 JavaThread "Cancel handler" [_thread_blocked, id=27444, stack(0x000000001e620000,0x000000001e720000)]
  0x000000001cdf7800 JavaThread "Handler for socket connection from /127.0.0.1:1157 to /127.0.0.1:1158" [_thread_in_native, id=23096, stack(0x000000001e320000,0x000000001e420000)]
  0x000000001cdf5000 JavaThread "Daemon" [_thread_blocked, id=32776, stack(0x000000001e220000,0x000000001e320000)]
  0x000000001cdf3000 JavaThread "Daemon periodic checks" [_thread_blocked, id=88, stack(0x000000001e120000,0x000000001e220000)]
  0x000000001cdf6800 JavaThread "Incoming local TCP Connector on port 1157" [_thread_in_native, id=28860, stack(0x000000001deb0000,0x000000001dfb0000)]
  0x000000001cdf2000 JavaThread "Daemon health stats" [_thread_blocked, id=30664, stack(0x000000001c870000,0x000000001c970000)]
  0x000000001a251800 JavaThread "Service Thread" daemon [_thread_blocked, id=31448, stack(0x000000001aea0000,0x000000001afa0000)]
  0x000000001a1c6000 JavaThread "C1 CompilerThread3" daemon [_thread_in_vm, id=30420, stack(0x000000001ada0000,0x000000001aea0000)]
  0x000000001a1be800 JavaThread "C2 CompilerThread2" daemon [_thread_in_native, id=7856, stack(0x000000001aca0000,0x000000001ada0000)]
  0x000000001a1bc800 JavaThread "C2 CompilerThread1" daemon [_thread_in_native, id=8208, stack(0x000000001aba0000,0x000000001aca0000)]
=>0x000000001a1b5000 JavaThread "C2 CompilerThread0" daemon [_thread_in_native, id=22092, stack(0x000000001aaa0000,0x000000001aba0000)]
  0x000000001a1b1000 JavaThread "Attach Listener" daemon [_thread_blocked, id=33248, stack(0x000000001a9a0000,0x000000001aaa0000)]
  0x000000001a1b0000 JavaThread "Signal Dispatcher" daemon [_thread_blocked, id=5768, stack(0x000000001a8a0000,0x000000001a9a0000)]
  0x000000001a1a0800 JavaThread "Finalizer" daemon [_thread_blocked, id=8800, stack(0x000000001a680000,0x000000001a780000)]
  0x0000000003327800 JavaThread "Reference Handler" daemon [_thread_blocked, id=31120, stack(0x000000001a580000,0x000000001a680000)]
  0x0000000003232800 JavaThread "main" [_thread_blocked, id=20676, stack(0x0000000003080000,0x0000000003180000)]

Other Threads:
  0x0000000018398000 VMThread [stack: 0x000000001a080000,0x000000001a180000] [id=14124]
  0x000000001a1d7000 WatcherThread [stack: 0x000000001afa0000,0x000000001b0a0000] [id=984]

VM state:not at safepoint (normal execution)

VM Mutex/Monitor currently owned by a thread: None

heap address: 0x0000000080000000, size: 2048 MB, Compressed Oops mode: 32-bit
Narrow klass base: 0x0000000000000000, Narrow klass shift: 3
Compressed class space size: 1073741824 Address: 0x0000000100000000

Heap:
 PSYoungGen      total 250880K, used 217973K [0x00000000d5580000, 0x00000000e8580000, 0x0000000100000000)
  eden space 221696K, 91% used [0x00000000d5580000,0x00000000e1bd4b98,0x00000000e2e00000)
  from space 29184K, 50% used [0x00000000e2e00000,0x00000000e3c889d8,0x00000000e4a80000)
  to   space 27648K, 0% used [0x00000000e6a80000,0x00000000e6a80000,0x00000000e8580000)
 ParOldGen       total 176640K, used 72857K [0x0000000080000000, 0x000000008ac80000, 0x00000000d5580000)
  object space 176640K, 41% used [0x0000000080000000,0x0000000084726630,0x000000008ac80000)
 Metaspace       used 81020K, capacity 86454K, committed 86680K, reserved 1124352K
  class space    used 11185K, capacity 12150K, committed 12200K, reserved 1048576K

Card table byte_map: [0x00000000126f0000,0x0000000012b00000] byte_map_base: 0x00000000122f0000

Marking Bits: (ParMarkBitMap*) 0x0000000068f6f030
 Begin Bits: [0x00000000135b0000, 0x00000000155b0000)
 End Bits:   [0x00000000155b0000, 0x00000000175b0000)

Polling page: 0x0000000001410000

CodeCache: size=245760Kb used=35935Kb max_used=35935Kb free=209824Kb
 bounds [0x0000000003330000, 0x0000000005670000, 0x0000000012330000]
 total_blobs=11923 nmethods=11080 adapters=753
 compilation: enabled

Compilation events (10 events):
Event: 12.759 Thread 0x000000001a1c6000 12909       2       java.util.Arrays$ArrayList::spliterator (10 bytes)
Event: 12.759 Thread 0x000000001a1c6000 nmethod 12909 0x0000000005618590 code [0x0000000005618700, 0x0000000005618998]
Event: 12.762 Thread 0x000000001a1c6000 12910 %     3       com.android.tools.r8.ir.conversion.K::a @ 7 (182 bytes)
Event: 12.763 Thread 0x000000001a1c6000 nmethod 12910% 0x0000000005618b50 code [0x0000000005618e60, 0x000000000561a5a8]
Event: 12.821 Thread 0x000000001a1c6000 12911 %     3       com.android.tools.r8.graph.b0::a @ 111 (299 bytes)
Event: 12.822 Thread 0x000000001a1c6000 nmethod 12911% 0x000000000561b110 code [0x000000000561b340, 0x000000000561bdb0]
Event: 12.834 Thread 0x000000001a1c6000 12912       2       com.android.tools.r8.u.b.w0::a (128 bytes)
Event: 12.834 Thread 0x000000001a1c6000 nmethod 12912 0x000000000561c890 code [0x000000000561ca40, 0x000000000561ce88]
Event: 12.843 Thread 0x000000001a1c6000 12913       1       com.android.tools.r8.u.b.b1::p2 (2 bytes)
Event: 12.843 Thread 0x000000001a1c6000 nmethod 12913 0x000000000561d190 code [0x000000000561d2e0, 0x000000000561d3f0]

GC Heap History (10 events):
Event: 10.168 GC heap before
{Heap before GC invocations=18 (full 3):
 PSYoungGen      total 180736K, used 180708K [0x00000000d5580000, 0x00000000e4380000, 0x0000000100000000)
  eden space 157696K, 100% used [0x00000000d5580000,0x00000000def80000,0x00000000def80000)
  from space 23040K, 99% used [0x00000000e1000000,0x00000000e2679150,0x00000000e2680000)
  to   space 33280K, 0% used [0x00000000def80000,0x00000000def80000,0x00000000e1000000)
 ParOldGen       total 176640K, used 52307K [0x0000000080000000, 0x000000008ac80000, 0x00000000d5580000)
  object space 176640K, 29% used [0x0000000080000000,0x0000000083314c90,0x000000008ac80000)
 Metaspace       used 78829K, capacity 83942K, committed 84120K, reserved 1122304K
  class space    used 10974K, capacity 11862K, committed 11944K, reserved 1048576K
Event: 10.190 GC heap after
Heap after GC invocations=18 (full 3):
 PSYoungGen      total 190976K, used 13379K [0x00000000d5580000, 0x00000000e4e80000, 0x0000000100000000)
  eden space 157696K, 0% used [0x00000000d5580000,0x00000000d5580000,0x00000000def80000)
  from space 33280K, 40% used [0x00000000def80000,0x00000000dfc90c48,0x00000000e1000000)
  to   space 31744K, 0% used [0x00000000e2f80000,0x00000000e2f80000,0x00000000e4e80000)
 ParOldGen       total 176640K, used 72825K [0x0000000080000000, 0x000000008ac80000, 0x00000000d5580000)
  object space 176640K, 41% used [0x0000000080000000,0x000000008471e630,0x000000008ac80000)
 Metaspace       used 78829K, capacity 83942K, committed 84120K, reserved 1122304K
  class space    used 10974K, capacity 11862K, committed 11944K, reserved 1048576K
}
Event: 10.882 GC heap before
{Heap before GC invocations=19 (full 3):
 PSYoungGen      total 190976K, used 170743K [0x00000000d5580000, 0x00000000e4e80000, 0x0000000100000000)
  eden space 157696K, 99% used [0x00000000d5580000,0x00000000def2d300,0x00000000def80000)
  from space 33280K, 40% used [0x00000000def80000,0x00000000dfc90c48,0x00000000e1000000)
  to   space 31744K, 0% used [0x00000000e2f80000,0x00000000e2f80000,0x00000000e4e80000)
 ParOldGen       total 176640K, used 72825K [0x0000000080000000, 0x000000008ac80000, 0x00000000d5580000)
  object space 176640K, 41% used [0x0000000080000000,0x000000008471e630,0x000000008ac80000)
 Metaspace       used 79610K, capacity 84886K, committed 85016K, reserved 1122304K
  class space    used 11090K, capacity 12038K, committed 12072K, reserved 1048576K
Event: 10.902 GC heap after
Heap after GC invocations=19 (full 3):
 PSYoungGen      total 223744K, used 17086K [0x00000000d5580000, 0x00000000e4e80000, 0x0000000100000000)
  eden space 192000K, 0% used [0x00000000d5580000,0x00000000d5580000,0x00000000e1100000)
  from space 31744K, 53% used [0x00000000e2f80000,0x00000000e402fa08,0x00000000e4e80000)
  to   space 31232K, 0% used [0x00000000e1100000,0x00000000e1100000,0x00000000e2f80000)
 ParOldGen       total 176640K, used 72833K [0x0000000080000000, 0x000000008ac80000, 0x00000000d5580000)
  object space 176640K, 41% used [0x0000000080000000,0x0000000084720630,0x000000008ac80000)
 Metaspace       used 79610K, capacity 84886K, committed 85016K, reserved 1122304K
  class space    used 11090K, capacity 12038K, committed 12072K, reserved 1048576K
}
Event: 11.470 GC heap before
{Heap before GC invocations=20 (full 3):
 PSYoungGen      total 223744K, used 209086K [0x00000000d5580000, 0x00000000e4e80000, 0x0000000100000000)
  eden space 192000K, 100% used [0x00000000d5580000,0x00000000e1100000,0x00000000e1100000)
  from space 31744K, 53% used [0x00000000e2f80000,0x00000000e402fa08,0x00000000e4e80000)
  to   space 31232K, 0% used [0x00000000e1100000,0x00000000e1100000,0x00000000e2f80000)
 ParOldGen       total 176640K, used 72833K [0x0000000080000000, 0x000000008ac80000, 0x00000000d5580000)
  object space 176640K, 41% used [0x0000000080000000,0x0000000084720630,0x000000008ac80000)
 Metaspace       used 80260K, capacity 85588K, committed 85912K, reserved 1122304K
  class space    used 11119K, capacity 12085K, committed 12200K, reserved 1048576K
Event: 11.484 GC heap after
Heap after GC invocations=20 (full 3):
 PSYoungGen      total 223232K, used 17441K [0x00000000d5580000, 0x00000000e6880000, 0x0000000100000000)
  eden space 192000K, 0% used [0x00000000d5580000,0x00000000d5580000,0x00000000e1100000)
  from space 31232K, 55% used [0x00000000e1100000,0x00000000e22085e8,0x00000000e2f80000)
  to   space 30720K, 0% used [0x00000000e4a80000,0x00000000e4a80000,0x00000000e6880000)
 ParOldGen       total 176640K, used 72841K [0x0000000080000000, 0x000000008ac80000, 0x00000000d5580000)
  object space 176640K, 41% used [0x0000000080000000,0x0000000084722630,0x000000008ac80000)
 Metaspace       used 80260K, capacity 85588K, committed 85912K, reserved 1122304K
  class space    used 11119K, capacity 12085K, committed 12200K, reserved 1048576K
}
Event: 11.956 GC heap before
{Heap before GC invocations=21 (full 3):
 PSYoungGen      total 223232K, used 209441K [0x00000000d5580000, 0x00000000e6880000, 0x0000000100000000)
  eden space 192000K, 100% used [0x00000000d5580000,0x00000000e1100000,0x00000000e1100000)
  from space 31232K, 55% used [0x00000000e1100000,0x00000000e22085e8,0x00000000e2f80000)
  to   space 30720K, 0% used [0x00000000e4a80000,0x00000000e4a80000,0x00000000e6880000)
 ParOldGen       total 176640K, used 72841K [0x0000000080000000, 0x000000008ac80000, 0x00000000d5580000)
  object space 176640K, 41% used [0x0000000080000000,0x0000000084722630,0x000000008ac80000)
 Metaspace       used 80721K, capacity 86132K, committed 86424K, reserved 1124352K
  class space    used 11170K, capacity 12141K, committed 12200K, reserved 1048576K
Event: 11.973 GC heap after
Heap after GC invocations=21 (full 3):
 PSYoungGen      total 250880K, used 13523K [0x00000000d5580000, 0x00000000e6700000, 0x0000000100000000)
  eden space 221696K, 0% used [0x00000000d5580000,0x00000000d5580000,0x00000000e2e00000)
  from space 29184K, 46% used [0x00000000e4a80000,0x00000000e57b4d38,0x00000000e6700000)
  to   space 29184K, 0% used [0x00000000e2e00000,0x00000000e2e00000,0x00000000e4a80000)
 ParOldGen       total 176640K, used 72849K [0x0000000080000000, 0x000000008ac80000, 0x00000000d5580000)
  object space 176640K, 41% used [0x0000000080000000,0x0000000084724630,0x000000008ac80000)
 Metaspace       used 80721K, capacity 86132K, committed 86424K, reserved 1124352K
  class space    used 11170K, capacity 12141K, committed 12200K, reserved 1048576K
}
Event: 12.489 GC heap before
{Heap before GC invocations=22 (full 3):
 PSYoungGen      total 250880K, used 235219K [0x00000000d5580000, 0x00000000e6700000, 0x0000000100000000)
  eden space 221696K, 100% used [0x00000000d5580000,0x00000000e2e00000,0x00000000e2e00000)
  from space 29184K, 46% used [0x00000000e4a80000,0x00000000e57b4d38,0x00000000e6700000)
  to   space 29184K, 0% used [0x00000000e2e00000,0x00000000e2e00000,0x00000000e4a80000)
 ParOldGen       total 176640K, used 72849K [0x0000000080000000, 0x000000008ac80000, 0x00000000d5580000)
  object space 176640K, 41% used [0x0000000080000000,0x0000000084724630,0x000000008ac80000)
 Metaspace       used 80824K, capacity 86230K, committed 86424K, reserved 1124352K
  class space    used 11180K, capacity 12146K, committed 12200K, reserved 1048576K
Event: 12.503 GC heap after
Heap after GC invocations=22 (full 3):
 PSYoungGen      total 250880K, used 14882K [0x00000000d5580000, 0x00000000e8580000, 0x0000000100000000)
  eden space 221696K, 0% used [0x00000000d5580000,0x00000000d5580000,0x00000000e2e00000)
  from space 29184K, 50% used [0x00000000e2e00000,0x00000000e3c889d8,0x00000000e4a80000)
  to   space 27648K, 0% used [0x00000000e6a80000,0x00000000e6a80000,0x00000000e8580000)
 ParOldGen       total 176640K, used 72857K [0x0000000080000000, 0x000000008ac80000, 0x00000000d5580000)
  object space 176640K, 41% used [0x0000000080000000,0x0000000084726630,0x000000008ac80000)
 Metaspace       used 80824K, capacity 86230K, committed 86424K, reserved 1124352K
  class space    used 11180K, capacity 12146K, committed 12200K, reserved 1048576K
}

Deoptimization events (10 events):
Event: 11.994 Thread 0x000000001d800800 Uncommon trap: reason=unstable_if action=reinterpret pc=0x0000000004d47db4 method=com.android.tools.r8.ir.conversion.o.e(I)Lcom/android/tools/r8/graph/r; @ 4
Event: 11.994 Thread 0x000000001d800800 Uncommon trap: reason=unstable_if action=reinterpret pc=0x0000000004c93710 method=com.android.tools.r8.ir.conversion.o.c(Lcom/android/tools/r8/ir/conversion/N;)Lcom/android/tools/r8/u/b/t; @ 4
Event: 11.996 Thread 0x000000001d800800 Uncommon trap: reason=unstable_if action=reinterpret pc=0x0000000004cc7134 method=com.android.tools.r8.ir.conversion.o.e(I)Lcom/android/tools/r8/graph/r; @ 4
Event: 12.527 Thread 0x000000001d800800 Uncommon trap: reason=unstable_if action=reinterpret pc=0x0000000004622720 method=com.android.tools.r8.graph.V.a([Lcom/android/tools/r8/graph/V;Ljava/util/function/Consumer;)V @ 21
Event: 12.558 Thread 0x000000001d803000 Uncommon trap: reason=bimorphic action=maybe_recompile pc=0x00000000055a719c method=java.util.Collections$SetFromMap.contains(Ljava/lang/Object;)Z @ 5
Event: 12.558 Thread 0x000000001d803000 Uncommon trap: reason=bimorphic action=maybe_recompile pc=0x00000000055a719c method=java.util.Collections$SetFromMap.contains(Ljava/lang/Object;)Z @ 5
Event: 12.560 Thread 0x000000001d803000 Uncommon trap: reason=bimorphic action=maybe_recompile pc=0x00000000055a719c method=java.util.Collections$SetFromMap.contains(Ljava/lang/Object;)Z @ 5
Event: 12.560 Thread 0x000000001d803000 Uncommon trap: reason=bimorphic action=maybe_recompile pc=0x00000000055a719c method=java.util.Collections$SetFromMap.contains(Ljava/lang/Object;)Z @ 5
Event: 12.580 Thread 0x000000001d800800 Uncommon trap: reason=unstable_if action=reinterpret pc=0x00000000040605a8 method=java.util.Arrays.equals([Ljava/lang/Object;[Ljava/lang/Object;)Z @ 47
Event: 12.736 Thread 0x000000001d803000 Uncommon trap: reason=class_check action=maybe_recompile pc=0x0000000004d45378 method=com.android.tools.r8.v.a.a.a.f.U.equals(Ljava/lang/Object;)Z @ 1

Classes redefined (0 events):
No events

Internal exceptions (10 events):
Event: 10.465 Thread 0x000000001f9fb800 Exception <a 'sun/nio/fs/WindowsException'> (0x00000000d8dd1230) thrown at [C:\src\AOSP-openjdk-git\hotspot\src\share\vm\prims\jni.cpp, line 710]
Event: 10.467 Thread 0x000000001f9fb800 Exception <a 'sun/nio/fs/WindowsException'> (0x00000000d8dda938) thrown at [C:\src\AOSP-openjdk-git\hotspot\src\share\vm\prims\jni.cpp, line 710]
Event: 10.469 Thread 0x000000001f9fb800 Exception <a 'sun/nio/fs/WindowsException'> (0x00000000d8de2710) thrown at [C:\src\AOSP-openjdk-git\hotspot\src\share\vm\prims\jni.cpp, line 710]
Event: 10.473 Thread 0x000000001f9fb800 Exception <a 'sun/nio/fs/WindowsException'> (0x00000000d9088790) thrown at [C:\src\AOSP-openjdk-git\hotspot\src\share\vm\prims\jni.cpp, line 710]
Event: 10.475 Thread 0x000000001f9fb800 Exception <a 'sun/nio/fs/WindowsException'> (0x00000000d9091dd8) thrown at [C:\src\AOSP-openjdk-git\hotspot\src\share\vm\prims\jni.cpp, line 710]
Event: 10.529 Thread 0x000000001d801800 Exception <a 'java/lang/NoSuchMethodError': <clinit>> (0x00000000d9c8a818) thrown at [C:\src\AOSP-openjdk-git\hotspot\src\share\vm\prims\jni.cpp, line 1615]
Event: 10.607 Thread 0x000000001fa01800 Exception <a 'sun/nio/fs/WindowsException'> (0x00000000dac48810) thrown at [C:\src\AOSP-openjdk-git\hotspot\src\share\vm\prims\jni.cpp, line 710]
Event: 10.702 Thread 0x000000001d741000 Implicit null exception at 0x0000000003d02caf to 0x0000000003d02da1
Event: 10.934 Thread 0x000000001d741000 Exception <a 'sun/nio/fs/WindowsException'> (0x00000000d5f4a8b8) thrown at [C:\src\AOSP-openjdk-git\hotspot\src\share\vm\prims\jni.cpp, line 710]
Event: 12.643 Thread 0x000000001d800800 Exception <a 'sun/nio/fs/WindowsException'> (0x00000000d7b71010) thrown at [C:\src\AOSP-openjdk-git\hotspot\src\share\vm\prims\jni.cpp, line 710]

Events (10 events):
Event: 12.621 Thread 0x000000001d800800 DEOPT UNPACKING pc=0x00000000033775d0 sp=0x00000000268fa518 mode 0
Event: 12.645 loading class com/google/wireless/android/sdk/stats/GradleTransformExecution$1
Event: 12.645 loading class com/google/wireless/android/sdk/stats/GradleTransformExecution$1 done
Event: 12.645 loading class com/google/wireless/android/sdk/stats/GradleTransformExecution$Builder
Event: 12.645 loading class com/google/wireless/android/sdk/stats/GradleTransformExecution$Builder done
Event: 12.652 Thread 0x000000001d800800 DEOPT PACKING pc=0x0000000004a03164 sp=0x00000000268fab10
Event: 12.652 Thread 0x000000001d800800 DEOPT UNPACKING pc=0x00000000033775d0 sp=0x00000000268fa9c8 mode 0
Event: 12.736 Thread 0x000000001d803000 Uncommon trap: trap_request=0xffffffde fr.pc=0x0000000004d45378
Event: 12.736 Thread 0x000000001d803000 DEOPT PACKING pc=0x0000000004d45378 sp=0x0000000026d7a2d0
Event: 12.736 Thread 0x000000001d803000 DEOPT UNPACKING pc=0x000000000337557b sp=0x0000000026d7a268 mode 2


Dynamic libraries:
0x00007ff63cc50000 - 0x00007ff63cc81000 	C:\Program Files\Android\Android Studio\jre\bin\java.exe
0x00007ffe51c20000 - 0x00007ffe51e10000 	C:\WINDOWS\SYSTEM32\ntdll.dll
0x00007ffe4fde0000 - 0x00007ffe4fe92000 	C:\WINDOWS\System32\KERNEL32.DLL
0x00007ffe4eba0000 - 0x00007ffe4ee44000 	C:\WINDOWS\System32\KERNELBASE.dll
0x00007ffe4fcd0000 - 0x00007ffe4fd73000 	C:\WINDOWS\System32\ADVAPI32.dll
0x00007ffe50df0000 - 0x00007ffe50e8e000 	C:\WINDOWS\System32\msvcrt.dll
0x00007ffe4ff80000 - 0x00007ffe50017000 	C:\WINDOWS\System32\sechost.dll
0x00007ffe50ae0000 - 0x00007ffe50c00000 	C:\WINDOWS\System32\RPCRT4.dll
0x00007ffe50940000 - 0x00007ffe50ad4000 	C:\WINDOWS\System32\USER32.dll
0x00007ffe4f9b0000 - 0x00007ffe4f9d1000 	C:\WINDOWS\System32\win32u.dll
0x00007ffe50c60000 - 0x00007ffe50c86000 	C:\WINDOWS\System32\GDI32.dll
0x00007ffe4f810000 - 0x00007ffe4f9a6000 	C:\WINDOWS\System32\gdi32full.dll
0x00007ffe4f6f0000 - 0x00007ffe4f78e000 	C:\WINDOWS\System32\msvcp_win.dll
0x00007ffe4fbb0000 - 0x00007ffe4fcaa000 	C:\WINDOWS\System32\ucrtbase.dll
0x00007ffe39f90000 - 0x00007ffe3a214000 	C:\WINDOWS\WinSxS\amd64_microsoft.windows.common-controls_6595b64144ccf1df_6.0.18362.959_none_e6c7bbbf130c62bb\COMCTL32.dll
0x00007ffe50600000 - 0x00007ffe50935000 	C:\WINDOWS\System32\combase.dll
0x00007ffe4f790000 - 0x00007ffe4f810000 	C:\WINDOWS\System32\bcryptPrimitives.dll
0x00007ffe50160000 - 0x00007ffe5018e000 	C:\WINDOWS\System32\IMM32.DLL
0x00000000686c0000 - 0x0000000068792000 	C:\Program Files\Android\Android Studio\jre\jre\bin\msvcr100.dll
0x00000000687a0000 - 0x0000000068feb000 	C:\Program Files\Android\Android Studio\jre\jre\bin\server\jvm.dll
0x00007ffe51650000 - 0x00007ffe51658000 	C:\WINDOWS\System32\PSAPI.DLL
0x00007ffe443c0000 - 0x00007ffe443e4000 	C:\WINDOWS\SYSTEM32\WINMM.dll
0x00007ffe46940000 - 0x00007ffe4694a000 	C:\WINDOWS\SYSTEM32\VERSION.dll
0x00007ffe46df0000 - 0x00007ffe46df9000 	C:\WINDOWS\SYSTEM32\WSOCK32.dll
0x00007ffe50ef0000 - 0x00007ffe50f5f000 	C:\WINDOWS\System32\WS2_32.dll
0x00007ffe44100000 - 0x00007ffe4412d000 	C:\WINDOWS\SYSTEM32\WINMMBASE.dll
0x00007ffe4f9e0000 - 0x00007ffe4fa2a000 	C:\WINDOWS\System32\cfgmgr32.dll
0x00007ffe499b0000 - 0x00007ffe499bf000 	C:\Program Files\Android\Android Studio\jre\jre\bin\verify.dll
0x00007ffe417f0000 - 0x00007ffe41819000 	C:\Program Files\Android\Android Studio\jre\jre\bin\java.dll
0x00007ffe42e80000 - 0x00007ffe42e96000 	C:\Program Files\Android\Android Studio\jre\jre\bin\zip.dll
0x00007ffe50f60000 - 0x00007ffe51646000 	C:\WINDOWS\System32\SHELL32.dll
0x00007ffe51b30000 - 0x00007ffe51bd9000 	C:\WINDOWS\System32\shcore.dll
0x00007ffe4ef60000 - 0x00007ffe4f6e2000 	C:\WINDOWS\System32\windows.storage.dll
0x00007ffe4eb00000 - 0x00007ffe4eb23000 	C:\WINDOWS\System32\profapi.dll
0x00007ffe4eb50000 - 0x00007ffe4eb9a000 	C:\WINDOWS\System32\powrprof.dll
0x00007ffe4ead0000 - 0x00007ffe4eae0000 	C:\WINDOWS\System32\UMPDC.dll
0x00007ffe50c00000 - 0x00007ffe50c52000 	C:\WINDOWS\System32\shlwapi.dll
0x00007ffe4eae0000 - 0x00007ffe4eaf1000 	C:\WINDOWS\System32\kernel.appcore.dll
0x00007ffe4fcb0000 - 0x00007ffe4fcc7000 	C:\WINDOWS\System32\cryptsp.dll
0x00007ffe417d0000 - 0x00007ffe417ea000 	C:\Program Files\Android\Android Studio\jre\jre\bin\net.dll
0x00007ffe4e2e0000 - 0x00007ffe4e347000 	C:\WINDOWS\system32\mswsock.dll
0x00007ffe42880000 - 0x00007ffe42893000 	C:\Program Files\Android\Android Studio\jre\jre\bin\nio.dll
0x00007ffe428b0000 - 0x00007ffe428d6000 	C:\Users\Asus\.gradle\native\31\windows-amd64\native-platform.dll
0x00007ffe48790000 - 0x00007ffe4879d000 	C:\Program Files\Android\Android Studio\jre\jre\bin\management.dll
0x00007ffe4de50000 - 0x00007ffe4de83000 	C:\WINDOWS\system32\rsaenh.dll
0x00007ffe4fa30000 - 0x00007ffe4fa56000 	C:\WINDOWS\System32\bcrypt.dll
0x00007ffe4e9c0000 - 0x00007ffe4e9e5000 	C:\WINDOWS\SYSTEM32\USERENV.dll
0x00007ffe4e4b0000 - 0x00007ffe4e4bc000 	C:\WINDOWS\SYSTEM32\CRYPTBASE.dll
0x00007ffe4dff0000 - 0x00007ffe4e02a000 	C:\WINDOWS\SYSTEM32\IPHLPAPI.DLL
0x00007ffe4fea0000 - 0x00007ffe4fea8000 	C:\WINDOWS\System32\NSI.dll
0x00007ffe479a0000 - 0x00007ffe479b6000 	C:\WINDOWS\SYSTEM32\dhcpcsvc6.DLL
0x00007ffe47980000 - 0x00007ffe4799c000 	C:\WINDOWS\SYSTEM32\dhcpcsvc.DLL
0x00007ffe4e080000 - 0x00007ffe4e14b000 	C:\WINDOWS\SYSTEM32\DNSAPI.dll

VM Arguments:
jvm_args: -Xmx2048m -Dfile.encoding=windows-1252 -Duser.country=EC -Duser.language=es -Duser.variant 
java_command: org.gradle.launcher.daemon.bootstrap.GradleDaemon 6.1.1
java_class_path (initial): C:\Users\Asus\.gradle\wrapper\dists\gradle-6.1.1-all\cfmwm155h49vnt3hynmlrsdst\gradle-6.1.1\lib\gradle-launcher-6.1.1.jar
Launcher Type: SUN_STANDARD

Environment Variables:
JAVA_HOME=C:\Program Files\Java\jdk1.8.0_111
USERNAME=Asus
OS=Windows_NT
PROCESSOR_IDENTIFIER=Intel64 Family 6 Model 142 Stepping 10, GenuineIntel



---------------  S Y S T E M  ---------------

OS: Windows 10.0 , 64 bit Build 18362 (10.0.18362.959)

CPU:total 8 (initial active 8) (4 cores per cpu, 2 threads per core) family 6 model 142 stepping 10, cmov, cx8, fxsr, mmx, sse, sse2, sse3, ssse3, sse4.1, sse4.2, popcnt, avx, avx2, aes, clmul, erms, 3dnowpref, lzcnt, ht, tsc, tscinvbit, bmi1, bmi2, adx

Memory: 4k page, physical 10906788k(2656048k free), swap 44461220k(6100k free)

vm_info: OpenJDK 64-Bit Server VM (25.242-b01) for windows-amd64 JRE (1.8.0_242-release-1644-b01), built by "builder" with MS VC++ 10.0 (VS2010)

time: Wed Jul 29 21:20:14 2020
timezone: Hora est. Pacífico, Sudamérica
elapsed time: 13 seconds (0d 0h 0m 13s)

