#
# There is insufficient memory for the Java Runtime Environment to continue.
# Native memory allocation (malloc) failed to allocate 104944 bytes for Chunk::new
# Possible reasons:
#   The system is out of physical RAM or swap space
#   The process is running with CompressedOops enabled, and the Java Heap may be blocking the growth of the native heap
# Possible solutions:
#   Reduce memory load on the system
#   Increase physical memory or swap space
#   Check if swap backing store is full
#   Decrease Java heap size (-Xmx/-Xms)
#   Decrease number of Java threads
#   Decrease Java thread stack sizes (-Xss)
#   Set larger code cache with -XX:ReservedCodeCacheSize=
#   JVM is running with Unscaled Compressed Oops mode in which the Java heap is
#     placed in the first 4GB address space. The Java Heap base address is the
#     maximum limit for the native heap growth. Please use -XX:HeapBaseMinAddress
#     to set the Java Heap base and to place the Java Heap above 4GB virtual address.
# This output file may be truncated or incomplete.
#
#  Out of Memory Error (allocation.cpp:389), pid=14288, tid=0x0000000000007594
#
# JRE version: OpenJDK Runtime Environment (8.0_242-b01) (build 1.8.0_242-release-1644-b01)
# Java VM: OpenJDK 64-Bit Server VM (25.242-b01 mixed mode windows-amd64 compressed oops)
# Failed to write core dump. Minidumps are not enabled by default on client versions of Windows
#

---------------  T H R E A D  ---------------

Current thread (0x000000001a29b800):  JavaThread "C2 CompilerThread1" daemon [_thread_in_native, id=30100, stack(0x000000001ac80000,0x000000001ad80000)]

Stack: [0x000000001ac80000,0x000000001ad80000]
[error occurred during error reporting (printing stack bounds), id 0xc0000005]

Native frames: (J=compiled Java code, j=interpreted, Vv=VM code, C=native code)


Current CompileTask:
C2:3018755 13909   !   4       java.util.concurrent.LinkedBlockingQueue::poll (134 bytes)


---------------  P R O C E S S  ---------------

Java Threads: ( => current thread )
  0x000000001f419800 JavaThread "WorkerExecutor Queue Thread 2" [_thread_blocked, id=268, stack(0x0000000029740000,0x0000000029840000)]
  0x000000001f412000 JavaThread "stdout" [_thread_in_native, id=11008, stack(0x0000000029140000,0x0000000029240000)]
  0x000000001f418800 JavaThread "stderr" [_thread_in_native, id=25220, stack(0x0000000029040000,0x0000000029140000)]
  0x0000000020426800 JavaThread "pool-8-thread-1" [_thread_blocked, id=21940, stack(0x0000000028b40000,0x0000000028c40000)]
  0x0000000020426000 JavaThread "WorkerExecutor Queue" [_thread_blocked, id=17184, stack(0x0000000028a40000,0x0000000028b40000)]
  0x0000000020424800 JavaThread "Cache worker for execution history cache (C:\Users\Asus\Documents\GitHub\mov-silva-andrea\CRUApp\.gradle\6.1.1\executionHistory)" [_thread_blocked, id=29008, stack(0x0000000028940000,0x0000000028a40000)]
  0x0000000020423800 JavaThread "Execution worker for ':' Thread 7" [_thread_blocked, id=24960, stack(0x0000000028840000,0x0000000028940000)]
  0x0000000020425000 JavaThread "Execution worker for ':' Thread 6" [_thread_blocked, id=9312, stack(0x0000000027170000,0x0000000027270000)]
  0x000000002041c000 JavaThread "Execution worker for ':' Thread 5" [_thread_blocked, id=32720, stack(0x0000000027070000,0x0000000027170000)]
  0x000000002041b800 JavaThread "Execution worker for ':' Thread 4" [_thread_blocked, id=10424, stack(0x0000000026f70000,0x0000000027070000)]
  0x000000002041d000 JavaThread "Execution worker for ':' Thread 3" [_thread_blocked, id=33308, stack(0x0000000026a40000,0x0000000026b40000)]
  0x0000000020420800 JavaThread "Execution worker for ':' Thread 2" [_thread_blocked, id=5608, stack(0x0000000026740000,0x0000000026840000)]
  0x0000000020419000 JavaThread "Execution worker for ':'" [_thread_blocked, id=22752, stack(0x0000000025840000,0x0000000025940000)]
  0x0000000020418800 JavaThread "Cache worker for file content cache (C:\Users\Asus\Documents\GitHub\mov-silva-andrea\CRUApp\.gradle\6.1.1\fileContent)" [_thread_blocked, id=3756, stack(0x0000000025140000,0x0000000025240000)]
  0x000000002041a800 JavaThread "Cache worker for Build Output Cleanup Cache (C:\Users\Asus\Documents\GitHub\mov-silva-andrea\CRUApp\.gradle\buildOutputCleanup)" [_thread_blocked, id=28180, stack(0x0000000025040000,0x0000000025140000)]
  0x000000001f3de800 JavaThread "Build operations Thread 8" [_thread_blocked, id=14072, stack(0x0000000024f40000,0x0000000025040000)]
  0x000000001f3de000 JavaThread "Build operations Thread 7" [_thread_blocked, id=29388, stack(0x0000000024e40000,0x0000000024f40000)]
  0x000000001f3d6800 JavaThread "Build operations Thread 6" [_thread_blocked, id=31520, stack(0x0000000024d40000,0x0000000024e40000)]
  0x000000001f3dd000 JavaThread "Build operations Thread 5" [_thread_blocked, id=20136, stack(0x0000000024c40000,0x0000000024d40000)]
  0x000000001f3db800 JavaThread "Build operations Thread 4" [_thread_blocked, id=33224, stack(0x0000000024b40000,0x0000000024c40000)]
  0x000000001f3da000 JavaThread "Build operations Thread 3" [_thread_blocked, id=19952, stack(0x00000000237b0000,0x00000000238b0000)]
  0x000000001f3d9800 JavaThread "Build operations Thread 2" [_thread_blocked, id=18604, stack(0x0000000021970000,0x0000000021a70000)]
  0x000000001f3d8800 JavaThread "Build operations" [_thread_blocked, id=30252, stack(0x0000000021870000,0x0000000021970000)]
  0x000000001f3d8000 JavaThread "Cache worker for cache directory md-rule (C:\Users\Asus\.gradle\caches\6.1.1\md-rule)" [_thread_blocked, id=22712, stack(0x0000000021770000,0x0000000021870000)]
  0x000000001f3db000 JavaThread "Cache worker for cache directory md-supplier (C:\Users\Asus\.gradle\caches\6.1.1\md-supplier)" [_thread_blocked, id=12456, stack(0x0000000021670000,0x0000000021770000)]
  0x000000001f3d5800 JavaThread "Cache worker for file hash cache (C:\Users\Asus\Documents\GitHub\mov-silva-andrea\CRUApp\.gradle\6.1.1\fileHashes)" [_thread_blocked, id=33692, stack(0x0000000021570000,0x0000000021670000)]
  0x000000001f3dc800 JavaThread "Cache worker for checksums cache (C:\Users\Asus\Documents\GitHub\mov-silva-andrea\CRUApp\.gradle\checksums)" [_thread_blocked, id=6464, stack(0x000000001e8d0000,0x000000001e9d0000)]
  0x000000001f3d0800 JavaThread "Thread-85" [_thread_blocked, id=11648, stack(0x000000001e7d0000,0x000000001e8d0000)]
  0x000000001f3d3800 JavaThread "Stdin handler" [_thread_blocked, id=21752, stack(0x000000001e6d0000,0x000000001e7d0000)]
  0x000000001f3d5000 JavaThread "Asynchronous log dispatcher for DefaultDaemonConnection: socket connection from /127.0.0.1:1071 to /127.0.0.1:1438" [_thread_blocked, id=24632, stack(0x000000001e3d0000,0x000000001e4d0000)]
  0x000000001f3d1000 JavaThread "Daemon worker Thread 3" [_thread_blocked, id=29336, stack(0x000000001e2d0000,0x000000001e3d0000)]
  0x000000001f3d7000 JavaThread "Cancel handler" [_thread_blocked, id=12644, stack(0x0000000001700000,0x0000000001800000)]
  0x000000001f3d2000 JavaThread "Handler for socket connection from /127.0.0.1:1071 to /127.0.0.1:1438" [_thread_in_native, id=33264, stack(0x0000000001600000,0x0000000001700000)]
  0x000000001f3d2800 JavaThread "Daemon Thread 3" [_thread_blocked, id=27196, stack(0x0000000001500000,0x0000000001600000)]
  0x0000000022b51000 JavaThread "RMI RenewClean-[127.0.0.1:17114,org.jetbrains.kotlin.daemon.common.LoopbackNetworkInterface$ClientLoopbackSocketFactory@b212e0d]" daemon [_thread_blocked, id=23352, stack(0x0000000029d40000,0x0000000029e40000)]
  0x0000000020423000 JavaThread "RMI Reaper" [_thread_blocked, id=16496, stack(0x0000000029a40000,0x0000000029b40000)]
  0x000000002041d800 JavaThread "RMI TCP Accept-0" daemon [_thread_in_native, id=18268, stack(0x0000000029940000,0x0000000029a40000)]
  0x0000000020422000 JavaThread "GC Daemon" daemon [_thread_blocked, id=27528, stack(0x0000000029840000,0x0000000029940000)]
  0x0000000020421800 JavaThread "RMI Scheduler(0)" daemon [_thread_blocked, id=4608, stack(0x0000000029640000,0x0000000029740000)]
  0x000000001f41a000 JavaThread "Cache worker for file content cache (C:\Users\Asus\.gradle\caches\6.1.1\fileContent)" [_thread_blocked, id=6092, stack(0x0000000026640000,0x0000000026740000)]
  0x000000001f41d000 JavaThread "Memory manager" [_thread_blocked, id=20656, stack(0x0000000026540000,0x0000000026640000)]
  0x000000001a2a4800 JavaThread "Cache worker for execution history cache (C:\Users\Asus\.gradle\caches\6.1.1\executionHistory)" [_thread_blocked, id=8628, stack(0x0000000022cb0000,0x0000000022db0000)]
  0x000000001a2a5800 JavaThread "Cache worker for file hash cache (C:\Users\Asus\.gradle\caches\6.1.1\fileHashes)" [_thread_blocked, id=30844, stack(0x000000001f0d0000,0x000000001f1d0000)]
  0x000000001a2a1000 JavaThread "File lock request listener" [_thread_in_native, id=22968, stack(0x000000001efd0000,0x000000001f0d0000)]
  0x000000001d19b800 JavaThread "Cache worker for journal cache (C:\Users\Asus\.gradle\caches\journal-1)" [_thread_blocked, id=20556, stack(0x000000001eed0000,0x000000001efd0000)]
  0x000000001b344000 JavaThread "Daemon periodic checks" [_thread_blocked, id=30668, stack(0x000000001e1d0000,0x000000001e2d0000)]
  0x000000001b351800 JavaThread "Incoming local TCP Connector on port 1071" [_thread_in_native, id=13104, stack(0x000000001df60000,0x000000001e060000)]
  0x000000001ce76000 JavaThread "Daemon health stats" [_thread_blocked, id=20980, stack(0x000000001d920000,0x000000001da20000)]
  0x000000001a334800 JavaThread "Service Thread" daemon [_thread_blocked, id=12244, stack(0x000000001af80000,0x000000001b080000)]
  0x000000001a2a1800 JavaThread "C1 CompilerThread3" daemon [_thread_blocked, id=3644, stack(0x000000001ae80000,0x000000001af80000)]
  0x000000001a2a0000 JavaThread "C2 CompilerThread2" daemon [_thread_in_native, id=21228, stack(0x000000001ad80000,0x000000001ae80000)]
=>0x000000001a29b800 JavaThread "C2 CompilerThread1" daemon [_thread_in_native, id=30100, stack(0x000000001ac80000,0x000000001ad80000)]
  0x000000001a293000 JavaThread "C2 CompilerThread0" daemon [_thread_blocked, id=7008, stack(0x000000001ab80000,0x000000001ac80000)]
  0x000000001a291000 JavaThread "Attach Listener" daemon [_thread_blocked, id=13480, stack(0x000000001aa80000,0x000000001ab80000)]
  0x000000001a290000 JavaThread "Signal Dispatcher" daemon [_thread_blocked, id=31584, stack(0x000000001a980000,0x000000001aa80000)]
  0x000000001a281800 JavaThread "Finalizer" daemon [_thread_blocked, id=26208, stack(0x000000001a760000,0x000000001a860000)]
  0x000000001a280800 JavaThread "Reference Handler" daemon [_thread_blocked, id=33112, stack(0x000000001a660000,0x000000001a760000)]
  0x0000000003272800 JavaThread "main" [_thread_blocked, id=11532, stack(0x00000000030f0000,0x00000000031f0000)]

Other Threads:
  0x0000000018468000 VMThread [stack: 0x000000001a160000,0x000000001a260000] [id=4728]
  0x000000001a335800 WatcherThread [stack: 0x000000001b080000,0x000000001b180000] [id=27712]

VM state:not at safepoint (normal execution)

VM Mutex/Monitor currently owned by a thread: None

heap address: 0x0000000080000000, size: 2048 MB, Compressed Oops mode: 32-bit
Narrow klass base: 0x0000000000000000, Narrow klass shift: 3
Compressed class space size: 1073741824 Address: 0x0000000100000000

Heap:
 PSYoungGen      total 329216K, used 298089K [0x00000000d5580000, 0x00000000f0c80000, 0x0000000100000000)
  eden space 305664K, 89% used [0x00000000d5580000,0x00000000e619db50,0x00000000e8000000)
  from space 23552K, 99% used [0x00000000e8000000,0x00000000e96fcbe8,0x00000000e9700000)
  to   space 32768K, 0% used [0x00000000eec80000,0x00000000eec80000,0x00000000f0c80000)
 ParOldGen       total 147968K, used 50380K [0x0000000080000000, 0x0000000089080000, 0x00000000d5580000)
  object space 147968K, 34% used [0x0000000080000000,0x0000000083133008,0x0000000089080000)
 Metaspace       used 89525K, capacity 94763K, committed 95000K, reserved 1130496K
  class space    used 12140K, capacity 13079K, committed 13096K, reserved 1048576K

Card table byte_map: [0x00000000127c0000,0x0000000012bd0000] byte_map_base: 0x00000000123c0000

Marking Bits: (ParMarkBitMap*) 0x0000000068f6f030
 Begin Bits: [0x0000000013680000, 0x0000000015680000)
 End Bits:   [0x0000000015680000, 0x0000000017680000)

Polling page: 0x0000000000fe0000

CodeCache: size=245760Kb used=37047Kb max_used=37058Kb free=208712Kb
 bounds [0x0000000003400000, 0x0000000005860000, 0x0000000012400000]
 total_blobs=12645 nmethods=11738 adapters=819
 compilation: enabled

Compilation events (10 events):
Event: 3012.646 Thread 0x000000001a2a0000 nmethod 13903 0x000000000585b410 code [0x000000000585b560, 0x000000000585b698]
Event: 3012.646 Thread 0x000000001a29b800 nmethod 13904 0x0000000005859a90 code [0x0000000005859be0, 0x0000000005859d88]
Event: 3012.667 Thread 0x000000001a293000 nmethod 13906 0x000000000585bb90 code [0x000000000585bd40, 0x000000000585c748]
Event: 3012.686 Thread 0x000000001a2a1800 13907       3       org.gradle.internal.execution.history.impl.FingerprintMapSerializer::write (76 bytes)
Event: 3012.686 Thread 0x000000001a2a0000 13908       4       org.gradle.internal.fingerprint.impl.DefaultFileSystemLocationFingerprint::getType (32 bytes)
Event: 3012.686 Thread 0x000000001a2a1800 nmethod 13907 0x0000000005858b10 code [0x0000000005858d20, 0x0000000005859768]
Event: 3012.687 Thread 0x000000001a2a0000 nmethod 13908 0x0000000005654110 code [0x0000000005654260, 0x00000000056542f8]
Event: 3018.696 Thread 0x000000001a29b800 13909   !   4       java.util.concurrent.LinkedBlockingQueue::poll (134 bytes)
Event: 3018.729 Thread 0x000000001a293000 13910       4       org.gradle.launcher.daemon.server.exec.DaemonConnectionBackedEventConsumer$ForwardEvents::moreMessagesToSend (35 bytes)
Event: 3018.730 Thread 0x000000001a293000 nmethod 13910 0x000000000585b7d0 code [0x000000000585b920, 0x000000000585ba28]

GC Heap History (10 events):
Event: 12.972 GC heap before
{Heap before GC invocations=10 (full 2):
 PSYoungGen      total 181760K, used 169472K [0x00000000d5580000, 0x00000000e5f80000, 0x0000000100000000)
  eden space 169472K, 100% used [0x00000000d5580000,0x00000000dfb00000,0x00000000dfb00000)
  from space 12288K, 0% used [0x00000000dfb00000,0x00000000dfb00000,0x00000000e0700000)
  to   space 13824K, 0% used [0x00000000e5200000,0x00000000e5200000,0x00000000e5f80000)
 ParOldGen       total 102400K, used 17692K [0x0000000080000000, 0x0000000086400000, 0x00000000d5580000)
  object space 102400K, 17% used [0x0000000080000000,0x0000000081147338,0x0000000086400000)
 Metaspace       used 49859K, capacity 51570K, committed 51880K, reserved 1093632K
  class space    used 6633K, capacity 7029K, committed 7080K, reserved 1048576K
Event: 12.997 GC heap after
Heap after GC invocations=10 (full 2):
 PSYoungGen      total 253952K, used 13808K [0x00000000d5580000, 0x00000000e6a00000, 0x0000000100000000)
  eden space 240128K, 0% used [0x00000000d5580000,0x00000000d5580000,0x00000000e4000000)
  from space 13824K, 99% used [0x00000000e5200000,0x00000000e5f7c068,0x00000000e5f80000)
  to   space 18432K, 0% used [0x00000000e4000000,0x00000000e4000000,0x00000000e5200000)
 ParOldGen       total 102400K, used 24339K [0x0000000080000000, 0x0000000086400000, 0x00000000d5580000)
  object space 102400K, 23% used [0x0000000080000000,0x00000000817c4d30,0x0000000086400000)
 Metaspace       used 49859K, capacity 51570K, committed 51880K, reserved 1093632K
  class space    used 6633K, capacity 7029K, committed 7080K, reserved 1048576K
}
Event: 14.482 GC heap before
{Heap before GC invocations=11 (full 2):
 PSYoungGen      total 253952K, used 116023K [0x00000000d5580000, 0x00000000e6a00000, 0x0000000100000000)
  eden space 240128K, 42% used [0x00000000d5580000,0x00000000db951cb0,0x00000000e4000000)
  from space 13824K, 99% used [0x00000000e5200000,0x00000000e5f7c068,0x00000000e5f80000)
  to   space 18432K, 0% used [0x00000000e4000000,0x00000000e4000000,0x00000000e5200000)
 ParOldGen       total 102400K, used 24339K [0x0000000080000000, 0x0000000086400000, 0x00000000d5580000)
  object space 102400K, 23% used [0x0000000080000000,0x00000000817c4d30,0x0000000086400000)
 Metaspace       used 56944K, capacity 59099K, committed 59160K, reserved 1099776K
  class space    used 7701K, capacity 8171K, committed 8232K, reserved 1048576K
Event: 14.514 GC heap after
Heap after GC invocations=11 (full 2):
 PSYoungGen      total 258560K, used 18401K [0x00000000d5580000, 0x00000000ead00000, 0x0000000100000000)
  eden space 240128K, 0% used [0x00000000d5580000,0x00000000d5580000,0x00000000e4000000)
  from space 18432K, 99% used [0x00000000e4000000,0x00000000e51f8760,0x00000000e5200000)
  to   space 22528K, 0% used [0x00000000e9700000,0x00000000e9700000,0x00000000ead00000)
 ParOldGen       total 102400K, used 27765K [0x0000000080000000, 0x0000000086400000, 0x00000000d5580000)
  object space 102400K, 27% used [0x0000000080000000,0x0000000081b1d768,0x0000000086400000)
 Metaspace       used 56944K, capacity 59099K, committed 59160K, reserved 1099776K
  class space    used 7701K, capacity 8171K, committed 8232K, reserved 1048576K
}
Event: 14.514 GC heap before
{Heap before GC invocations=12 (full 3):
 PSYoungGen      total 258560K, used 18401K [0x00000000d5580000, 0x00000000ead00000, 0x0000000100000000)
  eden space 240128K, 0% used [0x00000000d5580000,0x00000000d5580000,0x00000000e4000000)
  from space 18432K, 99% used [0x00000000e4000000,0x00000000e51f8760,0x00000000e5200000)
  to   space 22528K, 0% used [0x00000000e9700000,0x00000000e9700000,0x00000000ead00000)
 ParOldGen       total 102400K, used 27765K [0x0000000080000000, 0x0000000086400000, 0x00000000d5580000)
  object space 102400K, 27% used [0x0000000080000000,0x0000000081b1d768,0x0000000086400000)
 Metaspace       used 56944K, capacity 59099K, committed 59160K, reserved 1099776K
  class space    used 7701K, capacity 8171K, committed 8232K, reserved 1048576K
Event: 14.705 GC heap after
Heap after GC invocations=12 (full 3):
 PSYoungGen      total 258560K, used 0K [0x00000000d5580000, 0x00000000ead00000, 0x0000000100000000)
  eden space 240128K, 0% used [0x00000000d5580000,0x00000000d5580000,0x00000000e4000000)
  from space 18432K, 0% used [0x00000000e4000000,0x00000000e4000000,0x00000000e5200000)
  to   space 22528K, 0% used [0x00000000e9700000,0x00000000e9700000,0x00000000ead00000)
 ParOldGen       total 147968K, used 34254K [0x0000000080000000, 0x0000000089080000, 0x00000000d5580000)
  object space 147968K, 23% used [0x0000000080000000,0x00000000821738a8,0x0000000089080000)
 Metaspace       used 56916K, capacity 59003K, committed 59160K, reserved 1099776K
  class space    used 7693K, capacity 8155K, committed 8232K, reserved 1048576K
}
Event: 18.376 GC heap before
{Heap before GC invocations=13 (full 3):
 PSYoungGen      total 258560K, used 240128K [0x00000000d5580000, 0x00000000ead00000, 0x0000000100000000)
  eden space 240128K, 100% used [0x00000000d5580000,0x00000000e4000000,0x00000000e4000000)
  from space 18432K, 0% used [0x00000000e4000000,0x00000000e4000000,0x00000000e5200000)
  to   space 22528K, 0% used [0x00000000e9700000,0x00000000e9700000,0x00000000ead00000)
 ParOldGen       total 147968K, used 34254K [0x0000000080000000, 0x0000000089080000, 0x00000000d5580000)
  object space 147968K, 23% used [0x0000000080000000,0x00000000821738a8,0x0000000089080000)
 Metaspace       used 65989K, capacity 69623K, committed 69784K, reserved 1110016K
  class space    used 9105K, capacity 9831K, committed 9896K, reserved 1048576K
Event: 18.479 GC heap after
Heap after GC invocations=13 (full 3):
 PSYoungGen      total 328192K, used 17614K [0x00000000d5580000, 0x00000000eb400000, 0x0000000100000000)
  eden space 305664K, 0% used [0x00000000d5580000,0x00000000d5580000,0x00000000e8000000)
  from space 22528K, 78% used [0x00000000e9700000,0x00000000ea833a58,0x00000000ead00000)
  to   space 23552K, 0% used [0x00000000e8000000,0x00000000e8000000,0x00000000e9700000)
 ParOldGen       total 147968K, used 34262K [0x0000000080000000, 0x0000000089080000, 0x00000000d5580000)
  object space 147968K, 23% used [0x0000000080000000,0x00000000821758a8,0x0000000089080000)
 Metaspace       used 65989K, capacity 69623K, committed 69784K, reserved 1110016K
  class space    used 9105K, capacity 9831K, committed 9896K, reserved 1048576K
}
Event: 113.268 GC heap before
{Heap before GC invocations=14 (full 3):
 PSYoungGen      total 328192K, used 323278K [0x00000000d5580000, 0x00000000eb400000, 0x0000000100000000)
  eden space 305664K, 100% used [0x00000000d5580000,0x00000000e8000000,0x00000000e8000000)
  from space 22528K, 78% used [0x00000000e9700000,0x00000000ea833a58,0x00000000ead00000)
  to   space 23552K, 0% used [0x00000000e8000000,0x00000000e8000000,0x00000000e9700000)
 ParOldGen       total 147968K, used 34262K [0x0000000080000000, 0x0000000089080000, 0x00000000d5580000)
  object space 147968K, 23% used [0x0000000080000000,0x00000000821758a8,0x0000000089080000)
 Metaspace       used 87910K, capacity 92905K, committed 93208K, reserved 1130496K
  class space    used 12093K, capacity 13004K, committed 13096K, reserved 1048576K
Event: 113.367 GC heap after
Heap after GC invocations=14 (full 3):
 PSYoungGen      total 329216K, used 23538K [0x00000000d5580000, 0x00000000f0c80000, 0x0000000100000000)
  eden space 305664K, 0% used [0x00000000d5580000,0x00000000d5580000,0x00000000e8000000)
  from space 23552K, 99% used [0x00000000e8000000,0x00000000e96fcbe8,0x00000000e9700000)
  to   space 32768K, 0% used [0x00000000eec80000,0x00000000eec80000,0x00000000f0c80000)
 ParOldGen       total 147968K, used 50380K [0x0000000080000000, 0x0000000089080000, 0x00000000d5580000)
  object space 147968K, 34% used [0x0000000080000000,0x0000000083133008,0x0000000089080000)
 Metaspace       used 87910K, capacity 92905K, committed 93208K, reserved 1130496K
  class space    used 12093K, capacity 13004K, committed 13096K, reserved 1048576K
}

Deoptimization events (10 events):
Event: 119.527 Thread 0x000000001f400800 Uncommon trap: reason=class_check action=maybe_recompile pc=0x000000000508e244 method=org.gradle.internal.logging.sink.OutputEventTransformer.onOutput(Lorg/gradle/internal/logging/events/OutputEvent;)V @ 328
Event: 329.297 Thread 0x000000001f3d2000 Uncommon trap: reason=class_check action=maybe_recompile pc=0x0000000003ab9a30 method=java.lang.ThreadLocal.set(Ljava/lang/Object;)V @ 26
Event: 418.202 Thread 0x000000001f3d3800 Uncommon trap: reason=class_check action=maybe_recompile pc=0x0000000003ab9a30 method=java.lang.ThreadLocal.set(Ljava/lang/Object;)V @ 26
Event: 629.298 Thread 0x000000001f3d0800 Uncommon trap: reason=class_check action=maybe_recompile pc=0x0000000003ab9a30 method=java.lang.ThreadLocal.set(Ljava/lang/Object;)V @ 26
Event: 3008.757 Thread 0x000000001f3d1000 Uncommon trap: reason=unstable_if action=reinterpret pc=0x0000000004f1412c method=org.gradle.tooling.internal.provider.runner.SubtreeFilteringBuildOperationListener.started(Lorg/gradle/internal/operations/BuildOperationDescriptor;Lorg/gradle/internal/oper
Event: 3008.757 Thread 0x000000001f3d1000 Uncommon trap: reason=unstable_if action=reinterpret pc=0x000000000542e764 method=org.gradle.internal.logging.sink.OutputEventTransformer.onOutput(Lorg/gradle/internal/logging/events/OutputEvent;)V @ 84
Event: 3009.798 Thread 0x000000001f3d1000 Uncommon trap: reason=null_check action=make_not_entrant pc=0x00000000050b23cc method=org.gradle.api.internal.collections.CollectionFilter.filter(Ljava/lang/Object;)Ljava/lang/Object; @ 5
Event: 3011.360 Thread 0x000000001f3d1000 Uncommon trap: reason=array_check action=maybe_recompile pc=0x0000000004436c88 method=java.util.TimSort.reverseRange([Ljava/lang/Object;II)V @ 27
Event: 3011.631 Thread 0x000000001f3d1000 Uncommon trap: reason=bimorphic action=maybe_recompile pc=0x00000000048ea8c0 method=com.sun.org.apache.xerces.internal.dom.CoreDocumentImpl.isKidOK(Lorg/w3c/dom/Node;Lorg/w3c/dom/Node;)Z @ 39
Event: 3011.695 Thread 0x0000000020426000 Uncommon trap: reason=array_check action=maybe_recompile pc=0x0000000004436c88 method=java.util.TimSort.reverseRange([Ljava/lang/Object;II)V @ 27

Classes redefined (0 events):
No events

Internal exceptions (10 events):
Event: 119.390 Thread 0x000000002041d000 Exception <a 'sun/nio/fs/WindowsException'> (0x00000000dd0e0720) thrown at [C:\src\AOSP-openjdk-git\hotspot\src\share\vm\prims\jni.cpp, line 710]
Event: 119.390 Thread 0x000000002041d000 Exception <a 'sun/nio/fs/WindowsException'> (0x00000000dd0e13f8) thrown at [C:\src\AOSP-openjdk-git\hotspot\src\share\vm\prims\jni.cpp, line 710]
Event: 119.390 Thread 0x000000002041d000 Exception <a 'sun/nio/fs/WindowsException'> (0x00000000dd0e2140) thrown at [C:\src\AOSP-openjdk-git\hotspot\src\share\vm\prims\jni.cpp, line 710]
Event: 119.390 Thread 0x000000002041d000 Exception <a 'sun/nio/fs/WindowsException'> (0x00000000dd0e3f98) thrown at [C:\src\AOSP-openjdk-git\hotspot\src\share\vm\prims\jni.cpp, line 710]
Event: 119.390 Thread 0x000000002041d000 Exception <a 'sun/nio/fs/WindowsException'> (0x00000000dd0e4c80) thrown at [C:\src\AOSP-openjdk-git\hotspot\src\share\vm\prims\jni.cpp, line 710]
Event: 119.390 Thread 0x000000002041d000 Exception <a 'sun/nio/fs/WindowsException'> (0x00000000dd0e59d8) thrown at [C:\src\AOSP-openjdk-git\hotspot\src\share\vm\prims\jni.cpp, line 710]
Event: 119.517 Thread 0x000000001f400800 Exception <a 'sun/nio/fs/WindowsException'> (0x00000000dd811188) thrown at [C:\src\AOSP-openjdk-git\hotspot\src\share\vm\prims\jni.cpp, line 710]
Event: 3008.757 Thread 0x000000001f3d1000 Implicit null exception at 0x0000000004f137be to 0x0000000004f1410f
Event: 3008.757 Thread 0x000000001f3d1000 Implicit null exception at 0x000000000542bc4a to 0x000000000542e755
Event: 3009.798 Thread 0x000000001f3d1000 Implicit null exception at 0x00000000050b226a to 0x00000000050b23b9

Events (10 events):
Event: 3011.749 Thread 0x000000001a293000 flushing nmethod 0x000000000499ca90
Event: 3011.751 Thread 0x000000001f418800 Thread added: 0x000000001f418800
Event: 3011.751 Thread 0x000000001f412000 Thread added: 0x000000001f412000
Event: 3011.751 Thread 0x000000001a2a0000 flushing nmethod 0x0000000004b7f1d0
Event: 3011.753 Thread 0x000000001a2a1800 flushing nmethod 0x0000000004eb9310
Event: 3011.753 Thread 0x000000001a2a1800 flushing nmethod 0x0000000004f052d0
Event: 3011.757 Thread 0x000000001a2a1800 flushing nmethod 0x0000000005221550
Event: 3012.641 Thread 0x000000001f419800 Thread added: 0x000000001f419800
Event: 3012.648 Executing VM operation: RevokeBias
Event: 3012.649 Executing VM operation: RevokeBias done


Dynamic libraries:
0x00007ff63cc50000 - 0x00007ff63cc81000 	C:\Program Files\Android\Android Studio\jre\bin\java.exe
0x00007ffe51c20000 - 0x00007ffe51e10000 	C:\WINDOWS\SYSTEM32\ntdll.dll
0x00007ffe4fde0000 - 0x00007ffe4fe92000 	C:\WINDOWS\System32\KERNEL32.DLL
0x00007ffe4eba0000 - 0x00007ffe4ee44000 	C:\WINDOWS\System32\KERNELBASE.dll
0x00007ffe4fcd0000 - 0x00007ffe4fd73000 	C:\WINDOWS\System32\ADVAPI32.dll
0x00007ffe50df0000 - 0x00007ffe50e8e000 	C:\WINDOWS\System32\msvcrt.dll
0x00007ffe4ff80000 - 0x00007ffe50017000 	C:\WINDOWS\System32\sechost.dll
0x00007ffe50ae0000 - 0x00007ffe50c00000 	C:\WINDOWS\System32\RPCRT4.dll
0x00007ffe50940000 - 0x00007ffe50ad4000 	C:\WINDOWS\System32\USER32.dll
0x00007ffe4f9b0000 - 0x00007ffe4f9d1000 	C:\WINDOWS\System32\win32u.dll
0x00007ffe50c60000 - 0x00007ffe50c86000 	C:\WINDOWS\System32\GDI32.dll
0x00007ffe4f810000 - 0x00007ffe4f9a6000 	C:\WINDOWS\System32\gdi32full.dll
0x00007ffe4f6f0000 - 0x00007ffe4f78e000 	C:\WINDOWS\System32\msvcp_win.dll
0x00007ffe4fbb0000 - 0x00007ffe4fcaa000 	C:\WINDOWS\System32\ucrtbase.dll
0x00007ffe39f90000 - 0x00007ffe3a214000 	C:\WINDOWS\WinSxS\amd64_microsoft.windows.common-controls_6595b64144ccf1df_6.0.18362.959_none_e6c7bbbf130c62bb\COMCTL32.dll
0x00007ffe50600000 - 0x00007ffe50935000 	C:\WINDOWS\System32\combase.dll
0x00007ffe4f790000 - 0x00007ffe4f810000 	C:\WINDOWS\System32\bcryptPrimitives.dll
0x00007ffe50160000 - 0x00007ffe5018e000 	C:\WINDOWS\System32\IMM32.DLL
0x00000000686c0000 - 0x0000000068792000 	C:\Program Files\Android\Android Studio\jre\jre\bin\msvcr100.dll
0x00000000687a0000 - 0x0000000068feb000 	C:\Program Files\Android\Android Studio\jre\jre\bin\server\jvm.dll
0x00007ffe51650000 - 0x00007ffe51658000 	C:\WINDOWS\System32\PSAPI.DLL
0x00007ffe443c0000 - 0x00007ffe443e4000 	C:\WINDOWS\SYSTEM32\WINMM.dll
0x00007ffe46df0000 - 0x00007ffe46df9000 	C:\WINDOWS\SYSTEM32\WSOCK32.dll
0x00007ffe46940000 - 0x00007ffe4694a000 	C:\WINDOWS\SYSTEM32\VERSION.dll
0x00007ffe50ef0000 - 0x00007ffe50f5f000 	C:\WINDOWS\System32\WS2_32.dll
0x00007ffe44100000 - 0x00007ffe4412d000 	C:\WINDOWS\SYSTEM32\WINMMBASE.dll
0x00007ffe4f9e0000 - 0x00007ffe4fa2a000 	C:\WINDOWS\System32\cfgmgr32.dll
0x00007ffe48790000 - 0x00007ffe4879f000 	C:\Program Files\Android\Android Studio\jre\jre\bin\verify.dll
0x00007ffe2bdc0000 - 0x00007ffe2bde9000 	C:\Program Files\Android\Android Studio\jre\jre\bin\java.dll
0x00007ffe42e80000 - 0x00007ffe42e96000 	C:\Program Files\Android\Android Studio\jre\jre\bin\zip.dll
0x00007ffe50f60000 - 0x00007ffe51646000 	C:\WINDOWS\System32\SHELL32.dll
0x00007ffe51b30000 - 0x00007ffe51bd9000 	C:\WINDOWS\System32\shcore.dll
0x00007ffe4ef60000 - 0x00007ffe4f6e2000 	C:\WINDOWS\System32\windows.storage.dll
0x00007ffe4eb00000 - 0x00007ffe4eb23000 	C:\WINDOWS\System32\profapi.dll
0x00007ffe4eb50000 - 0x00007ffe4eb9a000 	C:\WINDOWS\System32\powrprof.dll
0x00007ffe4ead0000 - 0x00007ffe4eae0000 	C:\WINDOWS\System32\UMPDC.dll
0x00007ffe50c00000 - 0x00007ffe50c52000 	C:\WINDOWS\System32\shlwapi.dll
0x00007ffe4eae0000 - 0x00007ffe4eaf1000 	C:\WINDOWS\System32\kernel.appcore.dll
0x00007ffe4fcb0000 - 0x00007ffe4fcc7000 	C:\WINDOWS\System32\cryptsp.dll
0x00007ffe3aad0000 - 0x00007ffe3aaea000 	C:\Program Files\Android\Android Studio\jre\jre\bin\net.dll
0x00007ffe4e2e0000 - 0x00007ffe4e347000 	C:\WINDOWS\system32\mswsock.dll
0x00007ffe2f540000 - 0x00007ffe2f553000 	C:\Program Files\Android\Android Studio\jre\jre\bin\nio.dll
0x00007ffe428b0000 - 0x00007ffe428d6000 	C:\Users\Asus\.gradle\native\31\windows-amd64\native-platform.dll
0x00007ffe42890000 - 0x00007ffe4289d000 	C:\Program Files\Android\Android Studio\jre\jre\bin\management.dll
0x00007ffe4de50000 - 0x00007ffe4de83000 	C:\WINDOWS\system32\rsaenh.dll
0x00007ffe4fa30000 - 0x00007ffe4fa56000 	C:\WINDOWS\System32\bcrypt.dll
0x00007ffe4e9c0000 - 0x00007ffe4e9e5000 	C:\WINDOWS\SYSTEM32\USERENV.dll
0x00007ffe4e4b0000 - 0x00007ffe4e4bc000 	C:\WINDOWS\SYSTEM32\CRYPTBASE.dll
0x00007ffe4dff0000 - 0x00007ffe4e02a000 	C:\WINDOWS\SYSTEM32\IPHLPAPI.DLL
0x00007ffe4fea0000 - 0x00007ffe4fea8000 	C:\WINDOWS\System32\NSI.dll
0x00007ffe479a0000 - 0x00007ffe479b6000 	C:\WINDOWS\SYSTEM32\dhcpcsvc6.DLL
0x00007ffe47980000 - 0x00007ffe4799c000 	C:\WINDOWS\SYSTEM32\dhcpcsvc.DLL
0x00007ffe4e080000 - 0x00007ffe4e14b000 	C:\WINDOWS\SYSTEM32\DNSAPI.dll
0x00007ffe41660000 - 0x00007ffe4167e000 	C:\Users\Asus\AppData\Local\Temp\native-platform5722362909394704414dir\native-platform.dll

VM Arguments:
jvm_args: -Xmx2048m -Dfile.encoding=windows-1252 -Duser.country=EC -Duser.language=es -Duser.variant 
java_command: org.gradle.launcher.daemon.bootstrap.GradleDaemon 6.1.1
java_class_path (initial): C:\Users\Asus\.gradle\wrapper\dists\gradle-6.1.1-all\cfmwm155h49vnt3hynmlrsdst\gradle-6.1.1\lib\gradle-launcher-6.1.1.jar
Launcher Type: SUN_STANDARD

Environment Variables:
JAVA_HOME=C:\Program Files\Java\jdk1.8.0_111
USERNAME=Asus
OS=Windows_NT
PROCESSOR_IDENTIFIER=Intel64 Family 6 Model 142 Stepping 10, GenuineIntel



---------------  S Y S T E M  ---------------

OS: Windows 10.0 , 64 bit Build 18362 (10.0.18362.959)

CPU:total 8 (initial active 8) (4 cores per cpu, 2 threads per core) family 6 model 142 stepping 10, cmov, cx8, fxsr, mmx, sse, sse2, sse3, ssse3, sse4.1, sse4.2, popcnt, avx, avx2, aes, clmul, erms, 3dnowpref, lzcnt, ht, tsc, tscinvbit, bmi1, bmi2, adx

Memory: 4k page, physical 10906788k(1335540k free), swap 44461220k(96k free)

vm_info: OpenJDK 64-Bit Server VM (25.242-b01) for windows-amd64 JRE (1.8.0_242-release-1644-b01), built by "builder" with MS VC++ 10.0 (VS2010)

time: Wed Jul 29 11:29:32 2020
timezone: Hora est. Pacífico, Sudamérica
elapsed time: 3018 seconds (0d 0h 50m 18s)

